#! /c/Source/iverilog-install/bin/vvp
:ivl_version "12.0 (devel)" "(s20150603-1110-g18392a46)";
:ivl_delay_selection "TYPICAL";
:vpi_time_precision + 0;
:vpi_module "C:\iverilog\lib\ivl\system.vpi";
:vpi_module "C:\iverilog\lib\ivl\vhdl_sys.vpi";
:vpi_module "C:\iverilog\lib\ivl\vhdl_textio.vpi";
:vpi_module "C:\iverilog\lib\ivl\v2005_math.vpi";
:vpi_module "C:\iverilog\lib\ivl\va_math.vpi";
S_00000262d4ec25a0 .scope module, "det_1001" "det_1001" 2 8;
 .timescale 0 0;
    .port_info 0 /INPUT 1 "clk";
    .port_info 1 /INPUT 1 "rst";
    .port_info 2 /INPUT 1 "d";
    .port_info 3 /OUTPUT 1 "q";
    .port_info 4 /OUTPUT 2 "num";
P_00000262d4ec2730 .param/l "s0" 0 2 17, C4<000>;
P_00000262d4ec2768 .param/l "s1" 0 2 18, C4<001>;
P_00000262d4ec27a0 .param/l "s2" 0 2 19, C4<010>;
P_00000262d4ec27d8 .param/l "s3" 0 2 20, C4<011>;
P_00000262d4ec2810 .param/l "s4" 0 2 21, C4<100>;
o00000262d4ef9fb8 .functor BUFZ 1, C4<z>; HiZ drive
v00000262d4ec2850_0 .net "clk", 0 0, o00000262d4ef9fb8;  0 drivers
o00000262d4ef9fe8 .functor BUFZ 1, C4<z>; HiZ drive
v00000262d4ec28f0_0 .net "d", 0 0, o00000262d4ef9fe8;  0 drivers
v00000262d4f3c820_0 .var "num", 1 0;
v00000262d4f3c8c0_0 .var "q", 0 0;
o00000262d4efa078 .functor BUFZ 1, C4<z>; HiZ drive
v00000262d4f3c960_0 .net "rst", 0 0, o00000262d4efa078;  0 drivers
v00000262d4f3ca00_0 .var "st", 2 0;
v00000262d4f3caa0_0 .var "st_ns", 2 0;
E_00000262d4ef7150 .event anyedge, v00000262d4f3ca00_0;
E_00000262d4ef7e50 .event anyedge, v00000262d4ec28f0_0, v00000262d4f3ca00_0;
E_00000262d4ef7850 .event posedge, v00000262d4f3c960_0, v00000262d4ec2850_0;
    .scope S_00000262d4ec25a0;
T_0 ;
    %wait E_00000262d4ef7850;
    %load/vec4 v00000262d4f3c960_0;
    %flag_set/vec4 8;
    %jmp/0xz  T_0.0, 8;
    %pushi/vec4 0, 0, 3;
    %assign/vec4 v00000262d4f3ca00_0, 0;
    %jmp T_0.1;
T_0.0 ;
    %load/vec4 v00000262d4f3caa0_0;
    %assign/vec4 v00000262d4f3ca00_0, 0;
T_0.1 ;
    %jmp T_0;
    .thread T_0;
    .scope S_00000262d4ec25a0;
T_1 ;
    %wait E_00000262d4ef7e50;
    %load/vec4 v00000262d4f3ca00_0;
    %dup/vec4;
    %pushi/vec4 0, 0, 3;
    %cmp/u;
    %jmp/1 T_1.0, 6;
    %dup/vec4;
    %pushi/vec4 1, 0, 3;
    %cmp/u;
    %jmp/1 T_1.1, 6;
    %dup/vec4;
    %pushi/vec4 2, 0, 3;
    %cmp/u;
    %jmp/1 T_1.2, 6;
    %dup/vec4;
    %pushi/vec4 3, 0, 3;
    %cmp/u;
    %jmp/1 T_1.3, 6;
    %dup/vec4;
    %pushi/vec4 4, 0, 3;
    %cmp/u;
    %jmp/1 T_1.4, 6;
    %jmp T_1.5;
T_1.0 ;
    %load/vec4 v00000262d4ec28f0_0;
    %flag_set/vec4 8;
    %jmp/0 T_1.6, 8;
    %pushi/vec4 1, 0, 3;
    %jmp/1 T_1.7, 8;
T_1.6 ; End of true expr.
    %pushi/vec4 0, 0, 3;
    %jmp/0 T_1.7, 8;
 ; End of false expr.
    %blend;
T_1.7;
    %store/vec4 v00000262d4f3caa0_0, 0, 3;
    %jmp T_1.5;
T_1.1 ;
    %load/vec4 v00000262d4ec28f0_0;
    %flag_set/vec4 8;
    %jmp/0 T_1.8, 8;
    %pushi/vec4 1, 0, 3;
    %jmp/1 T_1.9, 8;
T_1.8 ; End of true expr.
    %pushi/vec4 2, 0, 3;
    %jmp/0 T_1.9, 8;
 ; End of false expr.
    %blend;
T_1.9;
    %store/vec4 v00000262d4f3caa0_0, 0, 3;
    %jmp T_1.5;
T_1.2 ;
    %load/vec4 v00000262d4ec28f0_0;
    %flag_set/vec4 8;
    %jmp/0 T_1.10, 8;
    %pushi/vec4 1, 0, 3;
    %jmp/1 T_1.11, 8;
T_1.10 ; End of true expr.
    %pushi/vec4 3, 0, 3;
    %jmp/0 T_1.11, 8;
 ; End of false expr.
    %blend;
T_1.11;
    %store/vec4 v00000262d4f3caa0_0, 0, 3;
    %jmp T_1.5;
T_1.3 ;
    %load/vec4 v00000262d4ec28f0_0;
    %flag_set/vec4 8;
    %jmp/0 T_1.12, 8;
    %pushi/vec4 4, 0, 3;
    %jmp/1 T_1.13, 8;
T_1.12 ; End of true expr.
    %pushi/vec4 0, 0, 3;
    %jmp/0 T_1.13, 8;
 ; End of false expr.
    %blend;
T_1.13;
    %store/vec4 v00000262d4f3caa0_0, 0, 3;
    %jmp T_1.5;
T_1.4 ;
    %load/vec4 v00000262d4ec28f0_0;
    %flag_set/vec4 8;
    %jmp/0 T_1.14, 8;
    %pushi/vec4 1, 0, 3;
    %jmp/1 T_1.15, 8;
T_1.14 ; End of true expr.
    %pushi/vec4 2, 0, 3;
    %jmp/0 T_1.15, 8;
 ; End of false expr.
    %blend;
T_1.15;
    %store/vec4 v00000262d4f3caa0_0, 0, 3;
    %jmp T_1.5;
T_1.5 ;
    %pop/vec4 1;
    %jmp T_1;
    .thread T_1, $push;
    .scope S_00000262d4ec25a0;
T_2 ;
    %wait E_00000262d4ef7150;
    %load/vec4 v00000262d4f3ca00_0;
    %dup/vec4;
    %pushi/vec4 0, 0, 3;
    %cmp/u;
    %jmp/1 T_2.0, 6;
    %dup/vec4;
    %pushi/vec4 1, 0, 3;
    %cmp/u;
    %jmp/1 T_2.1, 6;
    %dup/vec4;
    %pushi/vec4 2, 0, 3;
    %cmp/u;
    %jmp/1 T_2.2, 6;
    %dup/vec4;
    %pushi/vec4 3, 0, 3;
    %cmp/u;
    %jmp/1 T_2.3, 6;
    %dup/vec4;
    %pushi/vec4 4, 0, 3;
    %cmp/u;
    %jmp/1 T_2.4, 6;
    %jmp T_2.5;
T_2.0 ;
    %pushi/vec4 0, 0, 1;
    %store/vec4 v00000262d4f3c8c0_0, 0, 1;
    %jmp T_2.5;
T_2.1 ;
    %pushi/vec4 0, 0, 1;
    %store/vec4 v00000262d4f3c8c0_0, 0, 1;
    %jmp T_2.5;
T_2.2 ;
    %pushi/vec4 0, 0, 1;
    %store/vec4 v00000262d4f3c8c0_0, 0, 1;
    %jmp T_2.5;
T_2.3 ;
    %pushi/vec4 0, 0, 1;
    %store/vec4 v00000262d4f3c8c0_0, 0, 1;
    %jmp T_2.5;
T_2.4 ;
    %pushi/vec4 1, 0, 1;
    %store/vec4 v00000262d4f3c8c0_0, 0, 1;
    %jmp T_2.5;
T_2.5 ;
    %pop/vec4 1;
    %load/vec4 v00000262d4f3ca00_0;
    %cmpi/e 4, 0, 3;
    %jmp/0xz  T_2.6, 4;
    %pushi/vec4 2, 0, 2;
    %store/vec4 v00000262d4f3c820_0, 0, 2;
T_2.6 ;
    %jmp T_2;
    .thread T_2, $push;
# The file index is used to find the file name in the following table.
:file_names 3;
    "N/A";
    "<interactive>";
    ".\det_1001.v";
