#! /c/Source/iverilog-install/bin/vvp
:ivl_version "12.0 (devel)" "(s20150603-1110-g18392a46)";
:ivl_delay_selection "TYPICAL";
:vpi_time_precision + 0;
:vpi_module "C:\iverilog\lib\ivl\system.vpi";
:vpi_module "C:\iverilog\lib\ivl\vhdl_sys.vpi";
:vpi_module "C:\iverilog\lib\ivl\vhdl_textio.vpi";
:vpi_module "C:\iverilog\lib\ivl\v2005_math.vpi";
:vpi_module "C:\iverilog\lib\ivl\va_math.vpi";
S_000001a5f38c25a0 .scope module, "BP" "BP" 2 1;
 .timescale 0 0;
    .port_info 0 /INPUT 1 "clk";
    .port_info 1 /INPUT 1 "rst";
    .port_info 2 /INPUT 1 "taken";
    .port_info 3 /OUTPUT 1 "p_taken";
P_000001a5f38c2730 .param/l "s0" 0 2 11, C4<00>;
P_000001a5f38c2768 .param/l "s1" 0 2 12, C4<01>;
P_000001a5f38c27a0 .param/l "s2" 0 2 13, C4<10>;
P_000001a5f38c27d8 .param/l "s3" 0 2 14, C4<11>;
o000001a5f38f6fa8 .functor BUFZ 1, C4<z>; HiZ drive
v000001a5f38c2820_0 .net "clk", 0 0, o000001a5f38f6fa8;  0 drivers
v000001a5f38c28c0_0 .var "p_taken", 0 0;
o000001a5f38f7008 .functor BUFZ 1, C4<z>; HiZ drive
v000001a5f383ad70_0 .net "rst", 0 0, o000001a5f38f7008;  0 drivers
v000001a5f383ae10_0 .var "st", 1 0;
v000001a5f383aeb0_0 .var "st_ns", 1 0;
o000001a5f38f7098 .functor BUFZ 1, C4<z>; HiZ drive
v000001a5f38f39e0_0 .net "taken", 0 0, o000001a5f38f7098;  0 drivers
E_000001a5f383b7b0 .event anyedge, v000001a5f383ae10_0;
E_000001a5f383bc70 .event anyedge, v000001a5f38f39e0_0, v000001a5f383ae10_0;
E_000001a5f383bd70 .event posedge, v000001a5f383ad70_0, v000001a5f38c2820_0;
    .scope S_000001a5f38c25a0;
T_0 ;
    %wait E_000001a5f383bd70;
    %load/vec4 v000001a5f383ad70_0;
    %flag_set/vec4 8;
    %jmp/0xz  T_0.0, 8;
    %pushi/vec4 0, 0, 2;
    %assign/vec4 v000001a5f383ae10_0, 0;
    %jmp T_0.1;
T_0.0 ;
    %load/vec4 v000001a5f383aeb0_0;
    %assign/vec4 v000001a5f383ae10_0, 0;
T_0.1 ;
    %jmp T_0;
    .thread T_0;
    .scope S_000001a5f38c25a0;
T_1 ;
    %wait E_000001a5f383bc70;
    %load/vec4 v000001a5f383ae10_0;
    %dup/vec4;
    %pushi/vec4 0, 0, 2;
    %cmp/u;
    %jmp/1 T_1.0, 6;
    %dup/vec4;
    %pushi/vec4 1, 0, 2;
    %cmp/u;
    %jmp/1 T_1.1, 6;
    %dup/vec4;
    %pushi/vec4 2, 0, 2;
    %cmp/u;
    %jmp/1 T_1.2, 6;
    %dup/vec4;
    %pushi/vec4 3, 0, 2;
    %cmp/u;
    %jmp/1 T_1.3, 6;
    %jmp T_1.4;
T_1.0 ;
    %load/vec4 v000001a5f38f39e0_0;
    %flag_set/vec4 8;
    %jmp/0 T_1.5, 8;
    %pushi/vec4 0, 0, 2;
    %jmp/1 T_1.6, 8;
T_1.5 ; End of true expr.
    %pushi/vec4 1, 0, 2;
    %jmp/0 T_1.6, 8;
 ; End of false expr.
    %blend;
T_1.6;
    %store/vec4 v000001a5f383aeb0_0, 0, 2;
    %jmp T_1.4;
T_1.1 ;
    %load/vec4 v000001a5f38f39e0_0;
    %flag_set/vec4 8;
    %jmp/0 T_1.7, 8;
    %pushi/vec4 0, 0, 2;
    %jmp/1 T_1.8, 8;
T_1.7 ; End of true expr.
    %pushi/vec4 2, 0, 2;
    %jmp/0 T_1.8, 8;
 ; End of false expr.
    %blend;
T_1.8;
    %store/vec4 v000001a5f383aeb0_0, 0, 2;
    %jmp T_1.4;
T_1.2 ;
    %load/vec4 v000001a5f38f39e0_0;
    %flag_set/vec4 8;
    %jmp/0 T_1.9, 8;
    %pushi/vec4 3, 0, 2;
    %jmp/1 T_1.10, 8;
T_1.9 ; End of true expr.
    %pushi/vec4 2, 0, 2;
    %jmp/0 T_1.10, 8;
 ; End of false expr.
    %blend;
T_1.10;
    %store/vec4 v000001a5f383aeb0_0, 0, 2;
    %jmp T_1.4;
T_1.3 ;
    %load/vec4 v000001a5f38f39e0_0;
    %flag_set/vec4 8;
    %jmp/0 T_1.11, 8;
    %pushi/vec4 0, 0, 2;
    %jmp/1 T_1.12, 8;
T_1.11 ; End of true expr.
    %pushi/vec4 2, 0, 2;
    %jmp/0 T_1.12, 8;
 ; End of false expr.
    %blend;
T_1.12;
    %store/vec4 v000001a5f383aeb0_0, 0, 2;
    %jmp T_1.4;
T_1.4 ;
    %pop/vec4 1;
    %jmp T_1;
    .thread T_1, $push;
    .scope S_000001a5f38c25a0;
T_2 ;
    %wait E_000001a5f383b7b0;
    %load/vec4 v000001a5f383ae10_0;
    %dup/vec4;
    %pushi/vec4 0, 0, 2;
    %cmp/u;
    %jmp/1 T_2.0, 6;
    %dup/vec4;
    %pushi/vec4 1, 0, 2;
    %cmp/u;
    %jmp/1 T_2.1, 6;
    %dup/vec4;
    %pushi/vec4 2, 0, 2;
    %cmp/u;
    %jmp/1 T_2.2, 6;
    %dup/vec4;
    %pushi/vec4 3, 0, 2;
    %cmp/u;
    %jmp/1 T_2.3, 6;
    %jmp T_2.4;
T_2.0 ;
    %pushi/vec4 1, 0, 1;
    %store/vec4 v000001a5f38c28c0_0, 0, 1;
    %jmp T_2.4;
T_2.1 ;
    %pushi/vec4 1, 0, 1;
    %store/vec4 v000001a5f38c28c0_0, 0, 1;
    %jmp T_2.4;
T_2.2 ;
    %pushi/vec4 0, 0, 1;
    %store/vec4 v000001a5f38c28c0_0, 0, 1;
    %jmp T_2.4;
T_2.3 ;
    %pushi/vec4 0, 0, 1;
    %store/vec4 v000001a5f38c28c0_0, 0, 1;
    %jmp T_2.4;
T_2.4 ;
    %pop/vec4 1;
    %jmp T_2;
    .thread T_2, $push;
# The file index is used to find the file name in the following table.
:file_names 3;
    "N/A";
    "<interactive>";
    ".\BP.v";
