#! /c/Source/iverilog-install/bin/vvp
:ivl_version "12.0 (devel)" "(s20150603-1110-g18392a46)";
:ivl_delay_selection "TYPICAL";
:vpi_time_precision - 11;
:vpi_module "C:\iverilog\lib\ivl\system.vpi";
:vpi_module "C:\iverilog\lib\ivl\vhdl_sys.vpi";
:vpi_module "C:\iverilog\lib\ivl\vhdl_textio.vpi";
:vpi_module "C:\iverilog\lib\ivl\v2005_math.vpi";
:vpi_module "C:\iverilog\lib\ivl\va_math.vpi";
S_000001d482366520 .scope module, "regfile_sipo" "regfile_sipo" 2 17;
 .timescale -9 -11;
    .port_info 0 /INPUT 1 "clk";
    .port_info 1 /INPUT 1 "rst";
    .port_info 2 /INPUT 1 "reg_enable";
    .port_info 3 /INPUT 1 "reg_write";
    .port_info 4 /INPUT 7 "src_addr";
    .port_info 5 /INPUT 7 "write_addr";
    .port_info 6 /INPUT 32 "write_data";
    .port_info 7 /OUTPUT 32 "src1";
    .port_info 8 /OUTPUT 32 "src2";
    .port_info 9 /OUTPUT 32 "src3";
    .port_info 10 /OUTPUT 32 "src4";
    .port_info 11 /OUTPUT 32 "src5";
v000001d482366780 .array "REG", 0 127, 31 0;
o000001d4823bcf98 .functor BUFZ 1, C4<z>; HiZ drive
v000001d482366820_0 .net "clk", 0 0, o000001d4823bcf98;  0 drivers
v000001d48236bd90_0 .var/i "i", 31 0;
o000001d4823bcff8 .functor BUFZ 1, C4<z>; HiZ drive
v000001d48236be30_0 .net "reg_enable", 0 0, o000001d4823bcff8;  0 drivers
o000001d4823bd028 .functor BUFZ 1, C4<z>; HiZ drive
v000001d48236bed0_0 .net "reg_write", 0 0, o000001d4823bd028;  0 drivers
o000001d4823bd058 .functor BUFZ 1, C4<z>; HiZ drive
v000001d4823b36b0_0 .net "rst", 0 0, o000001d4823bd058;  0 drivers
v000001d4823b3750_0 .var "src1", 31 0;
v000001d4823b37f0_0 .var "src2", 31 0;
v000001d4823b3890_0 .var "src3", 31 0;
v000001d4823b3930_0 .var "src4", 31 0;
v000001d4823b39d0_0 .var "src5", 31 0;
o000001d4823bd178 .functor BUFZ 7, C4<zzzzzzz>; HiZ drive
v000001d4823b3a70_0 .net "src_addr", 6 0, o000001d4823bd178;  0 drivers
o000001d4823bd1a8 .functor BUFZ 7, C4<zzzzzzz>; HiZ drive
v000001d4823b3b10_0 .net "write_addr", 6 0, o000001d4823bd1a8;  0 drivers
o000001d4823bd1d8 .functor BUFZ 32, C4<zzzzzzzzzzzzzzzzzzzzzzzzzzzzzzzz>; HiZ drive
v000001d4823b3bb0_0 .net "write_data", 31 0, o000001d4823bd1d8;  0 drivers
E_000001d4823bb1b0 .event posedge, v000001d4823b36b0_0, v000001d482366820_0;
    .scope S_000001d482366520;
T_0 ;
    %wait E_000001d4823bb1b0;
    %load/vec4 v000001d4823b36b0_0;
    %cmpi/e 1, 0, 1;
    %jmp/0xz  T_0.0, 4;
    %pushi/vec4 0, 0, 32;
    %store/vec4 v000001d48236bd90_0, 0, 32;
T_0.2 ;
    %load/vec4 v000001d48236bd90_0;
    %cmpi/s 128, 0, 32;
    %jmp/0xz T_0.3, 5;
    %pushi/vec4 0, 0, 32;
    %ix/getv/s 3, v000001d48236bd90_0;
    %ix/load 4, 0, 0; Constant delay
    %assign/vec4/a/d v000001d482366780, 0, 4;
    %load/vec4 v000001d48236bd90_0;
    %addi 1, 0, 32;
    %store/vec4 v000001d48236bd90_0, 0, 32;
    %jmp T_0.2;
T_0.3 ;
    %pushi/vec4 0, 0, 32;
    %assign/vec4 v000001d4823b3750_0, 0;
    %pushi/vec4 0, 0, 32;
    %assign/vec4 v000001d4823b37f0_0, 0;
    %pushi/vec4 0, 0, 32;
    %assign/vec4 v000001d4823b3890_0, 0;
    %pushi/vec4 0, 0, 32;
    %assign/vec4 v000001d4823b3930_0, 0;
    %pushi/vec4 0, 0, 32;
    %assign/vec4 v000001d4823b39d0_0, 0;
    %jmp T_0.1;
T_0.0 ;
    %load/vec4 v000001d48236be30_0;
    %cmpi/e 1, 0, 1;
    %jmp/0xz  T_0.4, 4;
    %load/vec4 v000001d48236bed0_0;
    %cmpi/e 1, 0, 1;
    %jmp/0xz  T_0.6, 4;
    %load/vec4 v000001d4823b3bb0_0;
    %load/vec4 v000001d4823b3b10_0;
    %pad/u 9;
    %ix/vec4 3;
    %ix/load 4, 0, 0; Constant delay
    %assign/vec4/a/d v000001d482366780, 0, 4;
    %jmp T_0.7;
T_0.6 ;
    %load/vec4 v000001d4823b3a70_0;
    %pad/u 9;
    %ix/vec4 4;
    %load/vec4a v000001d482366780, 4;
    %assign/vec4 v000001d4823b3750_0, 0;
    %load/vec4 v000001d4823b3a70_0;
    %pad/u 33;
    %addi 1, 0, 33;
    %ix/vec4 4;
    %load/vec4a v000001d482366780, 4;
    %assign/vec4 v000001d4823b37f0_0, 0;
    %load/vec4 v000001d4823b3a70_0;
    %pad/u 33;
    %addi 2, 0, 33;
    %ix/vec4 4;
    %load/vec4a v000001d482366780, 4;
    %assign/vec4 v000001d4823b3890_0, 0;
    %load/vec4 v000001d4823b3a70_0;
    %pad/u 33;
    %addi 3, 0, 33;
    %ix/vec4 4;
    %load/vec4a v000001d482366780, 4;
    %assign/vec4 v000001d4823b3930_0, 0;
    %load/vec4 v000001d4823b3a70_0;
    %pad/u 33;
    %addi 4, 0, 33;
    %ix/vec4 4;
    %load/vec4a v000001d482366780, 4;
    %assign/vec4 v000001d4823b39d0_0, 0;
T_0.7 ;
    %jmp T_0.5;
T_0.4 ;
    %pushi/vec4 0, 0, 32;
    %assign/vec4 v000001d4823b3750_0, 0;
    %pushi/vec4 0, 0, 32;
    %assign/vec4 v000001d4823b37f0_0, 0;
    %pushi/vec4 0, 0, 32;
    %assign/vec4 v000001d4823b3890_0, 0;
    %pushi/vec4 0, 0, 32;
    %assign/vec4 v000001d4823b3930_0, 0;
    %pushi/vec4 0, 0, 32;
    %assign/vec4 v000001d4823b39d0_0, 0;
T_0.5 ;
T_0.1 ;
    %jmp T_0;
    .thread T_0;
# The file index is used to find the file name in the following table.
:file_names 3;
    "N/A";
    "<interactive>";
    ".\regfile_sipo.v";
