#! /c/Source/iverilog-install/bin/vvp
:ivl_version "12.0 (devel)" "(s20150603-1110-g18392a46)";
:ivl_delay_selection "TYPICAL";
:vpi_time_precision + 0;
:vpi_module "C:\iverilog\lib\ivl\system.vpi";
:vpi_module "C:\iverilog\lib\ivl\vhdl_sys.vpi";
:vpi_module "C:\iverilog\lib\ivl\vhdl_textio.vpi";
:vpi_module "C:\iverilog\lib\ivl\v2005_math.vpi";
:vpi_module "C:\iverilog\lib\ivl\va_math.vpi";
S_000001f458a9b980 .scope module, "fixedpoint_s" "fixedpoint_s" 2 1;
 .timescale 0 0;
    .port_info 0 /INPUT 8 "int_in";
    .port_info 1 /OUTPUT 8 "result";
v000001f458a99be0_0 .net/s *"_ivl_2", 14 0, L_000001f458c42790;  1 drivers
v000001f458a96730_0 .net/s *"_ivl_4", 14 0, L_000001f458c42830;  1 drivers
o000001f458c49038 .functor BUFZ 8, C4<zzzzzzzz>; HiZ drive
v000001f458a9bb10_0 .net/s "int_in", 7 0, o000001f458c49038;  0 drivers
L_000001f458c95848 .functor BUFT 1, C4<10101001>, C4<0>, C4<0>, C4<0>;
v000001f458a9bbb0_0 .net/s "multi", 7 0, L_000001f458c95848;  1 drivers
v000001f458a9bc50_0 .var "result", 7 0;
v000001f458a9bcf0_0 .net/s "temp", 14 0, L_000001f458c428d0;  1 drivers
v000001f458a9bd90_0 .var "temp_2", 7 0;
E_000001f458c362b0 .event anyedge, v000001f458a9bb10_0, v000001f458a9bcf0_0, v000001f458a9bd90_0;
L_000001f458c42790 .extend/s 15, L_000001f458c95848;
L_000001f458c42830 .extend/s 15, o000001f458c49038;
L_000001f458c428d0 .arith/mult 15, L_000001f458c42790, L_000001f458c42830;
    .scope S_000001f458a9b980;
T_0 ;
    %wait E_000001f458c362b0;
    %load/vec4 v000001f458a9bb10_0;
    %parti/s 1, 7, 4;
    %cmpi/e 0, 0, 1;
    %jmp/0xz  T_0.0, 4;
    %load/vec4 v000001f458a9bcf0_0;
    %parti/s 1, 5, 4;
    %cmpi/e 1, 0, 1;
    %jmp/0xz  T_0.2, 4;
    %load/vec4 v000001f458a9bcf0_0;
    %parti/s 1, 0, 2;
    %pushi/vec4 1, 0, 1;
    %cmp/e;
    %flag_get/vec4 4;
    %load/vec4 v000001f458a9bcf0_0;
    %parti/s 1, 1, 2;
    %pushi/vec4 1, 0, 1;
    %cmp/e;
    %flag_get/vec4 4;
    %or;
    %load/vec4 v000001f458a9bcf0_0;
    %parti/s 1, 2, 3;
    %pushi/vec4 1, 0, 1;
    %cmp/e;
    %flag_get/vec4 4;
    %or;
    %load/vec4 v000001f458a9bcf0_0;
    %parti/s 1, 3, 3;
    %pushi/vec4 1, 0, 1;
    %cmp/e;
    %flag_get/vec4 4;
    %or;
    %load/vec4 v000001f458a9bcf0_0;
    %parti/s 1, 4, 4;
    %pushi/vec4 1, 0, 1;
    %cmp/e;
    %flag_get/vec4 4;
    %or;
    %flag_set/vec4 8;
    %jmp/0xz  T_0.4, 8;
    %load/vec4 v000001f458a9bcf0_0;
    %parti/s 8, 6, 4;
    %addi 1, 0, 8;
    %store/vec4 v000001f458a9bd90_0, 0, 8;
    %jmp T_0.5;
T_0.4 ;
    %load/vec4 v000001f458a9bcf0_0;
    %parti/s 8, 6, 4;
    %store/vec4 v000001f458a9bd90_0, 0, 8;
T_0.5 ;
    %jmp T_0.3;
T_0.2 ;
    %load/vec4 v000001f458a9bcf0_0;
    %parti/s 8, 6, 4;
    %store/vec4 v000001f458a9bd90_0, 0, 8;
T_0.3 ;
    %load/vec4 v000001f458a9bd90_0;
    %parti/s 1, 7, 4;
    %cmpi/e 0, 0, 1;
    %jmp/0xz  T_0.6, 4;
    %pushi/vec4 128, 0, 8;
    %store/vec4 v000001f458a9bc50_0, 0, 8;
    %jmp T_0.7;
T_0.6 ;
    %load/vec4 v000001f458a9bd90_0;
    %store/vec4 v000001f458a9bc50_0, 0, 8;
T_0.7 ;
    %jmp T_0.1;
T_0.0 ;
    %load/vec4 v000001f458a9bb10_0;
    %parti/s 1, 7, 4;
    %cmpi/e 1, 0, 1;
    %jmp/0xz  T_0.8, 4;
    %load/vec4 v000001f458a9bcf0_0;
    %parti/s 1, 5, 4;
    %cmpi/e 1, 0, 1;
    %jmp/0xz  T_0.10, 4;
    %load/vec4 v000001f458a9bcf0_0;
    %parti/s 8, 6, 4;
    %addi 1, 0, 8;
    %store/vec4 v000001f458a9bd90_0, 0, 8;
    %jmp T_0.11;
T_0.10 ;
    %load/vec4 v000001f458a9bcf0_0;
    %parti/s 8, 6, 4;
    %store/vec4 v000001f458a9bd90_0, 0, 8;
T_0.11 ;
    %load/vec4 v000001f458a9bd90_0;
    %parti/s 1, 7, 4;
    %cmpi/e 1, 0, 1;
    %jmp/0xz  T_0.12, 4;
    %pushi/vec4 127, 0, 8;
    %store/vec4 v000001f458a9bc50_0, 0, 8;
    %jmp T_0.13;
T_0.12 ;
    %load/vec4 v000001f458a9bd90_0;
    %store/vec4 v000001f458a9bc50_0, 0, 8;
T_0.13 ;
T_0.8 ;
T_0.1 ;
    %jmp T_0;
    .thread T_0, $push;
# The file index is used to find the file name in the following table.
:file_names 3;
    "N/A";
    "<interactive>";
    ".\fixedpoint_s.v";
