LatestSupportedVersion: Xcelium20.9
xmsim(64) 20.09-s007
Linux 3.10.0-957.21.3.el7.x86_64 #1 SMP Tue Jun 18 16:35:19 UTC 2019 x86_64
CPU cores: 16
Limit information:
======================================
cputime			unlimited
filesize		unlimited
datasize		unlimited
stacksize		8192 kbytes
coredumpsize	0 kbytes
memoryuse		unlimited
vmemoryuse		unlimited
descriptors		4096
memorylocked	64 kbytes
maxproc			4096
======================================
(Special)Runtime environment variables:

Runtime environment variables:
USER=vlsi22114
LOGNAME=vlsi22114
HOME=/home/user2/vlsi22/vlsi22114
PATH=/usr/local/sbin:/usr/local/bin:/usr/sbin:/usr/bin:/sbin:/bin:/usr/cad/Sigasi/eclipse:/usr/cad/Sigasi/eclipse/cur:/opt/RISCV/bin:/usr/cad/HOY/BRAINS/cur/bin:/usr/cad/mentor/Tessent/cur/bin:/usr/cad/mentor/calibre/cur/bin:/usr/cad/cadence/JASPER/cur/bin:/usr/cad/cadence/JASPER/cur/bin:/usr/cad/cadence/JASPER/cur/bin:/usr/cad/cadence/JASPER/cur/bin:/usr/cad/cadence/JASPER/cur/bin:/usr/cad/cadence/JASPER/cur/bin:/usr/cad/cadence/JASPER/cur/bin:/usr/cad/cadence/CTOS/cur/tools.lnx86/bin:/usr/cad/cadence/MMSIM/cur/tools/dfII/bin:/usr/cad/cadence/MMSIM/cur/tools/bin:/usr/cad/cadence/IC/cur/tools/dfII/bin:/usr/cad/cadence/IC/cur/tools/dracula/bin:/usr/cad/cadence/IC/cur/tools/bin:/usr/cad/cadence/XCELIUM/XCELIUM_20.09.007/tools/bin/64bit:/usr/cad/cadence/XCELIUM/XCELIUM_20.09.007/tools/bin:/usr/cad/cadence/INCISIV/cur/tools/bin:/usr/cad/cadence/INCISIV/cur/tools/vtools/vfault/bin:/usr/cad/cadence/INCISIV/cur/tools/dfII/bin:/usr/cad/cadence/EDI/cur/tools/celtic/bin:/usr/cad/cadence/EDI/cur/tools/plato/bin:/usr/cad/cadence/EDI/cur/tools/dfII/bin:/usr/cad/cadence/EDI/cur/tools/fe/bin:/usr/cad/cadence/EDI/cur/tools/cdsdoc/bin:/usr/cad/cadence/EDI/cur/tools/bin:/usr/cad/cadence/EDI/cur//tools/tlfUtil/bin:/usr/cad/cadence/INNOVUS/cur/tools/celtic/bin:/usr/cad/cadence/INNOVUS/cur/tools/plato/bin:/usr/cad/cadence/INNOVUS/cur/tools/dfII/bin:/usr/cad/cadence/INNOVUS/cur/tools/bin:/usr/cad/cadence/INNOVUS/cur//tools/tlfUtil/bin:/usr/cad/synopsys/tmax/cur/bin:/usr/cad/synopsys/spyglass/cur/SPYGLASS_HOME/bin:/usr/bin/X11:/usr/cad/synopsys/coreconsultant/cur/bin:/usr/cad/synopsys/verdi/cur/bin:/usr/cad/synopsys/verdi/cur/nLint/bin:/usr/bin/X11:/usr/cad/synopsys/primetime/cur/amd64/syn/bin:/usr/bin/X11:/usr/cad/synopsys/primerail/cur/amd64/syn/bin:/usr/cad/synopsys/adp/cur/bin:/usr/cad/synopsys/laker/cur/bin:/usr/cad/synopsys/customexplorer/cur/bin:/usr/cad/synopsys/hspice/cur/hspice/bin:/usr/cad/synopsys/hspice/cur/hspice/GNU/linux64/gcc/bin:/usr/cad/synopsys/hspice/cur/hspice/linux64:/usr/bin:/usr/ucb/bin:/usr/bin/X11:/usr/cad/synopsys/coreConsultant/cur/bin:/usr/cad/synopsys/synthesis/cur/amd64/syn/bin:/usr/cad/synopsys/lc/cur/bin:/usr/cad/synopsys/lc/cur/bin:/usr/local/bin:/usr/bin:/usr/local/sbin:/usr/sbin:/usr/cad/synopsys/dw_home/cur/bin
MAIL=/var/spool/mail/vlsi22114
SHELL=/bin/tcsh
SSH_CLIENT=140.116.49.120 49497 22
SSH_CONNECTION=140.116.49.120 49497 192.168.100.10 22
SSH_TTY=/dev/pts/3
TERM=xterm
DISPLAY=localhost:12.0
SELINUX_ROLE_REQUESTED=
SELINUX_LEVEL_REQUESTED=
SELINUX_USE_CURRENT_RANGE=
XDG_SESSION_ID=1337
XDG_RUNTIME_DIR=/run/user/1301
HOSTTYPE=x86_64-linux
VENDOR=unknown
OSTYPE=linux
MACHTYPE=x86_64
SHLVL=1
PWD=/home/user2/vlsi22/vlsi22114/Lab3/ProbD
GROUP=student
HOST=vlsicad9
REMOTEHOST=140.116.49.120
HOSTNAME=vlsicad9
LS_COLORS=no=00:fi=00:di=00;34;01:ln=00;36:pi=40;33:so=00;35:bd=40;33;01:cd=40;33;01:or=01;05;37;41:mi=01;05;37;41:ex=00;32:*.cmd=00;32:*.exe=00;32:*.com=00;32:*.btm=00;32:*.bat=00;32:*.sh=00;32:*.csh=00;32:*.tar=00;31:*.tgz=00;31:*.arj=00;31:*.taz=00;31:*.lzh=00;31:*.zip=00;31:*.z=00;31:*.Z=00;31:*.gz=00;31:*.bz2=00;31:*.bz=00;31:*.tz=00;31:*.rpm=00;31:*.cpio=00;31:*.jpg=00;35:*.gif=00;35:*.bmp=00;35:*.xbm=00;35:*.xpm=00;35:*.png=00;35:*.tif=00;35:
LESSOPEN=||/usr/bin/lesspipe.sh %s
LM_LICENSE_FILE=5280@vlsicad8:26000@lscic:1717@lsncku:5280@lstn:26585@lsncku:26585@lscic
SYNOPSYS_LC_ROOT=/usr/cad/synopsys/lc/cur
SYNTHESIS=/usr/cad/synopsys/synthesis/cur
SYN_MAN_DIR=/usr/cad/synopsys/synthesis/cur/doc/syn/man
MANPATH=/usr/cad/synopsys/synthesis/cur/doc/syn/man:/usr/cad/synopsys/coreconsultant/cur/doc/dware/man
installdir=/usr/cad/synopsys/hspice/cur/hspice
CMIARCH=RH_64
mraarch=linux_64
TMIARCH=RH_64
HSP_HOME=/usr/cad/synopsys/hspice/cur/hspice
SNPS_PLATFORM=linux64
HSP_GCC=/usr/cad/synopsys/hspice/cur/hspice/GNU/linux64/gcc/bin/gcc -m64 
SNPS_64=1
HSP_GCC_VERSION=5.2.0
LD_LIBRARY_PATH=/usr/lib:/usr/lib64:/lib:/lib64:/usr/local/systemc/cur/lib-linux64:/usr/local/systemc/systemc-2.3.1/lib-linux64::/usr/cad/cadence/CTOS/cur/tools.lnx86/lib:/usr/cad/cadence/MMSIM/cur/tools/lib:/usr/cad/cadence/IC/cur/tools/lib:/usr/cad/cadence/XCELIUM/XCELIUM_20.09.007/tools/lib/64bit:/usr/cad/cadence/XCELIUM/XCELIUM_20.09.007/tools/lib64:/usr/cad/cadence/XCELIUM/XCELIUM_20.09.007/tools/lib:/usr/cad/cadence/INCISIV/cur/tools/lib:/usr/cad/cadence/INCISIV/cur/tools/vtools/vfault/lib:/usr/cad/cadence/EDI/cur//tools/tlfUtil/lib:/usr/cad/cadence/INNOVUS/cur//tools/tlfUtil/lib:/usr/cad/synopsys/verdi/cur/share/PLI/IUS/LINUX64/:/usr/cad/synopsys/hspice/cur/hspice/linux64/interfaces
CDS_LOAD_ENV=CSF
Laker_TCL_L3=1
Laker_TCL_ToolBox=1
PRIMERAIL=/usr/cad/synopsys/primerail/cur
PRIMETIME=/usr/cad/synopsys/primetime/cur
SHLIB_PATH=/usr/cad/synopsys/verdi/cur/share/PLI/IUS/LINUX64
SOFT_MAN_DIR=/usr/cad/synopsys/coreconsultant/cur/doc/dware/man
DESIGNWARE_HOME=/usr/cad/synopsys/dw_home/cur
SG_HTML_BROWSER=/usr/bin/mozilla
EDITOR=/usr/bin/vim
SYNOPSYS_TMAX=/usr/cad/synopsys/tmax/cur
ENCOUNTER=/usr/cad/cadence/EDI/cur/tools/fe
CDS_AUTO_64BIT=ALL
CDS_Netlisting_Mode=Analog
MGC_HOME=/usr/cad/mentor/calibre/cur
MGC_TMPDIR=/tmp
MGC_LOCATION_MAP=NO_MAP
HOY_LIC_FILE=4141@lscic
VERIFIC_LICENSE_FILE=/usr/cad/HOY/BRAINS/cur/../../CIC/Verific.dat
LANG=en_US.utf8
_XRUNROOT_=/usr/cad/cadence/XCELIUM/XCELIUM_20.09.007/tools
_IRUNROOT_=/usr/cad/cadence/XCELIUM/XCELIUM_20.09.007/tools
CDS_ARCH=lnx86
XMRUNMODE=xmverilog:./xcelium.d/run.lnx8664.20.09.d
XRUNBATCH=FALSE
AMS_LOG_FILE_NAME=xmverilog.log
IMPERAS_PORT_FILE=.vsp_ovp_gdb_port
TCL_LIBRARY=/usr/cad/cadence/XCELIUM/XCELIUM_20.09.007/tools/inca/files/tcl/library
Runtime command line arguments:
argv[0]=xmverilog
argv[1]=fixedpoint_s_tb.v
argv[2]=+define+FSDB+syn
argv[3]=+access+r
96 profile - 100
          CPU/Mem usage: 0.160 sys,  0.340 user,  266.13M sys,  0.00M vm
97 VC callback profile - scalar:0 vector:0
98 Thu Mar 10 15:42:41 2022
99 pliAppInit
100 FSDB_GATE is disabled.
101 Enable Parallel Dumping.
102 pliAppMiscSet: New Sim Round
103 pliEntryInit
104 LIBSSCORE=found /usr/cad/synopsys/verdi/cur/share/PLI/IUS/LINUX64/libsscore_xcelium.so through $LD_LIBRARY_PATH setting.
105 argv[0]: fixedpoint_s.fsdb
106 FSDB Dumper for Xcelium, Release Verdi_S-2021.09, Linux x86_64/64bit, 08/29/2021
107 (C) 1996 - 2021 by Synopsys, Inc.
108 sps_call_fsdbDumpfile at 0 : /home/user2/vlsi22/vlsi22114/Lab3/ProbD/fixedpoint_s_tb.v(100)
109 argv[0]: fixedpoint_s.fsdb
110 *Verdi* FSDB WARNING: The FSDB file already exists. Overwriting the FSDB file may crash the programs that are using this file.
111 *Verdi* : Create FSDB file 'fixedpoint_s.fsdb'
112 sps_call_fsdbDumpvars at 0 : /home/user2/vlsi22/vlsi22114/Lab3/ProbD/fixedpoint_s_tb.v(101)
113 *Verdi* : Begin traversing the scopes, layer (0).
114 Cell instance `SAEDRVT14_FSDN_V2_0P5_func'.
115 *Verdi* : End of traversing.
116 fsdbDumpvars traverse var: profile - 
          CPU/Mem usage: 0.190 sys,  0.800 user,  378.84M sys,  0.00M vm
                   incr: 0.020 sys,  0.450 user,  21.11M sys,  0.00M vm
                   accu: 0.020 sys,  0.450 user,  21.11M sys,  0.00M vm
              accu incr: 0.020 sys,  0.450 user,  21.11M sys,  0.00M vm

          Count usage: 25909 var,  17323 idcode,  17323 callback
                 incr: 25909 var,  17323 idcode,  17323 callback
                 accu: 25909 var,  17323 idcode,  17323 callback
            accu incr: 25909 var,  17323 idcode,  17323 callback
117 VC callback profile - scalar:0 vector:0
118 Thu Mar 10 15:42:41 2022
119 fsdbDumpvars: profile - 
          CPU/Mem usage: 0.190 sys,  0.810 user,  379.90M sys,  0.00M vm
                   incr: 0.000 sys,  0.010 user,  1.05M sys,  0.00M vm
                   accu: 0.020 sys,  0.460 user,  22.16M sys,  0.00M vm
              accu incr: 0.000 sys,  0.010 user,  1.05M sys,  0.00M vm

          Count usage: 25909 var,  17323 idcode,  17323 callback
                 incr: 0 var,  0 idcode,  0 callback
                 accu: 25909 var,  17323 idcode,  17323 callback
            accu incr: 0 var,  0 idcode,  0 callback
120 VC callback profile - scalar:17321 vector:2
121 Thu Mar 10 15:42:41 2022
122 End of simulation at 70000
123 VC callback profile - scalar:19928 vector:7
124 Thu Mar 10 15:42:41 2022
125 Begin FSDB profile info:
126 FSDB Writer : bc1(19928) bcn(7) mtf/stf(0/0)
FSDB Writer elapsed time : flush(0.012181) io wait(0.000000) theadpool wait(0.000000)
FSDB Writer cpu time : MT Compression : 0
127 End FSDB profile info
128 Parallel profile    -  Flush:3 Expand:0 ProduceWait:0 ConsumerWait:0 BlockUsed:1
129                        ProduceTime:1.031772199 ConsumerTime:0.000000000 Buffer:64MB
130 SimExit
131 Sim process exit
