#! /c/Source/iverilog-install/bin/vvp
:ivl_version "12.0 (devel)" "(s20150603-1110-g18392a46)";
:ivl_delay_selection "TYPICAL";
:vpi_time_precision - 11;
:vpi_module "C:\iverilog\lib\ivl\system.vpi";
:vpi_module "C:\iverilog\lib\ivl\vhdl_sys.vpi";
:vpi_module "C:\iverilog\lib\ivl\vhdl_textio.vpi";
:vpi_module "C:\iverilog\lib\ivl\v2005_math.vpi";
:vpi_module "C:\iverilog\lib\ivl\va_math.vpi";
S_000001e697fb0de0 .scope module, "top" "top" 2 16;
 .timescale -9 -11;
    .port_info 0 /INPUT 1 "clk";
    .port_info 1 /INPUT 1 "rst";
    .port_info 2 /INPUT 1 "clear";
    .port_info 3 /INPUT 1 "c_en";
    .port_info 4 /INPUT 1 "if_en";
    .port_info 5 /INPUT 24 "c_in0";
    .port_info 6 /INPUT 24 "c_in1";
    .port_info 7 /INPUT 24 "c_in2";
    .port_info 8 /INPUT 24 "c_in3";
    .port_info 9 /INPUT 24 "c_in4";
    .port_info 10 /INPUT 24 "c_in5";
    .port_info 11 /INPUT 24 "c_in6";
    .port_info 12 /INPUT 24 "c_in7";
    .port_info 13 /INPUT 24 "if_in";
    .port_info 14 /OUTPUT 3 "out_index";
    .port_info 15 /OUTPUT 10 "out_distance";
o000001e6983b5308 .functor BUFZ 1, C4<z>; HiZ drive
v000001e698407240_0 .net "c_en", 0 0, o000001e6983b5308;  0 drivers
o000001e6983b5338 .functor BUFZ 24, C4<zzzzzzzzzzzzzzzzzzzzzzzz>; HiZ drive
v000001e6984072e0_0 .net "c_in0", 23 0, o000001e6983b5338;  0 drivers
o000001e6983b5368 .functor BUFZ 24, C4<zzzzzzzzzzzzzzzzzzzzzzzz>; HiZ drive
v000001e698406160_0 .net "c_in1", 23 0, o000001e6983b5368;  0 drivers
o000001e6983b5398 .functor BUFZ 24, C4<zzzzzzzzzzzzzzzzzzzzzzzz>; HiZ drive
v000001e698406480_0 .net "c_in2", 23 0, o000001e6983b5398;  0 drivers
o000001e6983b53c8 .functor BUFZ 24, C4<zzzzzzzzzzzzzzzzzzzzzzzz>; HiZ drive
v000001e698407740_0 .net "c_in3", 23 0, o000001e6983b53c8;  0 drivers
o000001e6983b53f8 .functor BUFZ 24, C4<zzzzzzzzzzzzzzzzzzzzzzzz>; HiZ drive
v000001e6984077e0_0 .net "c_in4", 23 0, o000001e6983b53f8;  0 drivers
o000001e6983b5428 .functor BUFZ 24, C4<zzzzzzzzzzzzzzzzzzzzzzzz>; HiZ drive
v000001e6984079c0_0 .net "c_in5", 23 0, o000001e6983b5428;  0 drivers
o000001e6983b5458 .functor BUFZ 24, C4<zzzzzzzzzzzzzzzzzzzzzzzz>; HiZ drive
v000001e698407a60_0 .net "c_in6", 23 0, o000001e6983b5458;  0 drivers
o000001e6983b5488 .functor BUFZ 24, C4<zzzzzzzzzzzzzzzzzzzzzzzz>; HiZ drive
v000001e698406520_0 .net "c_in7", 23 0, o000001e6983b5488;  0 drivers
o000001e6983b54b8 .functor BUFZ 1, C4<z>; HiZ drive
v000001e698407ba0_0 .net "clear", 0 0, o000001e6983b54b8;  0 drivers
o000001e6983b54e8 .functor BUFZ 1, C4<z>; HiZ drive
v000001e698406200_0 .net "clk", 0 0, o000001e6983b54e8;  0 drivers
v000001e698407b00_0 .net "d_0", 9 0, L_000001e69845a680;  1 drivers
v000001e698407d80_0 .net "d_1", 9 0, L_000001e69845bbc0;  1 drivers
v000001e698407e20_0 .net "d_2", 9 0, L_000001e69845d740;  1 drivers
v000001e698407f60_0 .net "d_3", 9 0, L_000001e69845f9a0;  1 drivers
v000001e698408140_0 .net "d_4", 9 0, L_000001e69845a400;  1 drivers
v000001e698408460_0 .net "d_5", 9 0, L_000001e69846a480;  1 drivers
v000001e698405d00_0 .net "d_6", 9 0, L_000001e69846c640;  1 drivers
v000001e698405da0_0 .net "d_7", 9 0, L_000001e69846aca0;  1 drivers
o000001e6983b5698 .functor BUFZ 1, C4<z>; HiZ drive
v000001e698405ee0_0 .net "if_en", 0 0, o000001e6983b5698;  0 drivers
o000001e6983b56c8 .functor BUFZ 24, C4<zzzzzzzzzzzzzzzzzzzzzzzz>; HiZ drive
v000001e6984060c0_0 .net "if_in", 23 0, o000001e6983b56c8;  0 drivers
v000001e6984062a0_0 .net "out_distance", 9 0, v000001e698406ca0_0;  1 drivers
v000001e698406340_0 .net "out_index", 2 0, v000001e6984080a0_0;  1 drivers
o000001e6983b56f8 .functor BUFZ 1, C4<z>; HiZ drive
v000001e6984063e0_0 .net "rst", 0 0, o000001e6983b56f8;  0 drivers
S_000001e697fb0f70 .scope module, "M1" "Manhattan" 2 50, 3 14 0, S_000001e697fb0de0;
 .timescale -9 -11;
    .port_info 0 /INPUT 1 "clk";
    .port_info 1 /INPUT 1 "rst";
    .port_info 2 /INPUT 1 "clear";
    .port_info 3 /INPUT 1 "c_en";
    .port_info 4 /INPUT 1 "if_en";
    .port_info 5 /INPUT 24 "c_in0";
    .port_info 6 /INPUT 24 "c_in1";
    .port_info 7 /INPUT 24 "c_in2";
    .port_info 8 /INPUT 24 "c_in3";
    .port_info 9 /INPUT 24 "c_in4";
    .port_info 10 /INPUT 24 "c_in5";
    .port_info 11 /INPUT 24 "c_in6";
    .port_info 12 /INPUT 24 "c_in7";
    .port_info 13 /INPUT 24 "if_in";
    .port_info 14 /OUTPUT 10 "d_0";
    .port_info 15 /OUTPUT 10 "d_1";
    .port_info 16 /OUTPUT 10 "d_2";
    .port_info 17 /OUTPUT 10 "d_3";
    .port_info 18 /OUTPUT 10 "d_4";
    .port_info 19 /OUTPUT 10 "d_5";
    .port_info 20 /OUTPUT 10 "d_6";
    .port_info 21 /OUTPUT 10 "d_7";
v000001e69800ef30_0 .net *"_ivl_1", 7 0, L_000001e698406700;  1 drivers
v000001e69800efd0_0 .net *"_ivl_101", 7 0, L_000001e69845bda0;  1 drivers
v000001e69800f110_0 .net *"_ivl_102", 9 0, L_000001e69845aae0;  1 drivers
L_000001e69840bfe0 .functor BUFT 1, C4<00>, C4<0>, C4<0>, C4<0>;
v000001e69803d9d0_0 .net *"_ivl_105", 1 0, L_000001e69840bfe0;  1 drivers
v000001e69803da70_0 .net *"_ivl_106", 9 0, L_000001e69845c840;  1 drivers
v000001e69803ec90_0 .net *"_ivl_108", 9 0, L_000001e69845bf80;  1 drivers
L_000001e69840bcc8 .functor BUFT 1, C4<00>, C4<0>, C4<0>, C4<0>;
v000001e69803ee70_0 .net *"_ivl_11", 1 0, L_000001e69840bcc8;  1 drivers
v000001e69803e3d0_0 .net *"_ivl_113", 7 0, L_000001e69845c520;  1 drivers
v000001e69803e5b0_0 .net *"_ivl_115", 7 0, L_000001e69845a7c0;  1 drivers
v000001e69803ed30_0 .net *"_ivl_116", 0 0, L_000001e69845b080;  1 drivers
v000001e69803dcf0_0 .net *"_ivl_119", 7 0, L_000001e69845c980;  1 drivers
v000001e69803df70_0 .net *"_ivl_120", 9 0, L_000001e69845ab80;  1 drivers
L_000001e69840c028 .functor BUFT 1, C4<00>, C4<0>, C4<0>, C4<0>;
v000001e69803d890_0 .net *"_ivl_123", 1 0, L_000001e69840c028;  1 drivers
v000001e69803db10_0 .net *"_ivl_125", 7 0, L_000001e69845cca0;  1 drivers
v000001e69803d430_0 .net *"_ivl_126", 9 0, L_000001e69845c7a0;  1 drivers
L_000001e69840c070 .functor BUFT 1, C4<00>, C4<0>, C4<0>, C4<0>;
v000001e69803d1b0_0 .net *"_ivl_129", 1 0, L_000001e69840c070;  1 drivers
v000001e69803cfd0_0 .net *"_ivl_13", 7 0, L_000001e698408960;  1 drivers
v000001e69803e650_0 .net *"_ivl_130", 9 0, L_000001e69845b8a0;  1 drivers
v000001e69803e8d0_0 .net *"_ivl_133", 7 0, L_000001e69845ad60;  1 drivers
v000001e69803e290_0 .net *"_ivl_134", 9 0, L_000001e69845c8e0;  1 drivers
L_000001e69840c0b8 .functor BUFT 1, C4<00>, C4<0>, C4<0>, C4<0>;
v000001e69803d610_0 .net *"_ivl_137", 1 0, L_000001e69840c0b8;  1 drivers
v000001e69803d110_0 .net *"_ivl_139", 7 0, L_000001e69845c5c0;  1 drivers
v000001e69803d4d0_0 .net *"_ivl_14", 9 0, L_000001e6984088c0;  1 drivers
v000001e69803edd0_0 .net *"_ivl_140", 9 0, L_000001e69845bd00;  1 drivers
L_000001e69840c100 .functor BUFT 1, C4<00>, C4<0>, C4<0>, C4<0>;
v000001e69803d930_0 .net *"_ivl_143", 1 0, L_000001e69840c100;  1 drivers
v000001e69803d070_0 .net *"_ivl_144", 9 0, L_000001e69845a860;  1 drivers
v000001e69803dd90_0 .net *"_ivl_146", 9 0, L_000001e69845b260;  1 drivers
v000001e69803d250_0 .net *"_ivl_149", 7 0, L_000001e69845b300;  1 drivers
v000001e69803ded0_0 .net *"_ivl_151", 7 0, L_000001e69845b760;  1 drivers
v000001e69803d750_0 .net *"_ivl_152", 0 0, L_000001e69845c020;  1 drivers
v000001e69803dbb0_0 .net *"_ivl_155", 7 0, L_000001e69845a540;  1 drivers
v000001e69803e010_0 .net *"_ivl_156", 9 0, L_000001e69845ca20;  1 drivers
L_000001e69840c148 .functor BUFT 1, C4<00>, C4<0>, C4<0>, C4<0>;
v000001e69803de30_0 .net *"_ivl_159", 1 0, L_000001e69840c148;  1 drivers
v000001e69803d2f0_0 .net *"_ivl_161", 7 0, L_000001e69845a9a0;  1 drivers
v000001e69803e6f0_0 .net *"_ivl_162", 9 0, L_000001e69845b120;  1 drivers
L_000001e69840c190 .functor BUFT 1, C4<00>, C4<0>, C4<0>, C4<0>;
v000001e69803e0b0_0 .net *"_ivl_165", 1 0, L_000001e69840c190;  1 drivers
v000001e69803dc50_0 .net *"_ivl_166", 9 0, L_000001e69845b440;  1 drivers
v000001e69803e150_0 .net *"_ivl_169", 7 0, L_000001e69845bc60;  1 drivers
L_000001e69840bd10 .functor BUFT 1, C4<00>, C4<0>, C4<0>, C4<0>;
v000001e69803d570_0 .net *"_ivl_17", 1 0, L_000001e69840bd10;  1 drivers
v000001e69803e1f0_0 .net *"_ivl_170", 9 0, L_000001e69845c480;  1 drivers
L_000001e69840c1d8 .functor BUFT 1, C4<00>, C4<0>, C4<0>, C4<0>;
v000001e69803e970_0 .net *"_ivl_173", 1 0, L_000001e69840c1d8;  1 drivers
v000001e69803e790_0 .net *"_ivl_175", 7 0, L_000001e69845b9e0;  1 drivers
v000001e69803d390_0 .net *"_ivl_176", 9 0, L_000001e69845a900;  1 drivers
L_000001e69840c220 .functor BUFT 1, C4<00>, C4<0>, C4<0>, C4<0>;
v000001e69803e330_0 .net *"_ivl_179", 1 0, L_000001e69840c220;  1 drivers
v000001e69803e830_0 .net *"_ivl_18", 9 0, L_000001e6984099a0;  1 drivers
v000001e69803d6b0_0 .net *"_ivl_180", 9 0, L_000001e69845c660;  1 drivers
v000001e69803e470_0 .net *"_ivl_182", 9 0, L_000001e69845c700;  1 drivers
v000001e69803d7f0_0 .net *"_ivl_184", 9 0, L_000001e69845b1c0;  1 drivers
v000001e69803eb50_0 .net *"_ivl_187", 7 0, L_000001e69845cac0;  1 drivers
v000001e69803eab0_0 .net *"_ivl_189", 7 0, L_000001e69845a5e0;  1 drivers
v000001e69803e510_0 .net *"_ivl_190", 0 0, L_000001e69845cb60;  1 drivers
v000001e69803ea10_0 .net *"_ivl_193", 7 0, L_000001e69845c160;  1 drivers
v000001e69803ebf0_0 .net *"_ivl_194", 9 0, L_000001e69845aa40;  1 drivers
L_000001e69840c268 .functor BUFT 1, C4<00>, C4<0>, C4<0>, C4<0>;
v000001e6983f3b00_0 .net *"_ivl_197", 1 0, L_000001e69840c268;  1 drivers
v000001e6983f4140_0 .net *"_ivl_199", 7 0, L_000001e69845b3a0;  1 drivers
v000001e6983f3e20_0 .net *"_ivl_200", 9 0, L_000001e69845ac20;  1 drivers
L_000001e69840c2b0 .functor BUFT 1, C4<00>, C4<0>, C4<0>, C4<0>;
v000001e6983f4f00_0 .net *"_ivl_203", 1 0, L_000001e69840c2b0;  1 drivers
v000001e6983f3ec0_0 .net *"_ivl_204", 9 0, L_000001e69845a720;  1 drivers
v000001e6983f3ba0_0 .net *"_ivl_207", 7 0, L_000001e69845acc0;  1 drivers
v000001e6983f4960_0 .net *"_ivl_208", 9 0, L_000001e69845ae00;  1 drivers
v000001e6983f3a60_0 .net *"_ivl_21", 7 0, L_000001e698409180;  1 drivers
L_000001e69840c2f8 .functor BUFT 1, C4<00>, C4<0>, C4<0>, C4<0>;
v000001e6983f3c40_0 .net *"_ivl_211", 1 0, L_000001e69840c2f8;  1 drivers
v000001e6983f3880_0 .net *"_ivl_213", 7 0, L_000001e69845c2a0;  1 drivers
v000001e6983f4460_0 .net *"_ivl_214", 9 0, L_000001e69845cc00;  1 drivers
L_000001e69840c340 .functor BUFT 1, C4<00>, C4<0>, C4<0>, C4<0>;
v000001e6983f48c0_0 .net *"_ivl_217", 1 0, L_000001e69840c340;  1 drivers
v000001e6983f4780_0 .net *"_ivl_218", 9 0, L_000001e69845aea0;  1 drivers
v000001e6983f34c0_0 .net *"_ivl_22", 9 0, L_000001e698408500;  1 drivers
v000001e6983f36a0_0 .net *"_ivl_220", 9 0, L_000001e69845bb20;  1 drivers
v000001e6983f3920_0 .net *"_ivl_225", 7 0, L_000001e69845c0c0;  1 drivers
v000001e6983f32e0_0 .net *"_ivl_227", 7 0, L_000001e69845be40;  1 drivers
v000001e6983f3f60_0 .net *"_ivl_228", 0 0, L_000001e69845b4e0;  1 drivers
v000001e6983f4c80_0 .net *"_ivl_231", 7 0, L_000001e69845af40;  1 drivers
v000001e6983f3740_0 .net *"_ivl_232", 9 0, L_000001e69845afe0;  1 drivers
L_000001e69840c388 .functor BUFT 1, C4<00>, C4<0>, C4<0>, C4<0>;
v000001e6983f3420_0 .net *"_ivl_235", 1 0, L_000001e69840c388;  1 drivers
v000001e6983f4d20_0 .net *"_ivl_237", 7 0, L_000001e69845c200;  1 drivers
v000001e6983f45a0_0 .net *"_ivl_238", 9 0, L_000001e69845b580;  1 drivers
L_000001e69840c3d0 .functor BUFT 1, C4<00>, C4<0>, C4<0>, C4<0>;
v000001e6983f4820_0 .net *"_ivl_241", 1 0, L_000001e69840c3d0;  1 drivers
v000001e6983f4500_0 .net *"_ivl_242", 9 0, L_000001e69845b620;  1 drivers
v000001e6983f4a00_0 .net *"_ivl_245", 7 0, L_000001e69845b6c0;  1 drivers
v000001e6983f4be0_0 .net *"_ivl_246", 9 0, L_000001e69845b800;  1 drivers
L_000001e69840c418 .functor BUFT 1, C4<00>, C4<0>, C4<0>, C4<0>;
v000001e6983f3ce0_0 .net *"_ivl_249", 1 0, L_000001e69840c418;  1 drivers
L_000001e69840bd58 .functor BUFT 1, C4<00>, C4<0>, C4<0>, C4<0>;
v000001e6983f37e0_0 .net *"_ivl_25", 1 0, L_000001e69840bd58;  1 drivers
v000001e6983f3560_0 .net *"_ivl_251", 7 0, L_000001e69845b940;  1 drivers
v000001e6983f4000_0 .net *"_ivl_252", 9 0, L_000001e69845ba80;  1 drivers
L_000001e69840c460 .functor BUFT 1, C4<00>, C4<0>, C4<0>, C4<0>;
v000001e6983f4320_0 .net *"_ivl_255", 1 0, L_000001e69840c460;  1 drivers
v000001e6983f4dc0_0 .net *"_ivl_256", 9 0, L_000001e69845c3e0;  1 drivers
v000001e6983f3100_0 .net *"_ivl_258", 9 0, L_000001e69845c340;  1 drivers
v000001e6983f3240_0 .net *"_ivl_261", 7 0, L_000001e69845e280;  1 drivers
v000001e6983f3d80_0 .net *"_ivl_263", 7 0, L_000001e69845de20;  1 drivers
v000001e6983f41e0_0 .net *"_ivl_264", 0 0, L_000001e69845ec80;  1 drivers
v000001e6983f3600_0 .net *"_ivl_267", 7 0, L_000001e69845dec0;  1 drivers
v000001e6983f4640_0 .net *"_ivl_268", 9 0, L_000001e69845d4c0;  1 drivers
v000001e6983f4e60_0 .net *"_ivl_27", 7 0, L_000001e698409680;  1 drivers
L_000001e69840c4a8 .functor BUFT 1, C4<00>, C4<0>, C4<0>, C4<0>;
v000001e6983f3060_0 .net *"_ivl_271", 1 0, L_000001e69840c4a8;  1 drivers
v000001e6983f31a0_0 .net *"_ivl_273", 7 0, L_000001e69845d600;  1 drivers
v000001e6983f39c0_0 .net *"_ivl_274", 9 0, L_000001e69845f220;  1 drivers
L_000001e69840c4f0 .functor BUFT 1, C4<00>, C4<0>, C4<0>, C4<0>;
v000001e6983f4aa0_0 .net *"_ivl_277", 1 0, L_000001e69840c4f0;  1 drivers
v000001e6983f40a0_0 .net *"_ivl_278", 9 0, L_000001e69845f2c0;  1 drivers
v000001e6983f3380_0 .net *"_ivl_28", 9 0, L_000001e698409860;  1 drivers
v000001e6983f4b40_0 .net *"_ivl_281", 7 0, L_000001e69845d6a0;  1 drivers
v000001e6983f43c0_0 .net *"_ivl_282", 9 0, L_000001e69845f180;  1 drivers
L_000001e69840c538 .functor BUFT 1, C4<00>, C4<0>, C4<0>, C4<0>;
v000001e6983f4280_0 .net *"_ivl_285", 1 0, L_000001e69840c538;  1 drivers
v000001e6983f46e0_0 .net *"_ivl_287", 7 0, L_000001e69845f360;  1 drivers
v000001e6983f6ba0_0 .net *"_ivl_288", 9 0, L_000001e69845e140;  1 drivers
L_000001e69840c580 .functor BUFT 1, C4<00>, C4<0>, C4<0>, C4<0>;
v000001e6983f6a60_0 .net *"_ivl_291", 1 0, L_000001e69840c580;  1 drivers
v000001e6983f7000_0 .net *"_ivl_292", 9 0, L_000001e69845e960;  1 drivers
v000001e6983f58e0_0 .net *"_ivl_294", 9 0, L_000001e69845f400;  1 drivers
v000001e6983f6d80_0 .net *"_ivl_296", 9 0, L_000001e69845dba0;  1 drivers
v000001e6983f6f60_0 .net *"_ivl_299", 7 0, L_000001e69845dd80;  1 drivers
v000001e6983f70a0_0 .net *"_ivl_3", 7 0, L_000001e698408d20;  1 drivers
v000001e6983f5f20_0 .net *"_ivl_301", 7 0, L_000001e69845db00;  1 drivers
v000001e6983f5a20_0 .net *"_ivl_302", 0 0, L_000001e69845e320;  1 drivers
v000001e6983f5ac0_0 .net *"_ivl_305", 7 0, L_000001e69845d100;  1 drivers
v000001e6983f61a0_0 .net *"_ivl_306", 9 0, L_000001e69845f4a0;  1 drivers
L_000001e69840c5c8 .functor BUFT 1, C4<00>, C4<0>, C4<0>, C4<0>;
v000001e6983f6420_0 .net *"_ivl_309", 1 0, L_000001e69840c5c8;  1 drivers
L_000001e69840bda0 .functor BUFT 1, C4<00>, C4<0>, C4<0>, C4<0>;
v000001e6983f5d40_0 .net *"_ivl_31", 1 0, L_000001e69840bda0;  1 drivers
v000001e6983f5e80_0 .net *"_ivl_311", 7 0, L_000001e69845e6e0;  1 drivers
v000001e6983f5980_0 .net *"_ivl_312", 9 0, L_000001e69845e460;  1 drivers
L_000001e69840c610 .functor BUFT 1, C4<00>, C4<0>, C4<0>, C4<0>;
v000001e6983f5660_0 .net *"_ivl_315", 1 0, L_000001e69840c610;  1 drivers
v000001e6983f7320_0 .net *"_ivl_316", 9 0, L_000001e69845d2e0;  1 drivers
v000001e6983f7140_0 .net *"_ivl_319", 7 0, L_000001e69845cd40;  1 drivers
v000001e6983f6c40_0 .net *"_ivl_32", 9 0, L_000001e698408780;  1 drivers
v000001e6983f6380_0 .net *"_ivl_320", 9 0, L_000001e69845cde0;  1 drivers
L_000001e69840c658 .functor BUFT 1, C4<00>, C4<0>, C4<0>, C4<0>;
v000001e6983f69c0_0 .net *"_ivl_323", 1 0, L_000001e69840c658;  1 drivers
v000001e6983f55c0_0 .net *"_ivl_325", 7 0, L_000001e69845ea00;  1 drivers
v000001e6983f5480_0 .net *"_ivl_326", 9 0, L_000001e69845cfc0;  1 drivers
L_000001e69840c6a0 .functor BUFT 1, C4<00>, C4<0>, C4<0>, C4<0>;
v000001e6983f5840_0 .net *"_ivl_329", 1 0, L_000001e69840c6a0;  1 drivers
v000001e6983f6e20_0 .net *"_ivl_330", 9 0, L_000001e69845da60;  1 drivers
v000001e6983f71e0_0 .net *"_ivl_332", 9 0, L_000001e69845ce80;  1 drivers
v000001e6983f5520_0 .net *"_ivl_337", 7 0, L_000001e69845edc0;  1 drivers
v000001e6983f6100_0 .net *"_ivl_339", 7 0, L_000001e69845cf20;  1 drivers
v000001e6983f7280_0 .net *"_ivl_34", 9 0, L_000001e698408be0;  1 drivers
v000001e6983f5b60_0 .net *"_ivl_340", 0 0, L_000001e69845e8c0;  1 drivers
v000001e6983f6b00_0 .net *"_ivl_343", 7 0, L_000001e69845ed20;  1 drivers
v000001e6983f64c0_0 .net *"_ivl_344", 9 0, L_000001e69845e780;  1 drivers
L_000001e69840c6e8 .functor BUFT 1, C4<00>, C4<0>, C4<0>, C4<0>;
v000001e6983f5700_0 .net *"_ivl_347", 1 0, L_000001e69840c6e8;  1 drivers
v000001e6983f6240_0 .net *"_ivl_349", 7 0, L_000001e69845f0e0;  1 drivers
v000001e6983f6ec0_0 .net *"_ivl_350", 9 0, L_000001e69845e3c0;  1 drivers
L_000001e69840c730 .functor BUFT 1, C4<00>, C4<0>, C4<0>, C4<0>;
v000001e6983f57a0_0 .net *"_ivl_353", 1 0, L_000001e69840c730;  1 drivers
v000001e6983f62e0_0 .net *"_ivl_354", 9 0, L_000001e69845e500;  1 drivers
v000001e6983f5fc0_0 .net *"_ivl_357", 7 0, L_000001e69845d060;  1 drivers
v000001e6983f5c00_0 .net *"_ivl_358", 9 0, L_000001e69845dc40;  1 drivers
L_000001e69840c778 .functor BUFT 1, C4<00>, C4<0>, C4<0>, C4<0>;
v000001e6983f5ca0_0 .net *"_ivl_361", 1 0, L_000001e69840c778;  1 drivers
v000001e6983f5de0_0 .net *"_ivl_363", 7 0, L_000001e69845dce0;  1 drivers
v000001e6983f6560_0 .net *"_ivl_364", 9 0, L_000001e69845d1a0;  1 drivers
L_000001e69840c7c0 .functor BUFT 1, C4<00>, C4<0>, C4<0>, C4<0>;
v000001e6983f6060_0 .net *"_ivl_367", 1 0, L_000001e69840c7c0;  1 drivers
v000001e6983f6600_0 .net *"_ivl_368", 9 0, L_000001e69845e5a0;  1 drivers
v000001e6983f6880_0 .net *"_ivl_37", 7 0, L_000001e698408b40;  1 drivers
v000001e6983f6ce0_0 .net *"_ivl_370", 9 0, L_000001e69845e820;  1 drivers
v000001e6983f66a0_0 .net *"_ivl_373", 7 0, L_000001e69845d240;  1 drivers
v000001e6983f6740_0 .net *"_ivl_375", 7 0, L_000001e69845d560;  1 drivers
v000001e6983f67e0_0 .net *"_ivl_376", 0 0, L_000001e69845d380;  1 drivers
v000001e6983f6920_0 .net *"_ivl_379", 7 0, L_000001e69845eaa0;  1 drivers
v000001e6983f8a70_0 .net *"_ivl_380", 9 0, L_000001e69845d420;  1 drivers
L_000001e69840c808 .functor BUFT 1, C4<00>, C4<0>, C4<0>, C4<0>;
v000001e6983f9dd0_0 .net *"_ivl_383", 1 0, L_000001e69840c808;  1 drivers
v000001e6983f9c90_0 .net *"_ivl_385", 7 0, L_000001e69845d7e0;  1 drivers
v000001e6983f8750_0 .net *"_ivl_386", 9 0, L_000001e69845ebe0;  1 drivers
L_000001e69840c850 .functor BUFT 1, C4<00>, C4<0>, C4<0>, C4<0>;
v000001e6983fa370_0 .net *"_ivl_389", 1 0, L_000001e69840c850;  1 drivers
v000001e6983f9510_0 .net *"_ivl_39", 7 0, L_000001e698409b80;  1 drivers
v000001e6983fa0f0_0 .net *"_ivl_390", 9 0, L_000001e69845df60;  1 drivers
v000001e6983f8610_0 .net *"_ivl_393", 7 0, L_000001e69845e640;  1 drivers
v000001e6983fa190_0 .net *"_ivl_394", 9 0, L_000001e69845e000;  1 drivers
L_000001e69840c898 .functor BUFT 1, C4<00>, C4<0>, C4<0>, C4<0>;
v000001e6983fa410_0 .net *"_ivl_397", 1 0, L_000001e69840c898;  1 drivers
v000001e6983f9830_0 .net *"_ivl_399", 7 0, L_000001e69845e0a0;  1 drivers
v000001e6983f8110_0 .net *"_ivl_4", 0 0, L_000001e6984090e0;  1 drivers
v000001e6983f9f10_0 .net *"_ivl_40", 0 0, L_000001e698409400;  1 drivers
v000001e6983f95b0_0 .net *"_ivl_400", 9 0, L_000001e69845d880;  1 drivers
L_000001e69840c8e0 .functor BUFT 1, C4<00>, C4<0>, C4<0>, C4<0>;
v000001e6983f8cf0_0 .net *"_ivl_403", 1 0, L_000001e69840c8e0;  1 drivers
v000001e6983f8390_0 .net *"_ivl_404", 9 0, L_000001e69845d920;  1 drivers
v000001e6983f86b0_0 .net *"_ivl_406", 9 0, L_000001e69845d9c0;  1 drivers
v000001e6983f7fd0_0 .net *"_ivl_408", 9 0, L_000001e69845e1e0;  1 drivers
v000001e6983f8b10_0 .net *"_ivl_411", 7 0, L_000001e69845eb40;  1 drivers
v000001e6983f98d0_0 .net *"_ivl_413", 7 0, L_000001e69845ee60;  1 drivers
v000001e6983f9650_0 .net *"_ivl_414", 0 0, L_000001e69845ef00;  1 drivers
v000001e6983f8bb0_0 .net *"_ivl_417", 7 0, L_000001e69845efa0;  1 drivers
v000001e6983f8e30_0 .net *"_ivl_418", 9 0, L_000001e69845f040;  1 drivers
L_000001e69840c928 .functor BUFT 1, C4<00>, C4<0>, C4<0>, C4<0>;
v000001e6983f87f0_0 .net *"_ivl_421", 1 0, L_000001e69840c928;  1 drivers
v000001e6983f91f0_0 .net *"_ivl_423", 7 0, L_000001e69845fb80;  1 drivers
v000001e6983f9290_0 .net *"_ivl_424", 9 0, L_000001e69845fc20;  1 drivers
L_000001e69840c970 .functor BUFT 1, C4<00>, C4<0>, C4<0>, C4<0>;
v000001e6983f8250_0 .net *"_ivl_427", 1 0, L_000001e69840c970;  1 drivers
v000001e6983f81b0_0 .net *"_ivl_428", 9 0, L_000001e69845f7c0;  1 drivers
v000001e6983f9e70_0 .net *"_ivl_43", 7 0, L_000001e698409ae0;  1 drivers
v000001e6983f8ed0_0 .net *"_ivl_431", 7 0, L_000001e69845f860;  1 drivers
v000001e6983fa050_0 .net *"_ivl_432", 9 0, L_000001e69845f540;  1 drivers
L_000001e69840c9b8 .functor BUFT 1, C4<00>, C4<0>, C4<0>, C4<0>;
v000001e6983f9970_0 .net *"_ivl_435", 1 0, L_000001e69840c9b8;  1 drivers
v000001e6983f9bf0_0 .net *"_ivl_437", 7 0, L_000001e69845fae0;  1 drivers
v000001e6983f82f0_0 .net *"_ivl_438", 9 0, L_000001e69845fa40;  1 drivers
v000001e6983f9150_0 .net *"_ivl_44", 9 0, L_000001e698408aa0;  1 drivers
L_000001e69840ca00 .functor BUFT 1, C4<00>, C4<0>, C4<0>, C4<0>;
v000001e6983f9b50_0 .net *"_ivl_441", 1 0, L_000001e69840ca00;  1 drivers
v000001e6983f7cb0_0 .net *"_ivl_442", 9 0, L_000001e69845f900;  1 drivers
v000001e6983f9d30_0 .net *"_ivl_444", 9 0, L_000001e69845f5e0;  1 drivers
v000001e6983f8890_0 .net *"_ivl_449", 7 0, L_000001e69845f680;  1 drivers
v000001e6983f9330_0 .net *"_ivl_451", 7 0, L_000001e69845f720;  1 drivers
v000001e6983f93d0_0 .net *"_ivl_452", 0 0, L_000001e698458f60;  1 drivers
v000001e6983f8930_0 .net *"_ivl_455", 7 0, L_000001e6984590a0;  1 drivers
v000001e6983f96f0_0 .net *"_ivl_456", 9 0, L_000001e698459a00;  1 drivers
L_000001e69840ca48 .functor BUFT 1, C4<00>, C4<0>, C4<0>, C4<0>;
v000001e6983f89d0_0 .net *"_ivl_459", 1 0, L_000001e69840ca48;  1 drivers
v000001e6983f9790_0 .net *"_ivl_461", 7 0, L_000001e698459820;  1 drivers
v000001e6983f8c50_0 .net *"_ivl_462", 9 0, L_000001e698459b40;  1 drivers
L_000001e69840ca90 .functor BUFT 1, C4<00>, C4<0>, C4<0>, C4<0>;
v000001e6983f9470_0 .net *"_ivl_465", 1 0, L_000001e69840ca90;  1 drivers
v000001e6983f9a10_0 .net *"_ivl_466", 9 0, L_000001e698458740;  1 drivers
v000001e6983f8d90_0 .net *"_ivl_469", 7 0, L_000001e698457d40;  1 drivers
L_000001e69840bde8 .functor BUFT 1, C4<00>, C4<0>, C4<0>, C4<0>;
v000001e6983f84d0_0 .net *"_ivl_47", 1 0, L_000001e69840bde8;  1 drivers
v000001e6983f8070_0 .net *"_ivl_470", 9 0, L_000001e698458a60;  1 drivers
L_000001e69840cad8 .functor BUFT 1, C4<00>, C4<0>, C4<0>, C4<0>;
v000001e6983f8430_0 .net *"_ivl_473", 1 0, L_000001e69840cad8;  1 drivers
v000001e6983f9fb0_0 .net *"_ivl_475", 7 0, L_000001e698459be0;  1 drivers
v000001e6983f8f70_0 .net *"_ivl_476", 9 0, L_000001e6984582e0;  1 drivers
L_000001e69840cb20 .functor BUFT 1, C4<00>, C4<0>, C4<0>, C4<0>;
v000001e6983fa2d0_0 .net *"_ivl_479", 1 0, L_000001e69840cb20;  1 drivers
v000001e6983fa230_0 .net *"_ivl_480", 9 0, L_000001e6984587e0;  1 drivers
v000001e6983f9010_0 .net *"_ivl_482", 9 0, L_000001e698458ce0;  1 drivers
v000001e6983f7d50_0 .net *"_ivl_485", 7 0, L_000001e698459d20;  1 drivers
v000001e6983f7df0_0 .net *"_ivl_487", 7 0, L_000001e698458880;  1 drivers
v000001e6983f9ab0_0 .net *"_ivl_488", 0 0, L_000001e69845a2c0;  1 drivers
v000001e6983f7e90_0 .net *"_ivl_49", 7 0, L_000001e698408f00;  1 drivers
v000001e6983f8570_0 .net *"_ivl_491", 7 0, L_000001e698459fa0;  1 drivers
v000001e6983f90b0_0 .net *"_ivl_492", 9 0, L_000001e69845a040;  1 drivers
L_000001e69840cb68 .functor BUFT 1, C4<00>, C4<0>, C4<0>, C4<0>;
v000001e6983f7f30_0 .net *"_ivl_495", 1 0, L_000001e69840cb68;  1 drivers
v000001e6983faaf0_0 .net *"_ivl_497", 7 0, L_000001e69845a220;  1 drivers
v000001e6983fab90_0 .net *"_ivl_498", 9 0, L_000001e698459140;  1 drivers
v000001e6983fa7d0_0 .net *"_ivl_50", 9 0, L_000001e698409540;  1 drivers
L_000001e69840cbb0 .functor BUFT 1, C4<00>, C4<0>, C4<0>, C4<0>;
v000001e6983fa5f0_0 .net *"_ivl_501", 1 0, L_000001e69840cbb0;  1 drivers
v000001e6983fbb30_0 .net *"_ivl_502", 9 0, L_000001e698459960;  1 drivers
v000001e6983fb8b0_0 .net *"_ivl_505", 7 0, L_000001e69845a360;  1 drivers
v000001e6983fb590_0 .net *"_ivl_506", 9 0, L_000001e698458c40;  1 drivers
L_000001e69840cbf8 .functor BUFT 1, C4<00>, C4<0>, C4<0>, C4<0>;
v000001e6983faf50_0 .net *"_ivl_509", 1 0, L_000001e69840cbf8;  1 drivers
v000001e6983fb450_0 .net *"_ivl_511", 7 0, L_000001e6984589c0;  1 drivers
v000001e6983fa690_0 .net *"_ivl_512", 9 0, L_000001e6984591e0;  1 drivers
L_000001e69840cc40 .functor BUFT 1, C4<00>, C4<0>, C4<0>, C4<0>;
v000001e6983fa4b0_0 .net *"_ivl_515", 1 0, L_000001e69840cc40;  1 drivers
v000001e6983fa870_0 .net *"_ivl_516", 9 0, L_000001e6984593c0;  1 drivers
v000001e6983fb770_0 .net *"_ivl_518", 9 0, L_000001e6984595a0;  1 drivers
v000001e6983fba90_0 .net *"_ivl_520", 9 0, L_000001e698458d80;  1 drivers
v000001e6983fa550_0 .net *"_ivl_523", 7 0, L_000001e698457de0;  1 drivers
v000001e6983faeb0_0 .net *"_ivl_525", 7 0, L_000001e69845a180;  1 drivers
v000001e6983fa730_0 .net *"_ivl_526", 0 0, L_000001e698458e20;  1 drivers
v000001e6983fb130_0 .net *"_ivl_529", 7 0, L_000001e698459640;  1 drivers
L_000001e69840be30 .functor BUFT 1, C4<00>, C4<0>, C4<0>, C4<0>;
v000001e6983fb810_0 .net *"_ivl_53", 1 0, L_000001e69840be30;  1 drivers
v000001e6983fb270_0 .net *"_ivl_530", 9 0, L_000001e698458560;  1 drivers
L_000001e69840cc88 .functor BUFT 1, C4<00>, C4<0>, C4<0>, C4<0>;
v000001e6983fa910_0 .net *"_ivl_533", 1 0, L_000001e69840cc88;  1 drivers
v000001e6983fb1d0_0 .net *"_ivl_535", 7 0, L_000001e698459280;  1 drivers
v000001e6983fb9f0_0 .net *"_ivl_536", 9 0, L_000001e698459320;  1 drivers
L_000001e69840ccd0 .functor BUFT 1, C4<00>, C4<0>, C4<0>, C4<0>;
v000001e6983fa9b0_0 .net *"_ivl_539", 1 0, L_000001e69840ccd0;  1 drivers
v000001e6983faff0_0 .net *"_ivl_54", 9 0, L_000001e698409220;  1 drivers
v000001e6983fac30_0 .net *"_ivl_540", 9 0, L_000001e698458b00;  1 drivers
v000001e6983faa50_0 .net *"_ivl_543", 7 0, L_000001e698459460;  1 drivers
v000001e6983facd0_0 .net *"_ivl_544", 9 0, L_000001e698458100;  1 drivers
L_000001e69840cd18 .functor BUFT 1, C4<00>, C4<0>, C4<0>, C4<0>;
v000001e6983fad70_0 .net *"_ivl_547", 1 0, L_000001e69840cd18;  1 drivers
v000001e6983fb310_0 .net *"_ivl_549", 7 0, L_000001e698459dc0;  1 drivers
v000001e6983fae10_0 .net *"_ivl_550", 9 0, L_000001e6984596e0;  1 drivers
L_000001e69840cd60 .functor BUFT 1, C4<00>, C4<0>, C4<0>, C4<0>;
v000001e6983fb090_0 .net *"_ivl_553", 1 0, L_000001e69840cd60;  1 drivers
v000001e6983fb4f0_0 .net *"_ivl_554", 9 0, L_000001e698459780;  1 drivers
v000001e6983fb630_0 .net *"_ivl_556", 9 0, L_000001e698459e60;  1 drivers
v000001e6983fb3b0_0 .net *"_ivl_561", 7 0, L_000001e698459aa0;  1 drivers
v000001e6983fb6d0_0 .net *"_ivl_563", 7 0, L_000001e6984584c0;  1 drivers
v000001e6983fb950_0 .net *"_ivl_564", 0 0, L_000001e698458240;  1 drivers
v000001e6983fcff0_0 .net *"_ivl_567", 7 0, L_000001e698458ba0;  1 drivers
v000001e6983fdc70_0 .net *"_ivl_568", 9 0, L_000001e698459500;  1 drivers
v000001e6983fd8b0_0 .net *"_ivl_57", 7 0, L_000001e6984095e0;  1 drivers
L_000001e69840cda8 .functor BUFT 1, C4<00>, C4<0>, C4<0>, C4<0>;
v000001e6983fecb0_0 .net *"_ivl_571", 1 0, L_000001e69840cda8;  1 drivers
v000001e6983fd770_0 .net *"_ivl_573", 7 0, L_000001e69845a4a0;  1 drivers
v000001e6983ff390_0 .net *"_ivl_574", 9 0, L_000001e6984586a0;  1 drivers
L_000001e69840cdf0 .functor BUFT 1, C4<00>, C4<0>, C4<0>, C4<0>;
v000001e6983fe530_0 .net *"_ivl_577", 1 0, L_000001e69840cdf0;  1 drivers
v000001e6983ff110_0 .net *"_ivl_578", 9 0, L_000001e698457e80;  1 drivers
v000001e6983fd630_0 .net *"_ivl_58", 9 0, L_000001e698408dc0;  1 drivers
v000001e6983ff1b0_0 .net *"_ivl_581", 7 0, L_000001e698459c80;  1 drivers
v000001e6983ff430_0 .net *"_ivl_582", 9 0, L_000001e698459f00;  1 drivers
L_000001e69840ce38 .functor BUFT 1, C4<00>, C4<0>, C4<0>, C4<0>;
v000001e6983fe850_0 .net *"_ivl_585", 1 0, L_000001e69840ce38;  1 drivers
v000001e6983fd130_0 .net *"_ivl_587", 7 0, L_000001e698458600;  1 drivers
v000001e6983fe350_0 .net *"_ivl_588", 9 0, L_000001e69845a0e0;  1 drivers
L_000001e69840ce80 .functor BUFT 1, C4<00>, C4<0>, C4<0>, C4<0>;
v000001e6983fdd10_0 .net *"_ivl_591", 1 0, L_000001e69840ce80;  1 drivers
v000001e6983fe490_0 .net *"_ivl_592", 9 0, L_000001e698457f20;  1 drivers
v000001e6983fd950_0 .net *"_ivl_594", 9 0, L_000001e698457fc0;  1 drivers
v000001e6983fddb0_0 .net *"_ivl_597", 7 0, L_000001e698458ec0;  1 drivers
v000001e6983fe5d0_0 .net *"_ivl_599", 7 0, L_000001e698458060;  1 drivers
v000001e6983fd9f0_0 .net *"_ivl_600", 0 0, L_000001e698459000;  1 drivers
v000001e6983fe8f0_0 .net *"_ivl_603", 7 0, L_000001e6984598c0;  1 drivers
v000001e6983fd810_0 .net *"_ivl_604", 9 0, L_000001e6984581a0;  1 drivers
L_000001e69840cec8 .functor BUFT 1, C4<00>, C4<0>, C4<0>, C4<0>;
v000001e6983fdef0_0 .net *"_ivl_607", 1 0, L_000001e69840cec8;  1 drivers
v000001e6983fde50_0 .net *"_ivl_609", 7 0, L_000001e698458380;  1 drivers
L_000001e69840be78 .functor BUFT 1, C4<00>, C4<0>, C4<0>, C4<0>;
v000001e6983fd090_0 .net *"_ivl_61", 1 0, L_000001e69840be78;  1 drivers
v000001e6983fdf90_0 .net *"_ivl_610", 9 0, L_000001e698458420;  1 drivers
L_000001e69840cf10 .functor BUFT 1, C4<00>, C4<0>, C4<0>, C4<0>;
v000001e6983fda90_0 .net *"_ivl_613", 1 0, L_000001e69840cf10;  1 drivers
v000001e6983fed50_0 .net *"_ivl_614", 9 0, L_000001e698458920;  1 drivers
v000001e6983fdb30_0 .net *"_ivl_617", 7 0, L_000001e6984698a0;  1 drivers
v000001e6983fccd0_0 .net *"_ivl_618", 9 0, L_000001e69846a340;  1 drivers
L_000001e69840cf58 .functor BUFT 1, C4<00>, C4<0>, C4<0>, C4<0>;
v000001e6983fe670_0 .net *"_ivl_621", 1 0, L_000001e69840cf58;  1 drivers
v000001e6983ff250_0 .net *"_ivl_623", 7 0, L_000001e698468540;  1 drivers
v000001e6983fd6d0_0 .net *"_ivl_624", 9 0, L_000001e698469a80;  1 drivers
L_000001e69840cfa0 .functor BUFT 1, C4<00>, C4<0>, C4<0>, C4<0>;
v000001e6983ff2f0_0 .net *"_ivl_627", 1 0, L_000001e69840cfa0;  1 drivers
v000001e6983fcd70_0 .net *"_ivl_628", 9 0, L_000001e69846a2a0;  1 drivers
v000001e6983fe990_0 .net *"_ivl_63", 7 0, L_000001e6984086e0;  1 drivers
v000001e6983fd1d0_0 .net *"_ivl_630", 9 0, L_000001e698469940;  1 drivers
v000001e6983fe3f0_0 .net *"_ivl_632", 9 0, L_000001e69846a700;  1 drivers
v000001e6983fe030_0 .net *"_ivl_635", 7 0, L_000001e698468900;  1 drivers
v000001e6983fe710_0 .net *"_ivl_637", 7 0, L_000001e69846a3e0;  1 drivers
v000001e6983fdbd0_0 .net *"_ivl_638", 0 0, L_000001e698469b20;  1 drivers
v000001e6983fe0d0_0 .net *"_ivl_64", 9 0, L_000001e6984094a0;  1 drivers
v000001e6983fcf50_0 .net *"_ivl_641", 7 0, L_000001e69846a5c0;  1 drivers
v000001e6983fe7b0_0 .net *"_ivl_642", 9 0, L_000001e698469bc0;  1 drivers
L_000001e69840cfe8 .functor BUFT 1, C4<00>, C4<0>, C4<0>, C4<0>;
v000001e6983fea30_0 .net *"_ivl_645", 1 0, L_000001e69840cfe8;  1 drivers
v000001e6983fe170_0 .net *"_ivl_647", 7 0, L_000001e698469080;  1 drivers
v000001e6983fe210_0 .net *"_ivl_648", 9 0, L_000001e698468ea0;  1 drivers
L_000001e69840d030 .functor BUFT 1, C4<00>, C4<0>, C4<0>, C4<0>;
v000001e6983fead0_0 .net *"_ivl_651", 1 0, L_000001e69840d030;  1 drivers
v000001e6983fe2b0_0 .net *"_ivl_652", 9 0, L_000001e698469f80;  1 drivers
v000001e6983feb70_0 .net *"_ivl_655", 7 0, L_000001e698469440;  1 drivers
v000001e6983fec10_0 .net *"_ivl_656", 9 0, L_000001e698469260;  1 drivers
L_000001e69840d078 .functor BUFT 1, C4<00>, C4<0>, C4<0>, C4<0>;
v000001e6983fedf0_0 .net *"_ivl_659", 1 0, L_000001e69840d078;  1 drivers
v000001e6983fee90_0 .net *"_ivl_661", 7 0, L_000001e698469120;  1 drivers
v000001e6983fef30_0 .net *"_ivl_662", 9 0, L_000001e698468a40;  1 drivers
L_000001e69840d0c0 .functor BUFT 1, C4<00>, C4<0>, C4<0>, C4<0>;
v000001e6983fefd0_0 .net *"_ivl_665", 1 0, L_000001e69840d0c0;  1 drivers
v000001e6983ff070_0 .net *"_ivl_666", 9 0, L_000001e698468c20;  1 drivers
v000001e6983fce10_0 .net *"_ivl_668", 9 0, L_000001e69846a160;  1 drivers
L_000001e69840bec0 .functor BUFT 1, C4<00>, C4<0>, C4<0>, C4<0>;
v000001e6983fceb0_0 .net *"_ivl_67", 1 0, L_000001e69840bec0;  1 drivers
v000001e6983fd4f0_0 .net *"_ivl_673", 7 0, L_000001e698468720;  1 drivers
v000001e6983fd270_0 .net *"_ivl_675", 7 0, L_000001e698468cc0;  1 drivers
v000001e6983fd310_0 .net *"_ivl_676", 0 0, L_000001e6984691c0;  1 drivers
v000001e6983fd3b0_0 .net *"_ivl_679", 7 0, L_000001e698469da0;  1 drivers
v000001e6983fd450_0 .net *"_ivl_68", 9 0, L_000001e698409720;  1 drivers
v000001e6983fd590_0 .net *"_ivl_680", 9 0, L_000001e69846a520;  1 drivers
L_000001e69840d108 .functor BUFT 1, C4<00>, C4<0>, C4<0>, C4<0>;
v000001e6983ffbb0_0 .net *"_ivl_683", 1 0, L_000001e69840d108;  1 drivers
v000001e6983ffc50_0 .net *"_ivl_685", 7 0, L_000001e698469ee0;  1 drivers
v000001e6983ffa70_0 .net *"_ivl_686", 9 0, L_000001e698468fe0;  1 drivers
L_000001e69840d150 .functor BUFT 1, C4<00>, C4<0>, C4<0>, C4<0>;
v000001e698400330_0 .net *"_ivl_689", 1 0, L_000001e69840d150;  1 drivers
v000001e6984006f0_0 .net *"_ivl_690", 9 0, L_000001e6984684a0;  1 drivers
v000001e6984005b0_0 .net *"_ivl_693", 7 0, L_000001e698468f40;  1 drivers
v000001e6983ff610_0 .net *"_ivl_694", 9 0, L_000001e698469e40;  1 drivers
L_000001e69840d198 .functor BUFT 1, C4<00>, C4<0>, C4<0>, C4<0>;
v000001e6983ff750_0 .net *"_ivl_697", 1 0, L_000001e69840d198;  1 drivers
v000001e6983ffcf0_0 .net *"_ivl_699", 7 0, L_000001e6984693a0;  1 drivers
v000001e6983ff6b0_0 .net *"_ivl_7", 7 0, L_000001e6984097c0;  1 drivers
v000001e6983ffed0_0 .net *"_ivl_70", 9 0, L_000001e698408fa0;  1 drivers
v000001e698400b50_0 .net *"_ivl_700", 9 0, L_000001e698469300;  1 drivers
L_000001e69840d1e0 .functor BUFT 1, C4<00>, C4<0>, C4<0>, C4<0>;
v000001e6983ff570_0 .net *"_ivl_703", 1 0, L_000001e69840d1e0;  1 drivers
v000001e698400790_0 .net *"_ivl_704", 9 0, L_000001e69846a8e0;  1 drivers
v000001e698400830_0 .net *"_ivl_706", 9 0, L_000001e6984694e0;  1 drivers
v000001e6984003d0_0 .net *"_ivl_709", 7 0, L_000001e69846a660;  1 drivers
v000001e6984008d0_0 .net *"_ivl_711", 7 0, L_000001e698469c60;  1 drivers
v000001e6983ff890_0 .net *"_ivl_712", 0 0, L_000001e698469580;  1 drivers
v000001e698400970_0 .net *"_ivl_715", 7 0, L_000001e69846a020;  1 drivers
v000001e698400a10_0 .net *"_ivl_716", 9 0, L_000001e698469d00;  1 drivers
L_000001e69840d228 .functor BUFT 1, C4<00>, C4<0>, C4<0>, C4<0>;
v000001e6983ffd90_0 .net *"_ivl_719", 1 0, L_000001e69840d228;  1 drivers
v000001e6983ffb10_0 .net *"_ivl_72", 9 0, L_000001e698408e60;  1 drivers
v000001e6983ff7f0_0 .net *"_ivl_721", 7 0, L_000001e6984689a0;  1 drivers
v000001e6983fff70_0 .net *"_ivl_722", 9 0, L_000001e698469620;  1 drivers
L_000001e69840d270 .functor BUFT 1, C4<00>, C4<0>, C4<0>, C4<0>;
v000001e698400290_0 .net *"_ivl_725", 1 0, L_000001e69840d270;  1 drivers
v000001e698400ab0_0 .net *"_ivl_726", 9 0, L_000001e6984696c0;  1 drivers
v000001e6983ff930_0 .net *"_ivl_729", 7 0, L_000001e6984699e0;  1 drivers
v000001e6983ff9d0_0 .net *"_ivl_730", 9 0, L_000001e69846a7a0;  1 drivers
L_000001e69840d2b8 .functor BUFT 1, C4<00>, C4<0>, C4<0>, C4<0>;
v000001e6983ffe30_0 .net *"_ivl_733", 1 0, L_000001e69840d2b8;  1 drivers
v000001e6984001f0_0 .net *"_ivl_735", 7 0, L_000001e698468d60;  1 drivers
v000001e698400010_0 .net *"_ivl_736", 9 0, L_000001e698468e00;  1 drivers
L_000001e69840d300 .functor BUFT 1, C4<00>, C4<0>, C4<0>, C4<0>;
v000001e6984000b0_0 .net *"_ivl_739", 1 0, L_000001e69840d300;  1 drivers
v000001e698400150_0 .net *"_ivl_740", 9 0, L_000001e69846a0c0;  1 drivers
v000001e6983ff4d0_0 .net *"_ivl_742", 9 0, L_000001e698468ae0;  1 drivers
v000001e698400470_0 .net *"_ivl_744", 9 0, L_000001e69846a200;  1 drivers
v000001e698400510_0 .net *"_ivl_747", 7 0, L_000001e698469760;  1 drivers
v000001e698400650_0 .net *"_ivl_749", 7 0, L_000001e698469800;  1 drivers
v000001e698404130_0 .net *"_ivl_75", 7 0, L_000001e6984092c0;  1 drivers
v000001e698402290_0 .net *"_ivl_750", 0 0, L_000001e69846a840;  1 drivers
v000001e698403b90_0 .net *"_ivl_753", 7 0, L_000001e698468360;  1 drivers
v000001e698402bf0_0 .net *"_ivl_754", 9 0, L_000001e698468680;  1 drivers
L_000001e69840d348 .functor BUFT 1, C4<00>, C4<0>, C4<0>, C4<0>;
v000001e698402a10_0 .net *"_ivl_757", 1 0, L_000001e69840d348;  1 drivers
v000001e698404090_0 .net *"_ivl_759", 7 0, L_000001e698468180;  1 drivers
v000001e698403af0_0 .net *"_ivl_760", 9 0, L_000001e698468220;  1 drivers
L_000001e69840d390 .functor BUFT 1, C4<00>, C4<0>, C4<0>, C4<0>;
v000001e698403c30_0 .net *"_ivl_763", 1 0, L_000001e69840d390;  1 drivers
v000001e698403410_0 .net *"_ivl_764", 9 0, L_000001e6984682c0;  1 drivers
v000001e698403cd0_0 .net *"_ivl_767", 7 0, L_000001e698468400;  1 drivers
v000001e698403d70_0 .net *"_ivl_768", 9 0, L_000001e6984685e0;  1 drivers
v000001e6984034b0_0 .net *"_ivl_77", 7 0, L_000001e698409a40;  1 drivers
L_000001e69840d3d8 .functor BUFT 1, C4<00>, C4<0>, C4<0>, C4<0>;
v000001e698402470_0 .net *"_ivl_771", 1 0, L_000001e69840d3d8;  1 drivers
v000001e698403eb0_0 .net *"_ivl_773", 7 0, L_000001e6984687c0;  1 drivers
v000001e6984025b0_0 .net *"_ivl_774", 9 0, L_000001e698468860;  1 drivers
L_000001e69840d420 .functor BUFT 1, C4<00>, C4<0>, C4<0>, C4<0>;
v000001e6984041d0_0 .net *"_ivl_777", 1 0, L_000001e69840d420;  1 drivers
v000001e698402790_0 .net *"_ivl_778", 9 0, L_000001e698468b80;  1 drivers
v000001e698404270_0 .net *"_ivl_78", 0 0, L_000001e698408820;  1 drivers
v000001e698404310_0 .net *"_ivl_780", 9 0, L_000001e69846bba0;  1 drivers
v000001e698402650_0 .net *"_ivl_785", 7 0, L_000001e69846b740;  1 drivers
v000001e6984043b0_0 .net *"_ivl_787", 7 0, L_000001e69846ade0;  1 drivers
v000001e698402c90_0 .net *"_ivl_788", 0 0, L_000001e69846ad40;  1 drivers
v000001e698404450_0 .net *"_ivl_791", 7 0, L_000001e69846a980;  1 drivers
v000001e698401cf0_0 .net *"_ivl_792", 9 0, L_000001e69846ca00;  1 drivers
L_000001e69840d468 .functor BUFT 1, C4<00>, C4<0>, C4<0>, C4<0>;
v000001e698403870_0 .net *"_ivl_795", 1 0, L_000001e69840d468;  1 drivers
v000001e698402150_0 .net *"_ivl_797", 7 0, L_000001e69846cfa0;  1 drivers
v000001e698403370_0 .net *"_ivl_798", 9 0, L_000001e69846c500;  1 drivers
v000001e698402d30_0 .net *"_ivl_8", 9 0, L_000001e698409360;  1 drivers
L_000001e69840d4b0 .functor BUFT 1, C4<00>, C4<0>, C4<0>, C4<0>;
v000001e698403550_0 .net *"_ivl_801", 1 0, L_000001e69840d4b0;  1 drivers
v000001e698402970_0 .net *"_ivl_802", 9 0, L_000001e69846cf00;  1 drivers
v000001e698402dd0_0 .net *"_ivl_805", 7 0, L_000001e69846c8c0;  1 drivers
v000001e6984035f0_0 .net *"_ivl_806", 9 0, L_000001e69846b7e0;  1 drivers
L_000001e69840d4f8 .functor BUFT 1, C4<00>, C4<0>, C4<0>, C4<0>;
v000001e698402ab0_0 .net *"_ivl_809", 1 0, L_000001e69840d4f8;  1 drivers
v000001e698403910_0 .net *"_ivl_81", 7 0, L_000001e698408a00;  1 drivers
v000001e698402b50_0 .net *"_ivl_811", 7 0, L_000001e69846ae80;  1 drivers
v000001e698402e70_0 .net *"_ivl_812", 9 0, L_000001e69846af20;  1 drivers
L_000001e69840d540 .functor BUFT 1, C4<00>, C4<0>, C4<0>, C4<0>;
v000001e6984026f0_0 .net *"_ivl_815", 1 0, L_000001e69840d540;  1 drivers
v000001e698403230_0 .net *"_ivl_816", 9 0, L_000001e69846b4c0;  1 drivers
v000001e6984032d0_0 .net *"_ivl_818", 9 0, L_000001e69846d0e0;  1 drivers
v000001e698402330_0 .net *"_ivl_82", 9 0, L_000001e698409900;  1 drivers
v000001e6984021f0_0 .net *"_ivl_821", 7 0, L_000001e69846caa0;  1 drivers
v000001e698403f50_0 .net *"_ivl_823", 7 0, L_000001e69846d040;  1 drivers
v000001e698402f10_0 .net *"_ivl_824", 0 0, L_000001e69846c5a0;  1 drivers
v000001e698402fb0_0 .net *"_ivl_827", 7 0, L_000001e69846c960;  1 drivers
v000001e698403690_0 .net *"_ivl_828", 9 0, L_000001e69846c3c0;  1 drivers
L_000001e69840d588 .functor BUFT 1, C4<00>, C4<0>, C4<0>, C4<0>;
v000001e698403730_0 .net *"_ivl_831", 1 0, L_000001e69840d588;  1 drivers
v000001e698403050_0 .net *"_ivl_833", 7 0, L_000001e69846cd20;  1 drivers
v000001e698402510_0 .net *"_ivl_834", 9 0, L_000001e69846c000;  1 drivers
L_000001e69840d5d0 .functor BUFT 1, C4<00>, C4<0>, C4<0>, C4<0>;
v000001e6984020b0_0 .net *"_ivl_837", 1 0, L_000001e69840d5d0;  1 drivers
v000001e6984023d0_0 .net *"_ivl_838", 9 0, L_000001e69846c140;  1 drivers
v000001e698403e10_0 .net *"_ivl_841", 7 0, L_000001e69846c0a0;  1 drivers
v000001e6984030f0_0 .net *"_ivl_842", 9 0, L_000001e69846c1e0;  1 drivers
L_000001e69840d618 .functor BUFT 1, C4<00>, C4<0>, C4<0>, C4<0>;
v000001e698401d90_0 .net *"_ivl_845", 1 0, L_000001e69840d618;  1 drivers
v000001e698403ff0_0 .net *"_ivl_847", 7 0, L_000001e69846aac0;  1 drivers
v000001e6984028d0_0 .net *"_ivl_848", 9 0, L_000001e69846afc0;  1 drivers
L_000001e69840bf08 .functor BUFT 1, C4<00>, C4<0>, C4<0>, C4<0>;
v000001e698401e30_0 .net *"_ivl_85", 1 0, L_000001e69840bf08;  1 drivers
L_000001e69840d660 .functor BUFT 1, C4<00>, C4<0>, C4<0>, C4<0>;
v000001e698401ed0_0 .net *"_ivl_851", 1 0, L_000001e69840d660;  1 drivers
v000001e6984037d0_0 .net *"_ivl_852", 9 0, L_000001e69846c6e0;  1 drivers
v000001e6984039b0_0 .net *"_ivl_854", 9 0, L_000001e69846c780;  1 drivers
v000001e698401f70_0 .net *"_ivl_856", 9 0, L_000001e69846cb40;  1 drivers
v000001e698402830_0 .net *"_ivl_859", 7 0, L_000001e69846aa20;  1 drivers
v000001e698402010_0 .net *"_ivl_861", 7 0, L_000001e69846b100;  1 drivers
v000001e698403190_0 .net *"_ivl_862", 0 0, L_000001e69846cbe0;  1 drivers
v000001e698403a50_0 .net *"_ivl_865", 7 0, L_000001e69846c820;  1 drivers
v000001e698405b70_0 .net *"_ivl_866", 9 0, L_000001e69846cdc0;  1 drivers
L_000001e69840d6a8 .functor BUFT 1, C4<00>, C4<0>, C4<0>, C4<0>;
v000001e698404590_0 .net *"_ivl_869", 1 0, L_000001e69840d6a8;  1 drivers
v000001e6984057b0_0 .net *"_ivl_87", 7 0, L_000001e6984085a0;  1 drivers
v000001e698405850_0 .net *"_ivl_871", 7 0, L_000001e69846be20;  1 drivers
v000001e6984053f0_0 .net *"_ivl_872", 9 0, L_000001e69846ab60;  1 drivers
L_000001e69840d6f0 .functor BUFT 1, C4<00>, C4<0>, C4<0>, C4<0>;
v000001e698405710_0 .net *"_ivl_875", 1 0, L_000001e69840d6f0;  1 drivers
v000001e6984048b0_0 .net *"_ivl_876", 9 0, L_000001e69846b060;  1 drivers
v000001e698404950_0 .net *"_ivl_879", 7 0, L_000001e69846cc80;  1 drivers
v000001e6984049f0_0 .net *"_ivl_88", 9 0, L_000001e698409040;  1 drivers
v000001e698404db0_0 .net *"_ivl_880", 9 0, L_000001e69846bc40;  1 drivers
L_000001e69840d738 .functor BUFT 1, C4<00>, C4<0>, C4<0>, C4<0>;
v000001e6984058f0_0 .net *"_ivl_883", 1 0, L_000001e69840d738;  1 drivers
v000001e698404630_0 .net *"_ivl_885", 7 0, L_000001e69846ba60;  1 drivers
v000001e698405490_0 .net *"_ivl_886", 9 0, L_000001e69846b920;  1 drivers
L_000001e69840d780 .functor BUFT 1, C4<00>, C4<0>, C4<0>, C4<0>;
v000001e698404c70_0 .net *"_ivl_889", 1 0, L_000001e69840d780;  1 drivers
v000001e698405990_0 .net *"_ivl_890", 9 0, L_000001e69846ce60;  1 drivers
v000001e698404d10_0 .net *"_ivl_892", 9 0, L_000001e69846ac00;  1 drivers
L_000001e69840bf50 .functor BUFT 1, C4<00>, C4<0>, C4<0>, C4<0>;
v000001e698405350_0 .net *"_ivl_91", 1 0, L_000001e69840bf50;  1 drivers
v000001e698404e50_0 .net *"_ivl_92", 9 0, L_000001e698408c80;  1 drivers
v000001e698405a30_0 .net *"_ivl_95", 7 0, L_000001e698408640;  1 drivers
v000001e698404ef0_0 .net *"_ivl_96", 9 0, L_000001e69845bee0;  1 drivers
L_000001e69840bf98 .functor BUFT 1, C4<00>, C4<0>, C4<0>, C4<0>;
v000001e698405530_0 .net *"_ivl_99", 1 0, L_000001e69840bf98;  1 drivers
v000001e698405ad0_0 .net "c_en", 0 0, o000001e6983b5308;  alias, 0 drivers
v000001e6984044f0_0 .net "c_in0", 23 0, o000001e6983b5338;  alias, 0 drivers
v000001e6984046d0_0 .net "c_in1", 23 0, o000001e6983b5368;  alias, 0 drivers
v000001e698404770_0 .net "c_in2", 23 0, o000001e6983b5398;  alias, 0 drivers
v000001e698405670_0 .net "c_in3", 23 0, o000001e6983b53c8;  alias, 0 drivers
v000001e698404810_0 .net "c_in4", 23 0, o000001e6983b53f8;  alias, 0 drivers
v000001e698404a90_0 .net "c_in5", 23 0, o000001e6983b5428;  alias, 0 drivers
v000001e698404b30_0 .net "c_in6", 23 0, o000001e6983b5458;  alias, 0 drivers
v000001e6984055d0_0 .net "c_in7", 23 0, o000001e6983b5488;  alias, 0 drivers
v000001e698404bd0_0 .net "clear", 0 0, o000001e6983b54b8;  alias, 0 drivers
v000001e698404f90_0 .net "clk", 0 0, o000001e6983b54e8;  alias, 0 drivers
v000001e698405030_0 .net "d_0", 9 0, L_000001e69845a680;  alias, 1 drivers
v000001e6984050d0_0 .net "d_1", 9 0, L_000001e69845bbc0;  alias, 1 drivers
v000001e698405170_0 .net "d_2", 9 0, L_000001e69845d740;  alias, 1 drivers
v000001e698405210_0 .net "d_3", 9 0, L_000001e69845f9a0;  alias, 1 drivers
v000001e6984052b0_0 .net "d_4", 9 0, L_000001e69845a400;  alias, 1 drivers
v000001e698407380_0 .net "d_5", 9 0, L_000001e69846a480;  alias, 1 drivers
v000001e698406980_0 .net "d_6", 9 0, L_000001e69846c640;  alias, 1 drivers
v000001e6984074c0_0 .net "d_7", 9 0, L_000001e69846aca0;  alias, 1 drivers
v000001e698408280_0 .net "if_en", 0 0, o000001e6983b5698;  alias, 0 drivers
v000001e698407880_0 .net "if_in", 23 0, o000001e6983b56c8;  alias, 0 drivers
v000001e698406a20_0 .net "rst", 0 0, o000001e6983b56f8;  alias, 0 drivers
v000001e698408000_0 .var "t_0", 23 0;
v000001e698405e40_0 .var "t_1", 23 0;
v000001e698405f80_0 .var "t_2", 23 0;
v000001e698406ac0_0 .var "t_3", 23 0;
v000001e698407420_0 .var "t_4", 23 0;
v000001e698406b60_0 .var "t_5", 23 0;
v000001e698406840_0 .var "t_6", 23 0;
v000001e698406f20_0 .var "t_7", 23 0;
v000001e698408320_0 .var "t_in", 23 0;
E_000001e6980029a0/0 .event anyedge, v000001e698406a20_0;
E_000001e6980029a0/1 .event posedge, v000001e698404f90_0;
E_000001e6980029a0 .event/or E_000001e6980029a0/0, E_000001e6980029a0/1;
L_000001e698406700 .part v000001e698408320_0, 0, 8;
L_000001e698408d20 .part v000001e698408000_0, 0, 8;
L_000001e6984090e0 .cmp/ge 8, L_000001e698406700, L_000001e698408d20;
L_000001e6984097c0 .part v000001e698408320_0, 0, 8;
L_000001e698409360 .concat [ 8 2 0 0], L_000001e6984097c0, L_000001e69840bcc8;
L_000001e698408960 .part v000001e698408000_0, 0, 8;
L_000001e6984088c0 .concat [ 8 2 0 0], L_000001e698408960, L_000001e69840bd10;
L_000001e6984099a0 .arith/sub 10, L_000001e698409360, L_000001e6984088c0;
L_000001e698409180 .part v000001e698408000_0, 0, 8;
L_000001e698408500 .concat [ 8 2 0 0], L_000001e698409180, L_000001e69840bd58;
L_000001e698409680 .part v000001e698408320_0, 0, 8;
L_000001e698409860 .concat [ 8 2 0 0], L_000001e698409680, L_000001e69840bda0;
L_000001e698408780 .arith/sub 10, L_000001e698408500, L_000001e698409860;
L_000001e698408be0 .functor MUXZ 10, L_000001e698408780, L_000001e6984099a0, L_000001e6984090e0, C4<>;
L_000001e698408b40 .part v000001e698408320_0, 8, 8;
L_000001e698409b80 .part v000001e698408000_0, 8, 8;
L_000001e698409400 .cmp/ge 8, L_000001e698408b40, L_000001e698409b80;
L_000001e698409ae0 .part v000001e698408320_0, 8, 8;
L_000001e698408aa0 .concat [ 8 2 0 0], L_000001e698409ae0, L_000001e69840bde8;
L_000001e698408f00 .part v000001e698408000_0, 8, 8;
L_000001e698409540 .concat [ 8 2 0 0], L_000001e698408f00, L_000001e69840be30;
L_000001e698409220 .arith/sub 10, L_000001e698408aa0, L_000001e698409540;
L_000001e6984095e0 .part v000001e698408000_0, 8, 8;
L_000001e698408dc0 .concat [ 8 2 0 0], L_000001e6984095e0, L_000001e69840be78;
L_000001e6984086e0 .part v000001e698408320_0, 8, 8;
L_000001e6984094a0 .concat [ 8 2 0 0], L_000001e6984086e0, L_000001e69840bec0;
L_000001e698409720 .arith/sub 10, L_000001e698408dc0, L_000001e6984094a0;
L_000001e698408fa0 .functor MUXZ 10, L_000001e698409720, L_000001e698409220, L_000001e698409400, C4<>;
L_000001e698408e60 .arith/sum 10, L_000001e698408be0, L_000001e698408fa0;
L_000001e6984092c0 .part v000001e698408320_0, 16, 8;
L_000001e698409a40 .part v000001e698408000_0, 16, 8;
L_000001e698408820 .cmp/ge 8, L_000001e6984092c0, L_000001e698409a40;
L_000001e698408a00 .part v000001e698408320_0, 16, 8;
L_000001e698409900 .concat [ 8 2 0 0], L_000001e698408a00, L_000001e69840bf08;
L_000001e6984085a0 .part v000001e698408000_0, 16, 8;
L_000001e698409040 .concat [ 8 2 0 0], L_000001e6984085a0, L_000001e69840bf50;
L_000001e698408c80 .arith/sub 10, L_000001e698409900, L_000001e698409040;
L_000001e698408640 .part v000001e698408000_0, 16, 8;
L_000001e69845bee0 .concat [ 8 2 0 0], L_000001e698408640, L_000001e69840bf98;
L_000001e69845bda0 .part v000001e698408320_0, 16, 8;
L_000001e69845aae0 .concat [ 8 2 0 0], L_000001e69845bda0, L_000001e69840bfe0;
L_000001e69845c840 .arith/sub 10, L_000001e69845bee0, L_000001e69845aae0;
L_000001e69845bf80 .functor MUXZ 10, L_000001e69845c840, L_000001e698408c80, L_000001e698408820, C4<>;
L_000001e69845a680 .arith/sum 10, L_000001e698408e60, L_000001e69845bf80;
L_000001e69845c520 .part v000001e698408320_0, 0, 8;
L_000001e69845a7c0 .part v000001e698405e40_0, 0, 8;
L_000001e69845b080 .cmp/ge 8, L_000001e69845c520, L_000001e69845a7c0;
L_000001e69845c980 .part v000001e698408320_0, 0, 8;
L_000001e69845ab80 .concat [ 8 2 0 0], L_000001e69845c980, L_000001e69840c028;
L_000001e69845cca0 .part v000001e698405e40_0, 0, 8;
L_000001e69845c7a0 .concat [ 8 2 0 0], L_000001e69845cca0, L_000001e69840c070;
L_000001e69845b8a0 .arith/sub 10, L_000001e69845ab80, L_000001e69845c7a0;
L_000001e69845ad60 .part v000001e698405e40_0, 0, 8;
L_000001e69845c8e0 .concat [ 8 2 0 0], L_000001e69845ad60, L_000001e69840c0b8;
L_000001e69845c5c0 .part v000001e698408320_0, 0, 8;
L_000001e69845bd00 .concat [ 8 2 0 0], L_000001e69845c5c0, L_000001e69840c100;
L_000001e69845a860 .arith/sub 10, L_000001e69845c8e0, L_000001e69845bd00;
L_000001e69845b260 .functor MUXZ 10, L_000001e69845a860, L_000001e69845b8a0, L_000001e69845b080, C4<>;
L_000001e69845b300 .part v000001e698408320_0, 8, 8;
L_000001e69845b760 .part v000001e698405e40_0, 8, 8;
L_000001e69845c020 .cmp/ge 8, L_000001e69845b300, L_000001e69845b760;
L_000001e69845a540 .part v000001e698408320_0, 8, 8;
L_000001e69845ca20 .concat [ 8 2 0 0], L_000001e69845a540, L_000001e69840c148;
L_000001e69845a9a0 .part v000001e698405e40_0, 8, 8;
L_000001e69845b120 .concat [ 8 2 0 0], L_000001e69845a9a0, L_000001e69840c190;
L_000001e69845b440 .arith/sub 10, L_000001e69845ca20, L_000001e69845b120;
L_000001e69845bc60 .part v000001e698405e40_0, 8, 8;
L_000001e69845c480 .concat [ 8 2 0 0], L_000001e69845bc60, L_000001e69840c1d8;
L_000001e69845b9e0 .part v000001e698408320_0, 8, 8;
L_000001e69845a900 .concat [ 8 2 0 0], L_000001e69845b9e0, L_000001e69840c220;
L_000001e69845c660 .arith/sub 10, L_000001e69845c480, L_000001e69845a900;
L_000001e69845c700 .functor MUXZ 10, L_000001e69845c660, L_000001e69845b440, L_000001e69845c020, C4<>;
L_000001e69845b1c0 .arith/sum 10, L_000001e69845b260, L_000001e69845c700;
L_000001e69845cac0 .part v000001e698408320_0, 16, 8;
L_000001e69845a5e0 .part v000001e698405e40_0, 16, 8;
L_000001e69845cb60 .cmp/ge 8, L_000001e69845cac0, L_000001e69845a5e0;
L_000001e69845c160 .part v000001e698408320_0, 16, 8;
L_000001e69845aa40 .concat [ 8 2 0 0], L_000001e69845c160, L_000001e69840c268;
L_000001e69845b3a0 .part v000001e698405e40_0, 16, 8;
L_000001e69845ac20 .concat [ 8 2 0 0], L_000001e69845b3a0, L_000001e69840c2b0;
L_000001e69845a720 .arith/sub 10, L_000001e69845aa40, L_000001e69845ac20;
L_000001e69845acc0 .part v000001e698405e40_0, 16, 8;
L_000001e69845ae00 .concat [ 8 2 0 0], L_000001e69845acc0, L_000001e69840c2f8;
L_000001e69845c2a0 .part v000001e698408320_0, 16, 8;
L_000001e69845cc00 .concat [ 8 2 0 0], L_000001e69845c2a0, L_000001e69840c340;
L_000001e69845aea0 .arith/sub 10, L_000001e69845ae00, L_000001e69845cc00;
L_000001e69845bb20 .functor MUXZ 10, L_000001e69845aea0, L_000001e69845a720, L_000001e69845cb60, C4<>;
L_000001e69845bbc0 .arith/sum 10, L_000001e69845b1c0, L_000001e69845bb20;
L_000001e69845c0c0 .part v000001e698408320_0, 0, 8;
L_000001e69845be40 .part v000001e698405e40_0, 0, 8;
L_000001e69845b4e0 .cmp/ge 8, L_000001e69845c0c0, L_000001e69845be40;
L_000001e69845af40 .part v000001e698408320_0, 0, 8;
L_000001e69845afe0 .concat [ 8 2 0 0], L_000001e69845af40, L_000001e69840c388;
L_000001e69845c200 .part v000001e698405f80_0, 0, 8;
L_000001e69845b580 .concat [ 8 2 0 0], L_000001e69845c200, L_000001e69840c3d0;
L_000001e69845b620 .arith/sub 10, L_000001e69845afe0, L_000001e69845b580;
L_000001e69845b6c0 .part v000001e698405f80_0, 0, 8;
L_000001e69845b800 .concat [ 8 2 0 0], L_000001e69845b6c0, L_000001e69840c418;
L_000001e69845b940 .part v000001e698408320_0, 0, 8;
L_000001e69845ba80 .concat [ 8 2 0 0], L_000001e69845b940, L_000001e69840c460;
L_000001e69845c3e0 .arith/sub 10, L_000001e69845b800, L_000001e69845ba80;
L_000001e69845c340 .functor MUXZ 10, L_000001e69845c3e0, L_000001e69845b620, L_000001e69845b4e0, C4<>;
L_000001e69845e280 .part v000001e698408320_0, 8, 8;
L_000001e69845de20 .part v000001e698405f80_0, 8, 8;
L_000001e69845ec80 .cmp/ge 8, L_000001e69845e280, L_000001e69845de20;
L_000001e69845dec0 .part v000001e698408320_0, 8, 8;
L_000001e69845d4c0 .concat [ 8 2 0 0], L_000001e69845dec0, L_000001e69840c4a8;
L_000001e69845d600 .part v000001e698405f80_0, 8, 8;
L_000001e69845f220 .concat [ 8 2 0 0], L_000001e69845d600, L_000001e69840c4f0;
L_000001e69845f2c0 .arith/sub 10, L_000001e69845d4c0, L_000001e69845f220;
L_000001e69845d6a0 .part v000001e698405f80_0, 8, 8;
L_000001e69845f180 .concat [ 8 2 0 0], L_000001e69845d6a0, L_000001e69840c538;
L_000001e69845f360 .part v000001e698408320_0, 8, 8;
L_000001e69845e140 .concat [ 8 2 0 0], L_000001e69845f360, L_000001e69840c580;
L_000001e69845e960 .arith/sub 10, L_000001e69845f180, L_000001e69845e140;
L_000001e69845f400 .functor MUXZ 10, L_000001e69845e960, L_000001e69845f2c0, L_000001e69845ec80, C4<>;
L_000001e69845dba0 .arith/sum 10, L_000001e69845c340, L_000001e69845f400;
L_000001e69845dd80 .part v000001e698408320_0, 16, 8;
L_000001e69845db00 .part v000001e698405f80_0, 16, 8;
L_000001e69845e320 .cmp/ge 8, L_000001e69845dd80, L_000001e69845db00;
L_000001e69845d100 .part v000001e698408320_0, 16, 8;
L_000001e69845f4a0 .concat [ 8 2 0 0], L_000001e69845d100, L_000001e69840c5c8;
L_000001e69845e6e0 .part v000001e698405f80_0, 16, 8;
L_000001e69845e460 .concat [ 8 2 0 0], L_000001e69845e6e0, L_000001e69840c610;
L_000001e69845d2e0 .arith/sub 10, L_000001e69845f4a0, L_000001e69845e460;
L_000001e69845cd40 .part v000001e698405f80_0, 16, 8;
L_000001e69845cde0 .concat [ 8 2 0 0], L_000001e69845cd40, L_000001e69840c658;
L_000001e69845ea00 .part v000001e698408320_0, 16, 8;
L_000001e69845cfc0 .concat [ 8 2 0 0], L_000001e69845ea00, L_000001e69840c6a0;
L_000001e69845da60 .arith/sub 10, L_000001e69845cde0, L_000001e69845cfc0;
L_000001e69845ce80 .functor MUXZ 10, L_000001e69845da60, L_000001e69845d2e0, L_000001e69845e320, C4<>;
L_000001e69845d740 .arith/sum 10, L_000001e69845dba0, L_000001e69845ce80;
L_000001e69845edc0 .part v000001e698408320_0, 0, 8;
L_000001e69845cf20 .part v000001e698406ac0_0, 0, 8;
L_000001e69845e8c0 .cmp/ge 8, L_000001e69845edc0, L_000001e69845cf20;
L_000001e69845ed20 .part v000001e698408320_0, 0, 8;
L_000001e69845e780 .concat [ 8 2 0 0], L_000001e69845ed20, L_000001e69840c6e8;
L_000001e69845f0e0 .part v000001e698406ac0_0, 0, 8;
L_000001e69845e3c0 .concat [ 8 2 0 0], L_000001e69845f0e0, L_000001e69840c730;
L_000001e69845e500 .arith/sub 10, L_000001e69845e780, L_000001e69845e3c0;
L_000001e69845d060 .part v000001e698406ac0_0, 0, 8;
L_000001e69845dc40 .concat [ 8 2 0 0], L_000001e69845d060, L_000001e69840c778;
L_000001e69845dce0 .part v000001e698408320_0, 0, 8;
L_000001e69845d1a0 .concat [ 8 2 0 0], L_000001e69845dce0, L_000001e69840c7c0;
L_000001e69845e5a0 .arith/sub 10, L_000001e69845dc40, L_000001e69845d1a0;
L_000001e69845e820 .functor MUXZ 10, L_000001e69845e5a0, L_000001e69845e500, L_000001e69845e8c0, C4<>;
L_000001e69845d240 .part v000001e698408320_0, 8, 8;
L_000001e69845d560 .part v000001e698406ac0_0, 8, 8;
L_000001e69845d380 .cmp/ge 8, L_000001e69845d240, L_000001e69845d560;
L_000001e69845eaa0 .part v000001e698408320_0, 8, 8;
L_000001e69845d420 .concat [ 8 2 0 0], L_000001e69845eaa0, L_000001e69840c808;
L_000001e69845d7e0 .part v000001e698406ac0_0, 8, 8;
L_000001e69845ebe0 .concat [ 8 2 0 0], L_000001e69845d7e0, L_000001e69840c850;
L_000001e69845df60 .arith/sub 10, L_000001e69845d420, L_000001e69845ebe0;
L_000001e69845e640 .part v000001e698406ac0_0, 8, 8;
L_000001e69845e000 .concat [ 8 2 0 0], L_000001e69845e640, L_000001e69840c898;
L_000001e69845e0a0 .part v000001e698408320_0, 8, 8;
L_000001e69845d880 .concat [ 8 2 0 0], L_000001e69845e0a0, L_000001e69840c8e0;
L_000001e69845d920 .arith/sub 10, L_000001e69845e000, L_000001e69845d880;
L_000001e69845d9c0 .functor MUXZ 10, L_000001e69845d920, L_000001e69845df60, L_000001e69845d380, C4<>;
L_000001e69845e1e0 .arith/sum 10, L_000001e69845e820, L_000001e69845d9c0;
L_000001e69845eb40 .part v000001e698408320_0, 16, 8;
L_000001e69845ee60 .part v000001e698406ac0_0, 16, 8;
L_000001e69845ef00 .cmp/ge 8, L_000001e69845eb40, L_000001e69845ee60;
L_000001e69845efa0 .part v000001e698408320_0, 16, 8;
L_000001e69845f040 .concat [ 8 2 0 0], L_000001e69845efa0, L_000001e69840c928;
L_000001e69845fb80 .part v000001e698406ac0_0, 16, 8;
L_000001e69845fc20 .concat [ 8 2 0 0], L_000001e69845fb80, L_000001e69840c970;
L_000001e69845f7c0 .arith/sub 10, L_000001e69845f040, L_000001e69845fc20;
L_000001e69845f860 .part v000001e698406ac0_0, 16, 8;
L_000001e69845f540 .concat [ 8 2 0 0], L_000001e69845f860, L_000001e69840c9b8;
L_000001e69845fae0 .part v000001e698408320_0, 16, 8;
L_000001e69845fa40 .concat [ 8 2 0 0], L_000001e69845fae0, L_000001e69840ca00;
L_000001e69845f900 .arith/sub 10, L_000001e69845f540, L_000001e69845fa40;
L_000001e69845f5e0 .functor MUXZ 10, L_000001e69845f900, L_000001e69845f7c0, L_000001e69845ef00, C4<>;
L_000001e69845f9a0 .arith/sum 10, L_000001e69845e1e0, L_000001e69845f5e0;
L_000001e69845f680 .part v000001e698408320_0, 0, 8;
L_000001e69845f720 .part v000001e698407420_0, 0, 8;
L_000001e698458f60 .cmp/ge 8, L_000001e69845f680, L_000001e69845f720;
L_000001e6984590a0 .part v000001e698408320_0, 0, 8;
L_000001e698459a00 .concat [ 8 2 0 0], L_000001e6984590a0, L_000001e69840ca48;
L_000001e698459820 .part v000001e698407420_0, 0, 8;
L_000001e698459b40 .concat [ 8 2 0 0], L_000001e698459820, L_000001e69840ca90;
L_000001e698458740 .arith/sub 10, L_000001e698459a00, L_000001e698459b40;
L_000001e698457d40 .part v000001e698407420_0, 0, 8;
L_000001e698458a60 .concat [ 8 2 0 0], L_000001e698457d40, L_000001e69840cad8;
L_000001e698459be0 .part v000001e698408320_0, 0, 8;
L_000001e6984582e0 .concat [ 8 2 0 0], L_000001e698459be0, L_000001e69840cb20;
L_000001e6984587e0 .arith/sub 10, L_000001e698458a60, L_000001e6984582e0;
L_000001e698458ce0 .functor MUXZ 10, L_000001e6984587e0, L_000001e698458740, L_000001e698458f60, C4<>;
L_000001e698459d20 .part v000001e698408320_0, 8, 8;
L_000001e698458880 .part v000001e698407420_0, 8, 8;
L_000001e69845a2c0 .cmp/ge 8, L_000001e698459d20, L_000001e698458880;
L_000001e698459fa0 .part v000001e698408320_0, 8, 8;
L_000001e69845a040 .concat [ 8 2 0 0], L_000001e698459fa0, L_000001e69840cb68;
L_000001e69845a220 .part v000001e698407420_0, 8, 8;
L_000001e698459140 .concat [ 8 2 0 0], L_000001e69845a220, L_000001e69840cbb0;
L_000001e698459960 .arith/sub 10, L_000001e69845a040, L_000001e698459140;
L_000001e69845a360 .part v000001e698407420_0, 8, 8;
L_000001e698458c40 .concat [ 8 2 0 0], L_000001e69845a360, L_000001e69840cbf8;
L_000001e6984589c0 .part v000001e698408320_0, 8, 8;
L_000001e6984591e0 .concat [ 8 2 0 0], L_000001e6984589c0, L_000001e69840cc40;
L_000001e6984593c0 .arith/sub 10, L_000001e698458c40, L_000001e6984591e0;
L_000001e6984595a0 .functor MUXZ 10, L_000001e6984593c0, L_000001e698459960, L_000001e69845a2c0, C4<>;
L_000001e698458d80 .arith/sum 10, L_000001e698458ce0, L_000001e6984595a0;
L_000001e698457de0 .part v000001e698408320_0, 16, 8;
L_000001e69845a180 .part v000001e698407420_0, 16, 8;
L_000001e698458e20 .cmp/ge 8, L_000001e698457de0, L_000001e69845a180;
L_000001e698459640 .part v000001e698408320_0, 16, 8;
L_000001e698458560 .concat [ 8 2 0 0], L_000001e698459640, L_000001e69840cc88;
L_000001e698459280 .part v000001e698407420_0, 16, 8;
L_000001e698459320 .concat [ 8 2 0 0], L_000001e698459280, L_000001e69840ccd0;
L_000001e698458b00 .arith/sub 10, L_000001e698458560, L_000001e698459320;
L_000001e698459460 .part v000001e698407420_0, 16, 8;
L_000001e698458100 .concat [ 8 2 0 0], L_000001e698459460, L_000001e69840cd18;
L_000001e698459dc0 .part v000001e698408320_0, 16, 8;
L_000001e6984596e0 .concat [ 8 2 0 0], L_000001e698459dc0, L_000001e69840cd60;
L_000001e698459780 .arith/sub 10, L_000001e698458100, L_000001e6984596e0;
L_000001e698459e60 .functor MUXZ 10, L_000001e698459780, L_000001e698458b00, L_000001e698458e20, C4<>;
L_000001e69845a400 .arith/sum 10, L_000001e698458d80, L_000001e698459e60;
L_000001e698459aa0 .part v000001e698408320_0, 0, 8;
L_000001e6984584c0 .part v000001e698406b60_0, 0, 8;
L_000001e698458240 .cmp/ge 8, L_000001e698459aa0, L_000001e6984584c0;
L_000001e698458ba0 .part v000001e698408320_0, 0, 8;
L_000001e698459500 .concat [ 8 2 0 0], L_000001e698458ba0, L_000001e69840cda8;
L_000001e69845a4a0 .part v000001e698406b60_0, 0, 8;
L_000001e6984586a0 .concat [ 8 2 0 0], L_000001e69845a4a0, L_000001e69840cdf0;
L_000001e698457e80 .arith/sub 10, L_000001e698459500, L_000001e6984586a0;
L_000001e698459c80 .part v000001e698406b60_0, 0, 8;
L_000001e698459f00 .concat [ 8 2 0 0], L_000001e698459c80, L_000001e69840ce38;
L_000001e698458600 .part v000001e698408320_0, 0, 8;
L_000001e69845a0e0 .concat [ 8 2 0 0], L_000001e698458600, L_000001e69840ce80;
L_000001e698457f20 .arith/sub 10, L_000001e698459f00, L_000001e69845a0e0;
L_000001e698457fc0 .functor MUXZ 10, L_000001e698457f20, L_000001e698457e80, L_000001e698458240, C4<>;
L_000001e698458ec0 .part v000001e698408320_0, 8, 8;
L_000001e698458060 .part v000001e698406b60_0, 8, 8;
L_000001e698459000 .cmp/ge 8, L_000001e698458ec0, L_000001e698458060;
L_000001e6984598c0 .part v000001e698408320_0, 8, 8;
L_000001e6984581a0 .concat [ 8 2 0 0], L_000001e6984598c0, L_000001e69840cec8;
L_000001e698458380 .part v000001e698406b60_0, 8, 8;
L_000001e698458420 .concat [ 8 2 0 0], L_000001e698458380, L_000001e69840cf10;
L_000001e698458920 .arith/sub 10, L_000001e6984581a0, L_000001e698458420;
L_000001e6984698a0 .part v000001e698406b60_0, 8, 8;
L_000001e69846a340 .concat [ 8 2 0 0], L_000001e6984698a0, L_000001e69840cf58;
L_000001e698468540 .part v000001e698408320_0, 8, 8;
L_000001e698469a80 .concat [ 8 2 0 0], L_000001e698468540, L_000001e69840cfa0;
L_000001e69846a2a0 .arith/sub 10, L_000001e69846a340, L_000001e698469a80;
L_000001e698469940 .functor MUXZ 10, L_000001e69846a2a0, L_000001e698458920, L_000001e698459000, C4<>;
L_000001e69846a700 .arith/sum 10, L_000001e698457fc0, L_000001e698469940;
L_000001e698468900 .part v000001e698408320_0, 16, 8;
L_000001e69846a3e0 .part v000001e698406b60_0, 16, 8;
L_000001e698469b20 .cmp/ge 8, L_000001e698468900, L_000001e69846a3e0;
L_000001e69846a5c0 .part v000001e698408320_0, 16, 8;
L_000001e698469bc0 .concat [ 8 2 0 0], L_000001e69846a5c0, L_000001e69840cfe8;
L_000001e698469080 .part v000001e698406b60_0, 16, 8;
L_000001e698468ea0 .concat [ 8 2 0 0], L_000001e698469080, L_000001e69840d030;
L_000001e698469f80 .arith/sub 10, L_000001e698469bc0, L_000001e698468ea0;
L_000001e698469440 .part v000001e698406b60_0, 16, 8;
L_000001e698469260 .concat [ 8 2 0 0], L_000001e698469440, L_000001e69840d078;
L_000001e698469120 .part v000001e698408320_0, 16, 8;
L_000001e698468a40 .concat [ 8 2 0 0], L_000001e698469120, L_000001e69840d0c0;
L_000001e698468c20 .arith/sub 10, L_000001e698469260, L_000001e698468a40;
L_000001e69846a160 .functor MUXZ 10, L_000001e698468c20, L_000001e698469f80, L_000001e698469b20, C4<>;
L_000001e69846a480 .arith/sum 10, L_000001e69846a700, L_000001e69846a160;
L_000001e698468720 .part v000001e698408320_0, 0, 8;
L_000001e698468cc0 .part v000001e698406840_0, 0, 8;
L_000001e6984691c0 .cmp/ge 8, L_000001e698468720, L_000001e698468cc0;
L_000001e698469da0 .part v000001e698408320_0, 0, 8;
L_000001e69846a520 .concat [ 8 2 0 0], L_000001e698469da0, L_000001e69840d108;
L_000001e698469ee0 .part v000001e698406840_0, 0, 8;
L_000001e698468fe0 .concat [ 8 2 0 0], L_000001e698469ee0, L_000001e69840d150;
L_000001e6984684a0 .arith/sub 10, L_000001e69846a520, L_000001e698468fe0;
L_000001e698468f40 .part v000001e698406840_0, 0, 8;
L_000001e698469e40 .concat [ 8 2 0 0], L_000001e698468f40, L_000001e69840d198;
L_000001e6984693a0 .part v000001e698408320_0, 0, 8;
L_000001e698469300 .concat [ 8 2 0 0], L_000001e6984693a0, L_000001e69840d1e0;
L_000001e69846a8e0 .arith/sub 10, L_000001e698469e40, L_000001e698469300;
L_000001e6984694e0 .functor MUXZ 10, L_000001e69846a8e0, L_000001e6984684a0, L_000001e6984691c0, C4<>;
L_000001e69846a660 .part v000001e698408320_0, 8, 8;
L_000001e698469c60 .part v000001e698406840_0, 8, 8;
L_000001e698469580 .cmp/ge 8, L_000001e69846a660, L_000001e698469c60;
L_000001e69846a020 .part v000001e698408320_0, 8, 8;
L_000001e698469d00 .concat [ 8 2 0 0], L_000001e69846a020, L_000001e69840d228;
L_000001e6984689a0 .part v000001e698406840_0, 8, 8;
L_000001e698469620 .concat [ 8 2 0 0], L_000001e6984689a0, L_000001e69840d270;
L_000001e6984696c0 .arith/sub 10, L_000001e698469d00, L_000001e698469620;
L_000001e6984699e0 .part v000001e698406840_0, 8, 8;
L_000001e69846a7a0 .concat [ 8 2 0 0], L_000001e6984699e0, L_000001e69840d2b8;
L_000001e698468d60 .part v000001e698408320_0, 8, 8;
L_000001e698468e00 .concat [ 8 2 0 0], L_000001e698468d60, L_000001e69840d300;
L_000001e69846a0c0 .arith/sub 10, L_000001e69846a7a0, L_000001e698468e00;
L_000001e698468ae0 .functor MUXZ 10, L_000001e69846a0c0, L_000001e6984696c0, L_000001e698469580, C4<>;
L_000001e69846a200 .arith/sum 10, L_000001e6984694e0, L_000001e698468ae0;
L_000001e698469760 .part v000001e698408320_0, 16, 8;
L_000001e698469800 .part v000001e698406840_0, 16, 8;
L_000001e69846a840 .cmp/ge 8, L_000001e698469760, L_000001e698469800;
L_000001e698468360 .part v000001e698408320_0, 16, 8;
L_000001e698468680 .concat [ 8 2 0 0], L_000001e698468360, L_000001e69840d348;
L_000001e698468180 .part v000001e698406840_0, 16, 8;
L_000001e698468220 .concat [ 8 2 0 0], L_000001e698468180, L_000001e69840d390;
L_000001e6984682c0 .arith/sub 10, L_000001e698468680, L_000001e698468220;
L_000001e698468400 .part v000001e698406840_0, 16, 8;
L_000001e6984685e0 .concat [ 8 2 0 0], L_000001e698468400, L_000001e69840d3d8;
L_000001e6984687c0 .part v000001e698408320_0, 16, 8;
L_000001e698468860 .concat [ 8 2 0 0], L_000001e6984687c0, L_000001e69840d420;
L_000001e698468b80 .arith/sub 10, L_000001e6984685e0, L_000001e698468860;
L_000001e69846bba0 .functor MUXZ 10, L_000001e698468b80, L_000001e6984682c0, L_000001e69846a840, C4<>;
L_000001e69846c640 .arith/sum 10, L_000001e69846a200, L_000001e69846bba0;
L_000001e69846b740 .part v000001e698408320_0, 0, 8;
L_000001e69846ade0 .part v000001e698406f20_0, 0, 8;
L_000001e69846ad40 .cmp/ge 8, L_000001e69846b740, L_000001e69846ade0;
L_000001e69846a980 .part v000001e698408320_0, 0, 8;
L_000001e69846ca00 .concat [ 8 2 0 0], L_000001e69846a980, L_000001e69840d468;
L_000001e69846cfa0 .part v000001e698406f20_0, 0, 8;
L_000001e69846c500 .concat [ 8 2 0 0], L_000001e69846cfa0, L_000001e69840d4b0;
L_000001e69846cf00 .arith/sub 10, L_000001e69846ca00, L_000001e69846c500;
L_000001e69846c8c0 .part v000001e698406f20_0, 0, 8;
L_000001e69846b7e0 .concat [ 8 2 0 0], L_000001e69846c8c0, L_000001e69840d4f8;
L_000001e69846ae80 .part v000001e698408320_0, 0, 8;
L_000001e69846af20 .concat [ 8 2 0 0], L_000001e69846ae80, L_000001e69840d540;
L_000001e69846b4c0 .arith/sub 10, L_000001e69846b7e0, L_000001e69846af20;
L_000001e69846d0e0 .functor MUXZ 10, L_000001e69846b4c0, L_000001e69846cf00, L_000001e69846ad40, C4<>;
L_000001e69846caa0 .part v000001e698408320_0, 8, 8;
L_000001e69846d040 .part v000001e698406f20_0, 8, 8;
L_000001e69846c5a0 .cmp/ge 8, L_000001e69846caa0, L_000001e69846d040;
L_000001e69846c960 .part v000001e698408320_0, 8, 8;
L_000001e69846c3c0 .concat [ 8 2 0 0], L_000001e69846c960, L_000001e69840d588;
L_000001e69846cd20 .part v000001e698406f20_0, 8, 8;
L_000001e69846c000 .concat [ 8 2 0 0], L_000001e69846cd20, L_000001e69840d5d0;
L_000001e69846c140 .arith/sub 10, L_000001e69846c3c0, L_000001e69846c000;
L_000001e69846c0a0 .part v000001e698406f20_0, 8, 8;
L_000001e69846c1e0 .concat [ 8 2 0 0], L_000001e69846c0a0, L_000001e69840d618;
L_000001e69846aac0 .part v000001e698408320_0, 8, 8;
L_000001e69846afc0 .concat [ 8 2 0 0], L_000001e69846aac0, L_000001e69840d660;
L_000001e69846c6e0 .arith/sub 10, L_000001e69846c1e0, L_000001e69846afc0;
L_000001e69846c780 .functor MUXZ 10, L_000001e69846c6e0, L_000001e69846c140, L_000001e69846c5a0, C4<>;
L_000001e69846cb40 .arith/sum 10, L_000001e69846d0e0, L_000001e69846c780;
L_000001e69846aa20 .part v000001e698408320_0, 16, 8;
L_000001e69846b100 .part v000001e698406f20_0, 16, 8;
L_000001e69846cbe0 .cmp/ge 8, L_000001e69846aa20, L_000001e69846b100;
L_000001e69846c820 .part v000001e698408320_0, 16, 8;
L_000001e69846cdc0 .concat [ 8 2 0 0], L_000001e69846c820, L_000001e69840d6a8;
L_000001e69846be20 .part v000001e698406f20_0, 16, 8;
L_000001e69846ab60 .concat [ 8 2 0 0], L_000001e69846be20, L_000001e69840d6f0;
L_000001e69846b060 .arith/sub 10, L_000001e69846cdc0, L_000001e69846ab60;
L_000001e69846cc80 .part v000001e698406f20_0, 16, 8;
L_000001e69846bc40 .concat [ 8 2 0 0], L_000001e69846cc80, L_000001e69840d738;
L_000001e69846ba60 .part v000001e698408320_0, 16, 8;
L_000001e69846b920 .concat [ 8 2 0 0], L_000001e69846ba60, L_000001e69840d780;
L_000001e69846ce60 .arith/sub 10, L_000001e69846bc40, L_000001e69846b920;
L_000001e69846ac00 .functor MUXZ 10, L_000001e69846ce60, L_000001e69846b060, L_000001e69846cbe0, C4<>;
L_000001e69846aca0 .arith/sum 10, L_000001e69846cb40, L_000001e69846ac00;
S_000001e6983f5020 .scope module, "N1" "Min" 2 72, 4 10 0, S_000001e697fb0de0;
 .timescale -9 -11;
    .port_info 0 /INPUT 10 "d_0";
    .port_info 1 /INPUT 10 "d_1";
    .port_info 2 /INPUT 10 "d_2";
    .port_info 3 /INPUT 10 "d_3";
    .port_info 4 /INPUT 10 "d_4";
    .port_info 5 /INPUT 10 "d_5";
    .port_info 6 /INPUT 10 "d_6";
    .port_info 7 /INPUT 10 "d_7";
    .port_info 8 /OUTPUT 3 "out_index";
    .port_info 9 /OUTPUT 10 "out_distance";
v000001e698406de0_0 .net *"_ivl_0", 0 0, L_000001e69846b2e0;  1 drivers
v000001e698407c40_0 .net *"_ivl_12", 0 0, L_000001e69846c320;  1 drivers
v000001e698406e80_0 .net *"_ivl_16", 0 0, L_000001e69846b240;  1 drivers
v000001e698406020_0 .net *"_ivl_20", 0 0, L_000001e69846b560;  1 drivers
v000001e698407ec0_0 .net *"_ivl_24", 0 0, L_000001e69846b6a0;  1 drivers
v000001e6984065c0_0 .net *"_ivl_4", 0 0, L_000001e69846b880;  1 drivers
v000001e698407560_0 .net *"_ivl_8", 0 0, L_000001e69846c460;  1 drivers
v000001e698407ce0_0 .net "d_0", 9 0, L_000001e69845a680;  alias, 1 drivers
v000001e6984067a0_0 .net "d_1", 9 0, L_000001e69845bbc0;  alias, 1 drivers
v000001e6984081e0_0 .net "d_2", 9 0, L_000001e69845d740;  alias, 1 drivers
v000001e698406660_0 .net "d_3", 9 0, L_000001e69845f9a0;  alias, 1 drivers
v000001e6984083c0_0 .net "d_4", 9 0, L_000001e69845a400;  alias, 1 drivers
v000001e698406c00_0 .net "d_5", 9 0, L_000001e69846a480;  alias, 1 drivers
v000001e6984068e0_0 .net "d_6", 9 0, L_000001e69846c640;  alias, 1 drivers
v000001e698406d40_0 .net "d_7", 9 0, L_000001e69846aca0;  alias, 1 drivers
v000001e698406ca0_0 .var "out_distance", 9 0;
v000001e6984080a0_0 .var "out_index", 2 0;
v000001e698406fc0_0 .net "temp_0", 9 0, L_000001e69846bd80;  1 drivers
v000001e698407600_0 .net "temp_1", 9 0, L_000001e69846c280;  1 drivers
v000001e698407060_0 .net "temp_2", 9 0, L_000001e69846b380;  1 drivers
v000001e698407100_0 .net "temp_3", 9 0, L_000001e69846b1a0;  1 drivers
v000001e6984076a0_0 .net "temp_4", 9 0, L_000001e69846b420;  1 drivers
v000001e6984071a0_0 .net "temp_5", 9 0, L_000001e69846b600;  1 drivers
v000001e698407920_0 .net "temp_6", 9 0, L_000001e69846b9c0;  1 drivers
E_000001e698002e20/0 .event anyedge, v000001e698407920_0, v000001e698405030_0, v000001e6984050d0_0, v000001e698405170_0;
E_000001e698002e20/1 .event anyedge, v000001e698405210_0, v000001e6984052b0_0, v000001e698407380_0, v000001e698406980_0;
E_000001e698002e20/2 .event anyedge, v000001e6984074c0_0;
E_000001e698002e20 .event/or E_000001e698002e20/0, E_000001e698002e20/1, E_000001e698002e20/2;
L_000001e69846b2e0 .cmp/ge 10, L_000001e69845bbc0, L_000001e69845a680;
L_000001e69846bd80 .functor MUXZ 10, L_000001e69845bbc0, L_000001e69845a680, L_000001e69846b2e0, C4<>;
L_000001e69846b880 .cmp/ge 10, L_000001e69845f9a0, L_000001e69845d740;
L_000001e69846c280 .functor MUXZ 10, L_000001e69845f9a0, L_000001e69845d740, L_000001e69846b880, C4<>;
L_000001e69846c460 .cmp/ge 10, L_000001e69846a480, L_000001e69845a400;
L_000001e69846b380 .functor MUXZ 10, L_000001e69846a480, L_000001e69845a400, L_000001e69846c460, C4<>;
L_000001e69846c320 .cmp/ge 10, L_000001e69846aca0, L_000001e69846c640;
L_000001e69846b1a0 .functor MUXZ 10, L_000001e69846aca0, L_000001e69846c640, L_000001e69846c320, C4<>;
L_000001e69846b240 .cmp/ge 10, L_000001e69846c280, L_000001e69846bd80;
L_000001e69846b420 .functor MUXZ 10, L_000001e69846c280, L_000001e69846bd80, L_000001e69846b240, C4<>;
L_000001e69846b560 .cmp/ge 10, L_000001e69846b1a0, L_000001e69846b380;
L_000001e69846b600 .functor MUXZ 10, L_000001e69846b1a0, L_000001e69846b380, L_000001e69846b560, C4<>;
L_000001e69846b6a0 .cmp/ge 10, L_000001e69846b600, L_000001e69846b420;
L_000001e69846b9c0 .functor MUXZ 10, L_000001e69846b600, L_000001e69846b420, L_000001e69846b6a0, C4<>;
    .scope S_000001e697fb0f70;
T_0 ;
    %wait E_000001e6980029a0;
    %load/vec4 v000001e698406a20_0;
    %cmpi/e 1, 0, 1;
    %jmp/0xz  T_0.0, 4;
    %pushi/vec4 0, 0, 24;
    %assign/vec4 v000001e698408000_0, 0;
    %pushi/vec4 0, 0, 24;
    %assign/vec4 v000001e698405e40_0, 0;
    %pushi/vec4 0, 0, 24;
    %assign/vec4 v000001e698405f80_0, 0;
    %pushi/vec4 0, 0, 24;
    %assign/vec4 v000001e698406ac0_0, 0;
    %pushi/vec4 0, 0, 24;
    %assign/vec4 v000001e698407420_0, 0;
    %pushi/vec4 0, 0, 24;
    %assign/vec4 v000001e698406b60_0, 0;
    %pushi/vec4 0, 0, 24;
    %assign/vec4 v000001e698406840_0, 0;
    %pushi/vec4 0, 0, 24;
    %assign/vec4 v000001e698406f20_0, 0;
    %pushi/vec4 0, 0, 24;
    %assign/vec4 v000001e698408320_0, 0;
    %jmp T_0.1;
T_0.0 ;
    %load/vec4 v000001e698404bd0_0;
    %cmpi/e 1, 0, 1;
    %jmp/0xz  T_0.2, 4;
    %pushi/vec4 0, 0, 24;
    %assign/vec4 v000001e698408000_0, 0;
    %pushi/vec4 0, 0, 24;
    %assign/vec4 v000001e698405e40_0, 0;
    %pushi/vec4 0, 0, 24;
    %assign/vec4 v000001e698405f80_0, 0;
    %pushi/vec4 0, 0, 24;
    %assign/vec4 v000001e698406ac0_0, 0;
    %pushi/vec4 0, 0, 24;
    %assign/vec4 v000001e698407420_0, 0;
    %pushi/vec4 0, 0, 24;
    %assign/vec4 v000001e698406b60_0, 0;
    %pushi/vec4 0, 0, 24;
    %assign/vec4 v000001e698406840_0, 0;
    %pushi/vec4 0, 0, 24;
    %assign/vec4 v000001e698406f20_0, 0;
    %pushi/vec4 0, 0, 24;
    %assign/vec4 v000001e698408320_0, 0;
    %jmp T_0.3;
T_0.2 ;
    %load/vec4 v000001e698405ad0_0;
    %cmpi/e 1, 0, 1;
    %jmp/0xz  T_0.4, 4;
    %load/vec4 v000001e6984044f0_0;
    %assign/vec4 v000001e698408000_0, 0;
    %load/vec4 v000001e6984046d0_0;
    %assign/vec4 v000001e698405e40_0, 0;
    %load/vec4 v000001e698404770_0;
    %assign/vec4 v000001e698405f80_0, 0;
    %load/vec4 v000001e698405670_0;
    %assign/vec4 v000001e698406ac0_0, 0;
    %load/vec4 v000001e698404810_0;
    %assign/vec4 v000001e698407420_0, 0;
    %load/vec4 v000001e698404a90_0;
    %assign/vec4 v000001e698406b60_0, 0;
    %load/vec4 v000001e698404b30_0;
    %assign/vec4 v000001e698406840_0, 0;
    %load/vec4 v000001e6984055d0_0;
    %assign/vec4 v000001e698406f20_0, 0;
T_0.4 ;
    %load/vec4 v000001e698408280_0;
    %cmpi/e 1, 0, 1;
    %jmp/0xz  T_0.6, 4;
    %load/vec4 v000001e698407880_0;
    %assign/vec4 v000001e698408320_0, 0;
T_0.6 ;
T_0.3 ;
T_0.1 ;
    %jmp T_0;
    .thread T_0;
    .scope S_000001e6983f5020;
T_1 ;
    %wait E_000001e698002e20;
    %load/vec4 v000001e698407920_0;
    %load/vec4 v000001e698407ce0_0;
    %cmp/e;
    %jmp/0xz  T_1.0, 4;
    %load/vec4 v000001e698407920_0;
    %assign/vec4 v000001e698406ca0_0, 0;
    %pushi/vec4 0, 0, 3;
    %assign/vec4 v000001e6984080a0_0, 0;
    %jmp T_1.1;
T_1.0 ;
    %load/vec4 v000001e698407920_0;
    %load/vec4 v000001e6984067a0_0;
    %cmp/e;
    %jmp/0xz  T_1.2, 4;
    %load/vec4 v000001e698407920_0;
    %assign/vec4 v000001e698406ca0_0, 0;
    %pushi/vec4 1, 0, 3;
    %assign/vec4 v000001e6984080a0_0, 0;
    %jmp T_1.3;
T_1.2 ;
    %load/vec4 v000001e698407920_0;
    %load/vec4 v000001e6984081e0_0;
    %cmp/e;
    %jmp/0xz  T_1.4, 4;
    %load/vec4 v000001e698407920_0;
    %assign/vec4 v000001e698406ca0_0, 0;
    %pushi/vec4 2, 0, 3;
    %assign/vec4 v000001e6984080a0_0, 0;
    %jmp T_1.5;
T_1.4 ;
    %load/vec4 v000001e698407920_0;
    %load/vec4 v000001e698406660_0;
    %cmp/e;
    %jmp/0xz  T_1.6, 4;
    %load/vec4 v000001e698407920_0;
    %assign/vec4 v000001e698406ca0_0, 0;
    %pushi/vec4 3, 0, 3;
    %assign/vec4 v000001e6984080a0_0, 0;
    %jmp T_1.7;
T_1.6 ;
    %load/vec4 v000001e698407920_0;
    %load/vec4 v000001e6984083c0_0;
    %cmp/e;
    %jmp/0xz  T_1.8, 4;
    %load/vec4 v000001e698407920_0;
    %assign/vec4 v000001e698406ca0_0, 0;
    %pushi/vec4 4, 0, 3;
    %assign/vec4 v000001e6984080a0_0, 0;
    %jmp T_1.9;
T_1.8 ;
    %load/vec4 v000001e698407920_0;
    %load/vec4 v000001e698406c00_0;
    %cmp/e;
    %jmp/0xz  T_1.10, 4;
    %load/vec4 v000001e698407920_0;
    %assign/vec4 v000001e698406ca0_0, 0;
    %pushi/vec4 5, 0, 3;
    %assign/vec4 v000001e6984080a0_0, 0;
    %jmp T_1.11;
T_1.10 ;
    %load/vec4 v000001e698407920_0;
    %load/vec4 v000001e6984068e0_0;
    %cmp/e;
    %jmp/0xz  T_1.12, 4;
    %load/vec4 v000001e698407920_0;
    %assign/vec4 v000001e698406ca0_0, 0;
    %pushi/vec4 6, 0, 3;
    %assign/vec4 v000001e6984080a0_0, 0;
    %jmp T_1.13;
T_1.12 ;
    %load/vec4 v000001e698407920_0;
    %load/vec4 v000001e698406d40_0;
    %cmp/e;
    %jmp/0xz  T_1.14, 4;
    %load/vec4 v000001e698407920_0;
    %assign/vec4 v000001e698406ca0_0, 0;
    %pushi/vec4 7, 0, 3;
    %assign/vec4 v000001e6984080a0_0, 0;
    %jmp T_1.15;
T_1.14 ;
    %pushi/vec4 0, 0, 10;
    %assign/vec4 v000001e698406ca0_0, 0;
    %pushi/vec4 7, 0, 3;
    %assign/vec4 v000001e6984080a0_0, 0;
T_1.15 ;
T_1.13 ;
T_1.11 ;
T_1.9 ;
T_1.7 ;
T_1.5 ;
T_1.3 ;
T_1.1 ;
    %jmp T_1;
    .thread T_1, $push;
# The file index is used to find the file name in the following table.
:file_names 5;
    "N/A";
    "<interactive>";
    ".\top.v";
    "./Manhattan.v";
    "./Min.v";
