2022-03-29 13:57:23.513621 (15723) main____ INFO    ----------------------------------------
2022-03-29 13:57:23.513834 (15723) main____ INFO    JasperGold version info
2022-03-29 13:57:23.513868 (15723) main____ INFO      tool      : JasperGold 2018.03
2022-03-29 13:57:23.513897 (15723) main____ INFO      version   : 2018.03p001 64 bits
2022-03-29 13:57:23.513922 (15723) main____ INFO      build date: 2018.04.24 18:13:05 PDT
2022-03-29 13:57:23.513941 (15723) main____ INFO    ----------------------------------------
2022-03-29 13:57:23.513959 (15723) main____ INFO    Runtime info:
2022-03-29 13:57:23.513981 (15723) main____ INFO      platform  : Linux 3.10.0-957.21.3.el7.x86_64 x86_64
2022-03-29 13:57:23.514021 (15723) main____ INFO      hostname  : vlsicad9
2022-03-29 13:57:23.514043 (15723) main____ INFO      pid       : 15723
2022-03-29 13:57:23.514064 (15723) main____ INFO      arguments : '-style' 'windows' '-superlint' 'superlint.tcl'
2022-03-29 13:57:23.514084 (15723) main____ INFO    ----------------------------------------
2022-03-29 13:57:23.514102 (15723) main____ INFO    System resource limits info:
2022-03-29 13:57:23.514123 (15723) main____ INFO      virtual memory: unlimited
2022-03-29 13:57:23.514144 (15723) main____ INFO      cpu time      : unlimited
2022-03-29 13:57:23.514178 (15723) main____ INFO      stack size    : 8388608 B
2022-03-29 13:57:23.514213 (15723) main____ INFO      core file size: 0 B
2022-03-29 13:57:23.514246 (15723) main____ INFO      open files    : 1024
2022-03-29 13:57:23.514262 (15723) main____ INFO      file size     : unlimited
2022-03-29 13:57:23.514276 (15723) main____ INFO    ----------------------------------------
2022-03-29 13:57:23.514289 (15723) main____ INFO    Memory statistics:
2022-03-29 13:57:23.514303 (15723) main____ INFO      total physical memory  : 24509252 kB
2022-03-29 13:57:23.514315 (15723) main____ INFO      free physical memory   : 5119512 kB
2022-03-29 13:57:23.514328 (15723) main____ INFO      committed address space: 35351488 kB
2022-03-29 13:57:23.514341 (15723) main____ INFO    ----------------------------------------
2022-03-29 13:57:23.514392 (15723) main____ INFO    Important environment variables:
2022-03-29 13:57:23.514417 (15723) main____ INFO      DISPLAY        : 'localhost:13.0'
2022-03-29 13:57:23.514438 (15723) main____ INFO      EDITOR         : '/usr/bin/vim'
2022-03-29 13:57:23.514458 (15723) main____ INFO      LM_LICENSE_FILE: '5280@vlsicad8:26000@lscic:1717@lsncku:5280@lstn:26585@lsncku:26585@lscic'
2022-03-29 13:57:23.514473 (15723) main____ INFO    ----------------------------------------
2022-03-29 13:57:23.517668 (15723) lic_core INFO    Initializing license system ...
2022-03-29 13:57:23.519206 (15723) lic_core INFO    ... license system initialized.
2022-03-29 13:57:23.521773 (15723) lic__man INFO    Claim 'main' for <ui>.
2022-03-29 13:57:23.521853 (15723) lic_core INFO    (1) checking out 'jasper_interactive' ...
2022-03-29 13:57:24.565473 (15723) lic_core INFO    ... (1) checkout failed (error: -5) ("FLEXnet ERROR(-5, 0, 0): No such feature exists.")
2022-03-29 13:57:24.565543 (15723) lic_core INFO    (2) checking out 'jasper_pint' ...
2022-03-29 13:57:24.679602 (15723) lic_core INFO    ... (2) checkout succeeded
2022-03-29 13:57:24.679711 (15723) lic__man INFO    Claim 'superlint' for <ui>.
2022-03-29 13:57:24.679776 (15723) lic_core INFO    (3) checking out 'jasper_afl' ...
2022-03-29 13:57:24.724739 (15723) lic_core INFO    ... (3) checkout failed (error: -5) ("FLEXnet ERROR(-5, 0, 0): No such feature exists.")
2022-03-29 13:57:24.724788 (15723) lic_core INFO    (4) checking out 'jasper_dao' ...
2022-03-29 13:57:24.839530 (15723) lic_core INFO    ... (4) checkout succeeded
2022-03-29 13:57:26.441477 (15723) lic__man INFO    Claim 'superlint' for <ui>.
2022-03-29 13:57:26.843145 (15723) lic__man INFO    Unclaim 'superlint' for <ui>.
2022-03-29 13:57:26.843223 (15723) lic__man INFO    Claim 'superlint' for <ui>.
2022-03-29 13:57:26.855307 (15723) session_ INFO    Starting analysis session with session id 'session_0' ...
2022-03-29 13:57:26.857339 (15723) session_ INFO    Analysis session with session id 'session_0' started (pid: 15744)
2022-03-29 13:57:34.572824 (15723) session_ INFO    Analysis session 'session_0' connected to the console (host: 192.168.100.10:40472)
2022-03-29 13:57:35.889377 (15723) lic__man INFO    Unclaim everything for 'session_0'.
2022-03-29 13:57:36.188116 (15723) lic__man INFO    Unclaim everything for 'session_0'.
2022-03-29 13:57:36.325063 (15723) lic__man INFO    Claim 'superlint' for 'session_0'.
2022-03-29 13:57:46.648903 (15723) main____ INFO    About to exit: requested from GUI
2022-03-29 13:57:46.938505 (15723) main____ INFO    Exiting with status 0.
