#! /c/Source/iverilog-install/bin/vvp
:ivl_version "12.0 (devel)" "(s20150603-1110-g18392a46)";
:ivl_delay_selection "TYPICAL";
:vpi_time_precision + 0;
:vpi_module "C:\iverilog\lib\ivl\system.vpi";
:vpi_module "C:\iverilog\lib\ivl\vhdl_sys.vpi";
:vpi_module "C:\iverilog\lib\ivl\vhdl_textio.vpi";
:vpi_module "C:\iverilog\lib\ivl\v2005_math.vpi";
:vpi_module "C:\iverilog\lib\ivl\va_math.vpi";
S_000002258e5f6440 .scope module, "MAN" "MAN" 2 1;
 .timescale 0 0;
    .port_info 0 /INPUT 1 "clk";
    .port_info 1 /INPUT 1 "rst";
    .port_info 2 /INPUT 24 "data_in";
    .port_info 3 /INPUT 1 "wen";
    .port_info 4 /INPUT 3 "MAN_A_W";
    .port_info 5 /OUTPUT 11 "d0_out";
    .port_info 6 /OUTPUT 11 "d1_out";
    .port_info 7 /OUTPUT 11 "d2_out";
    .port_info 8 /OUTPUT 11 "d3_out";
    .port_info 9 /OUTPUT 11 "d4_out";
    .port_info 10 /OUTPUT 11 "d5_out";
    .port_info 11 /OUTPUT 11 "d6_out";
    .port_info 12 /OUTPUT 11 "d7_out";
o000002258e8b7bd8 .functor BUFZ 3, C4<zzz>; HiZ drive
v000002258e5f69e0_0 .net "MAN_A_W", 2 0, o000002258e8b7bd8;  0 drivers
o000002258e8b7c08 .functor BUFZ 1, C4<z>; HiZ drive
v000002258e5fbdc0_0 .net "clk", 0 0, o000002258e8b7c08;  0 drivers
v000002258e5f65d0_0 .var "d0_out", 10 0;
v000002258e5f6670_0 .var "d1_out", 10 0;
v000002258e5f6710_0 .var "d2_out", 10 0;
v000002258e893790_0 .var "d3_out", 10 0;
v000002258e893830_0 .var "d4_out", 10 0;
v000002258e8938d0_0 .var "d5_out", 10 0;
v000002258e893970_0 .var "d6_out", 10 0;
v000002258e893a10_0 .var "d7_out", 10 0;
v000002258e893ec0_0 .var "data", 23 0;
o000002258e8b7de8 .functor BUFZ 24, C4<zzzzzzzzzzzzzzzzzzzzzzzz>; HiZ drive
v000002258e893f60_0 .net "data_in", 23 0, o000002258e8b7de8;  0 drivers
o000002258e8b7e18 .functor BUFZ 1, C4<z>; HiZ drive
v000002258e894000_0 .net "rst", 0 0, o000002258e8b7e18;  0 drivers
v000002258e90a740_0 .var "weight_0", 23 0;
v000002258e90a920_0 .var "weight_1", 23 0;
v000002258e90ad80_0 .var "weight_2", 23 0;
v000002258e90a560_0 .var "weight_3", 23 0;
v000002258e90aec0_0 .var "weight_4", 23 0;
v000002258e90aa60_0 .var "weight_5", 23 0;
v000002258e90a1a0_0 .var "weight_6", 23 0;
v000002258e90a240_0 .var "weight_7", 23 0;
o000002258e8b7fc8 .functor BUFZ 1, C4<z>; HiZ drive
v000002258e90a380_0 .net "wen", 0 0, o000002258e8b7fc8;  0 drivers
E_000002258e8b3f00/0 .event anyedge, v000002258e893ec0_0, v000002258e90a740_0, v000002258e90a920_0, v000002258e90ad80_0;
E_000002258e8b3f00/1 .event anyedge, v000002258e90a560_0, v000002258e90aec0_0, v000002258e90aa60_0, v000002258e90a1a0_0;
E_000002258e8b3f00/2 .event anyedge, v000002258e90a240_0;
E_000002258e8b3f00 .event/or E_000002258e8b3f00/0, E_000002258e8b3f00/1, E_000002258e8b3f00/2;
E_000002258e8b3240 .event posedge, v000002258e90a380_0, v000002258e894000_0, v000002258e5fbdc0_0;
    .scope S_000002258e5f6440;
T_0 ;
    %wait E_000002258e8b3240;
    %load/vec4 v000002258e894000_0;
    %flag_set/vec4 8;
    %jmp/0xz  T_0.0, 8;
    %pushi/vec4 0, 0, 24;
    %assign/vec4 v000002258e90a740_0, 0;
    %pushi/vec4 0, 0, 24;
    %assign/vec4 v000002258e90a920_0, 0;
    %pushi/vec4 0, 0, 24;
    %assign/vec4 v000002258e90ad80_0, 0;
    %pushi/vec4 0, 0, 24;
    %assign/vec4 v000002258e90a560_0, 0;
    %pushi/vec4 0, 0, 24;
    %assign/vec4 v000002258e90aec0_0, 0;
    %pushi/vec4 0, 0, 24;
    %assign/vec4 v000002258e90aa60_0, 0;
    %pushi/vec4 0, 0, 24;
    %assign/vec4 v000002258e90a1a0_0, 0;
    %pushi/vec4 0, 0, 24;
    %assign/vec4 v000002258e90a240_0, 0;
    %jmp T_0.1;
T_0.0 ;
    %load/vec4 v000002258e90a380_0;
    %flag_set/vec4 8;
    %jmp/0xz  T_0.2, 8;
    %load/vec4 v000002258e5f69e0_0;
    %cmpi/e 0, 0, 3;
    %jmp/0xz  T_0.4, 4;
    %load/vec4 v000002258e893f60_0;
    %assign/vec4 v000002258e90a740_0, 0;
    %jmp T_0.5;
T_0.4 ;
    %load/vec4 v000002258e5f69e0_0;
    %cmpi/e 1, 0, 3;
    %jmp/0xz  T_0.6, 4;
    %load/vec4 v000002258e893f60_0;
    %assign/vec4 v000002258e90a920_0, 0;
    %jmp T_0.7;
T_0.6 ;
    %load/vec4 v000002258e5f69e0_0;
    %cmpi/e 2, 0, 3;
    %jmp/0xz  T_0.8, 4;
    %load/vec4 v000002258e893f60_0;
    %assign/vec4 v000002258e90ad80_0, 0;
    %jmp T_0.9;
T_0.8 ;
    %load/vec4 v000002258e5f69e0_0;
    %cmpi/e 3, 0, 3;
    %jmp/0xz  T_0.10, 4;
    %load/vec4 v000002258e893f60_0;
    %assign/vec4 v000002258e90a560_0, 0;
    %jmp T_0.11;
T_0.10 ;
    %load/vec4 v000002258e5f69e0_0;
    %cmpi/e 4, 0, 3;
    %jmp/0xz  T_0.12, 4;
    %load/vec4 v000002258e893f60_0;
    %assign/vec4 v000002258e90aec0_0, 0;
    %jmp T_0.13;
T_0.12 ;
    %load/vec4 v000002258e5f69e0_0;
    %cmpi/e 5, 0, 3;
    %jmp/0xz  T_0.14, 4;
    %load/vec4 v000002258e893f60_0;
    %assign/vec4 v000002258e90aa60_0, 0;
    %jmp T_0.15;
T_0.14 ;
    %load/vec4 v000002258e5f69e0_0;
    %cmpi/e 6, 0, 3;
    %jmp/0xz  T_0.16, 4;
    %load/vec4 v000002258e893f60_0;
    %assign/vec4 v000002258e90a1a0_0, 0;
    %jmp T_0.17;
T_0.16 ;
    %load/vec4 v000002258e5f69e0_0;
    %cmpi/e 7, 0, 3;
    %jmp/0xz  T_0.18, 4;
    %load/vec4 v000002258e893f60_0;
    %assign/vec4 v000002258e90a240_0, 0;
T_0.18 ;
T_0.17 ;
T_0.15 ;
T_0.13 ;
T_0.11 ;
T_0.9 ;
T_0.7 ;
T_0.5 ;
    %jmp T_0.3;
T_0.2 ;
    %load/vec4 v000002258e893f60_0;
    %assign/vec4 v000002258e893ec0_0, 0;
T_0.3 ;
T_0.1 ;
    %jmp T_0;
    .thread T_0;
    .scope S_000002258e5f6440;
T_1 ;
    %wait E_000002258e8b3f00;
    %load/vec4 v000002258e90a740_0;
    %parti/s 8, 0, 2;
    %load/vec4 v000002258e893ec0_0;
    %parti/s 8, 0, 2;
    %cmp/u;
    %flag_or 5, 4;
    %flag_mov 8, 5;
    %jmp/0 T_1.0, 8;
    %load/vec4 v000002258e893ec0_0;
    %parti/s 8, 0, 2;
    %pad/u 11;
    %load/vec4 v000002258e90a740_0;
    %parti/s 8, 0, 2;
    %pad/u 11;
    %sub;
    %jmp/1 T_1.1, 8;
T_1.0 ; End of true expr.
    %load/vec4 v000002258e90a740_0;
    %parti/s 8, 0, 2;
    %pad/u 11;
    %load/vec4 v000002258e893ec0_0;
    %parti/s 8, 0, 2;
    %pad/u 11;
    %sub;
    %jmp/0 T_1.1, 8;
 ; End of false expr.
    %blend;
T_1.1;
    %load/vec4 v000002258e90a740_0;
    %parti/s 8, 8, 5;
    %load/vec4 v000002258e893ec0_0;
    %parti/s 8, 8, 5;
    %cmp/u;
    %flag_or 5, 4;
    %flag_mov 8, 5;
    %jmp/0 T_1.2, 8;
    %load/vec4 v000002258e893ec0_0;
    %parti/s 8, 8, 5;
    %pad/u 11;
    %load/vec4 v000002258e90a740_0;
    %parti/s 8, 8, 5;
    %pad/u 11;
    %sub;
    %jmp/1 T_1.3, 8;
T_1.2 ; End of true expr.
    %load/vec4 v000002258e90a740_0;
    %parti/s 8, 8, 5;
    %pad/u 11;
    %load/vec4 v000002258e893ec0_0;
    %parti/s 8, 8, 5;
    %pad/u 11;
    %sub;
    %jmp/0 T_1.3, 8;
 ; End of false expr.
    %blend;
T_1.3;
    %add;
    %load/vec4 v000002258e90a740_0;
    %parti/s 8, 16, 6;
    %load/vec4 v000002258e893ec0_0;
    %parti/s 8, 16, 6;
    %cmp/u;
    %flag_or 5, 4;
    %flag_mov 8, 5;
    %jmp/0 T_1.4, 8;
    %load/vec4 v000002258e893ec0_0;
    %parti/s 8, 16, 6;
    %pad/u 11;
    %load/vec4 v000002258e90a740_0;
    %parti/s 8, 16, 6;
    %pad/u 11;
    %sub;
    %jmp/1 T_1.5, 8;
T_1.4 ; End of true expr.
    %load/vec4 v000002258e90a740_0;
    %parti/s 8, 16, 6;
    %pad/u 11;
    %load/vec4 v000002258e893ec0_0;
    %parti/s 8, 16, 6;
    %pad/u 11;
    %sub;
    %jmp/0 T_1.5, 8;
 ; End of false expr.
    %blend;
T_1.5;
    %add;
    %store/vec4 v000002258e5f65d0_0, 0, 11;
    %load/vec4 v000002258e90a920_0;
    %parti/s 8, 0, 2;
    %load/vec4 v000002258e893ec0_0;
    %parti/s 8, 0, 2;
    %cmp/u;
    %flag_or 5, 4;
    %flag_mov 8, 5;
    %jmp/0 T_1.6, 8;
    %load/vec4 v000002258e893ec0_0;
    %parti/s 8, 0, 2;
    %pad/u 11;
    %load/vec4 v000002258e90a920_0;
    %parti/s 8, 0, 2;
    %pad/u 11;
    %sub;
    %jmp/1 T_1.7, 8;
T_1.6 ; End of true expr.
    %load/vec4 v000002258e90a920_0;
    %parti/s 8, 0, 2;
    %pad/u 11;
    %load/vec4 v000002258e893ec0_0;
    %parti/s 8, 0, 2;
    %pad/u 11;
    %sub;
    %jmp/0 T_1.7, 8;
 ; End of false expr.
    %blend;
T_1.7;
    %load/vec4 v000002258e90a920_0;
    %parti/s 8, 8, 5;
    %load/vec4 v000002258e893ec0_0;
    %parti/s 8, 8, 5;
    %cmp/u;
    %flag_or 5, 4;
    %flag_mov 8, 5;
    %jmp/0 T_1.8, 8;
    %load/vec4 v000002258e893ec0_0;
    %parti/s 8, 8, 5;
    %pad/u 11;
    %load/vec4 v000002258e90a920_0;
    %parti/s 8, 8, 5;
    %pad/u 11;
    %sub;
    %jmp/1 T_1.9, 8;
T_1.8 ; End of true expr.
    %load/vec4 v000002258e90a920_0;
    %parti/s 8, 8, 5;
    %pad/u 11;
    %load/vec4 v000002258e893ec0_0;
    %parti/s 8, 8, 5;
    %pad/u 11;
    %sub;
    %jmp/0 T_1.9, 8;
 ; End of false expr.
    %blend;
T_1.9;
    %add;
    %load/vec4 v000002258e90a920_0;
    %parti/s 8, 16, 6;
    %load/vec4 v000002258e893ec0_0;
    %parti/s 8, 16, 6;
    %cmp/u;
    %flag_or 5, 4;
    %flag_mov 8, 5;
    %jmp/0 T_1.10, 8;
    %load/vec4 v000002258e893ec0_0;
    %parti/s 8, 16, 6;
    %pad/u 11;
    %load/vec4 v000002258e90a920_0;
    %parti/s 8, 16, 6;
    %pad/u 11;
    %sub;
    %jmp/1 T_1.11, 8;
T_1.10 ; End of true expr.
    %load/vec4 v000002258e90a920_0;
    %parti/s 8, 16, 6;
    %pad/u 11;
    %load/vec4 v000002258e893ec0_0;
    %parti/s 8, 16, 6;
    %pad/u 11;
    %sub;
    %jmp/0 T_1.11, 8;
 ; End of false expr.
    %blend;
T_1.11;
    %add;
    %store/vec4 v000002258e5f6670_0, 0, 11;
    %load/vec4 v000002258e90ad80_0;
    %parti/s 8, 0, 2;
    %load/vec4 v000002258e893ec0_0;
    %parti/s 8, 0, 2;
    %cmp/u;
    %flag_or 5, 4;
    %flag_mov 8, 5;
    %jmp/0 T_1.12, 8;
    %load/vec4 v000002258e893ec0_0;
    %parti/s 8, 0, 2;
    %pad/u 11;
    %load/vec4 v000002258e90ad80_0;
    %parti/s 8, 0, 2;
    %pad/u 11;
    %sub;
    %jmp/1 T_1.13, 8;
T_1.12 ; End of true expr.
    %load/vec4 v000002258e90ad80_0;
    %parti/s 8, 0, 2;
    %pad/u 11;
    %load/vec4 v000002258e893ec0_0;
    %parti/s 8, 0, 2;
    %pad/u 11;
    %sub;
    %jmp/0 T_1.13, 8;
 ; End of false expr.
    %blend;
T_1.13;
    %load/vec4 v000002258e90ad80_0;
    %parti/s 8, 8, 5;
    %load/vec4 v000002258e893ec0_0;
    %parti/s 8, 8, 5;
    %cmp/u;
    %flag_or 5, 4;
    %flag_mov 8, 5;
    %jmp/0 T_1.14, 8;
    %load/vec4 v000002258e893ec0_0;
    %parti/s 8, 8, 5;
    %pad/u 11;
    %load/vec4 v000002258e90ad80_0;
    %parti/s 8, 8, 5;
    %pad/u 11;
    %sub;
    %jmp/1 T_1.15, 8;
T_1.14 ; End of true expr.
    %load/vec4 v000002258e90ad80_0;
    %parti/s 8, 8, 5;
    %pad/u 11;
    %load/vec4 v000002258e893ec0_0;
    %parti/s 8, 8, 5;
    %pad/u 11;
    %sub;
    %jmp/0 T_1.15, 8;
 ; End of false expr.
    %blend;
T_1.15;
    %add;
    %load/vec4 v000002258e90ad80_0;
    %parti/s 8, 16, 6;
    %load/vec4 v000002258e893ec0_0;
    %parti/s 8, 16, 6;
    %cmp/u;
    %flag_or 5, 4;
    %flag_mov 8, 5;
    %jmp/0 T_1.16, 8;
    %load/vec4 v000002258e893ec0_0;
    %parti/s 8, 16, 6;
    %pad/u 11;
    %load/vec4 v000002258e90ad80_0;
    %parti/s 8, 16, 6;
    %pad/u 11;
    %sub;
    %jmp/1 T_1.17, 8;
T_1.16 ; End of true expr.
    %load/vec4 v000002258e90ad80_0;
    %parti/s 8, 16, 6;
    %pad/u 11;
    %load/vec4 v000002258e893ec0_0;
    %parti/s 8, 16, 6;
    %pad/u 11;
    %sub;
    %jmp/0 T_1.17, 8;
 ; End of false expr.
    %blend;
T_1.17;
    %add;
    %store/vec4 v000002258e5f6710_0, 0, 11;
    %load/vec4 v000002258e90a560_0;
    %parti/s 8, 0, 2;
    %load/vec4 v000002258e893ec0_0;
    %parti/s 8, 0, 2;
    %cmp/u;
    %flag_or 5, 4;
    %flag_mov 8, 5;
    %jmp/0 T_1.18, 8;
    %load/vec4 v000002258e893ec0_0;
    %parti/s 8, 0, 2;
    %pad/u 11;
    %load/vec4 v000002258e90a560_0;
    %parti/s 8, 0, 2;
    %pad/u 11;
    %sub;
    %jmp/1 T_1.19, 8;
T_1.18 ; End of true expr.
    %load/vec4 v000002258e90a560_0;
    %parti/s 8, 0, 2;
    %pad/u 11;
    %load/vec4 v000002258e893ec0_0;
    %parti/s 8, 0, 2;
    %pad/u 11;
    %sub;
    %jmp/0 T_1.19, 8;
 ; End of false expr.
    %blend;
T_1.19;
    %load/vec4 v000002258e90a560_0;
    %parti/s 8, 8, 5;
    %load/vec4 v000002258e893ec0_0;
    %parti/s 8, 8, 5;
    %cmp/u;
    %flag_or 5, 4;
    %flag_mov 8, 5;
    %jmp/0 T_1.20, 8;
    %load/vec4 v000002258e893ec0_0;
    %parti/s 8, 8, 5;
    %pad/u 11;
    %load/vec4 v000002258e90a560_0;
    %parti/s 8, 8, 5;
    %pad/u 11;
    %sub;
    %jmp/1 T_1.21, 8;
T_1.20 ; End of true expr.
    %load/vec4 v000002258e90a560_0;
    %parti/s 8, 8, 5;
    %pad/u 11;
    %load/vec4 v000002258e893ec0_0;
    %parti/s 8, 8, 5;
    %pad/u 11;
    %sub;
    %jmp/0 T_1.21, 8;
 ; End of false expr.
    %blend;
T_1.21;
    %add;
    %load/vec4 v000002258e90a560_0;
    %parti/s 8, 16, 6;
    %load/vec4 v000002258e893ec0_0;
    %parti/s 8, 16, 6;
    %cmp/u;
    %flag_or 5, 4;
    %flag_mov 8, 5;
    %jmp/0 T_1.22, 8;
    %load/vec4 v000002258e893ec0_0;
    %parti/s 8, 16, 6;
    %pad/u 11;
    %load/vec4 v000002258e90a560_0;
    %parti/s 8, 16, 6;
    %pad/u 11;
    %sub;
    %jmp/1 T_1.23, 8;
T_1.22 ; End of true expr.
    %load/vec4 v000002258e90a560_0;
    %parti/s 8, 16, 6;
    %pad/u 11;
    %load/vec4 v000002258e893ec0_0;
    %parti/s 8, 16, 6;
    %pad/u 11;
    %sub;
    %jmp/0 T_1.23, 8;
 ; End of false expr.
    %blend;
T_1.23;
    %add;
    %store/vec4 v000002258e893790_0, 0, 11;
    %load/vec4 v000002258e90aec0_0;
    %parti/s 8, 0, 2;
    %load/vec4 v000002258e893ec0_0;
    %parti/s 8, 0, 2;
    %cmp/u;
    %flag_or 5, 4;
    %flag_mov 8, 5;
    %jmp/0 T_1.24, 8;
    %load/vec4 v000002258e893ec0_0;
    %parti/s 8, 0, 2;
    %pad/u 11;
    %load/vec4 v000002258e90aec0_0;
    %parti/s 8, 0, 2;
    %pad/u 11;
    %sub;
    %jmp/1 T_1.25, 8;
T_1.24 ; End of true expr.
    %load/vec4 v000002258e90aec0_0;
    %parti/s 8, 0, 2;
    %pad/u 11;
    %load/vec4 v000002258e893ec0_0;
    %parti/s 8, 0, 2;
    %pad/u 11;
    %sub;
    %jmp/0 T_1.25, 8;
 ; End of false expr.
    %blend;
T_1.25;
    %load/vec4 v000002258e90aec0_0;
    %parti/s 8, 8, 5;
    %load/vec4 v000002258e893ec0_0;
    %parti/s 8, 8, 5;
    %cmp/u;
    %flag_or 5, 4;
    %flag_mov 8, 5;
    %jmp/0 T_1.26, 8;
    %load/vec4 v000002258e893ec0_0;
    %parti/s 8, 8, 5;
    %pad/u 11;
    %load/vec4 v000002258e90aec0_0;
    %parti/s 8, 8, 5;
    %pad/u 11;
    %sub;
    %jmp/1 T_1.27, 8;
T_1.26 ; End of true expr.
    %load/vec4 v000002258e90aec0_0;
    %parti/s 8, 8, 5;
    %pad/u 11;
    %load/vec4 v000002258e893ec0_0;
    %parti/s 8, 8, 5;
    %pad/u 11;
    %sub;
    %jmp/0 T_1.27, 8;
 ; End of false expr.
    %blend;
T_1.27;
    %add;
    %load/vec4 v000002258e90aec0_0;
    %parti/s 8, 16, 6;
    %load/vec4 v000002258e893ec0_0;
    %parti/s 8, 16, 6;
    %cmp/u;
    %flag_or 5, 4;
    %flag_mov 8, 5;
    %jmp/0 T_1.28, 8;
    %load/vec4 v000002258e893ec0_0;
    %parti/s 8, 16, 6;
    %pad/u 11;
    %load/vec4 v000002258e90aec0_0;
    %parti/s 8, 16, 6;
    %pad/u 11;
    %sub;
    %jmp/1 T_1.29, 8;
T_1.28 ; End of true expr.
    %load/vec4 v000002258e90aec0_0;
    %parti/s 8, 16, 6;
    %pad/u 11;
    %load/vec4 v000002258e893ec0_0;
    %parti/s 8, 16, 6;
    %pad/u 11;
    %sub;
    %jmp/0 T_1.29, 8;
 ; End of false expr.
    %blend;
T_1.29;
    %add;
    %store/vec4 v000002258e893830_0, 0, 11;
    %load/vec4 v000002258e90aa60_0;
    %parti/s 8, 0, 2;
    %load/vec4 v000002258e893ec0_0;
    %parti/s 8, 0, 2;
    %cmp/u;
    %flag_or 5, 4;
    %flag_mov 8, 5;
    %jmp/0 T_1.30, 8;
    %load/vec4 v000002258e893ec0_0;
    %parti/s 8, 0, 2;
    %pad/u 11;
    %load/vec4 v000002258e90aa60_0;
    %parti/s 8, 0, 2;
    %pad/u 11;
    %sub;
    %jmp/1 T_1.31, 8;
T_1.30 ; End of true expr.
    %load/vec4 v000002258e90aa60_0;
    %parti/s 8, 0, 2;
    %pad/u 11;
    %load/vec4 v000002258e893ec0_0;
    %parti/s 8, 0, 2;
    %pad/u 11;
    %sub;
    %jmp/0 T_1.31, 8;
 ; End of false expr.
    %blend;
T_1.31;
    %load/vec4 v000002258e90aa60_0;
    %parti/s 8, 8, 5;
    %load/vec4 v000002258e893ec0_0;
    %parti/s 8, 8, 5;
    %cmp/u;
    %flag_or 5, 4;
    %flag_mov 8, 5;
    %jmp/0 T_1.32, 8;
    %load/vec4 v000002258e893ec0_0;
    %parti/s 8, 8, 5;
    %pad/u 11;
    %load/vec4 v000002258e90aa60_0;
    %parti/s 8, 8, 5;
    %pad/u 11;
    %sub;
    %jmp/1 T_1.33, 8;
T_1.32 ; End of true expr.
    %load/vec4 v000002258e90aa60_0;
    %parti/s 8, 8, 5;
    %pad/u 11;
    %load/vec4 v000002258e893ec0_0;
    %parti/s 8, 8, 5;
    %pad/u 11;
    %sub;
    %jmp/0 T_1.33, 8;
 ; End of false expr.
    %blend;
T_1.33;
    %add;
    %load/vec4 v000002258e90aa60_0;
    %parti/s 8, 16, 6;
    %load/vec4 v000002258e893ec0_0;
    %parti/s 8, 16, 6;
    %cmp/u;
    %flag_or 5, 4;
    %flag_mov 8, 5;
    %jmp/0 T_1.34, 8;
    %load/vec4 v000002258e893ec0_0;
    %parti/s 8, 16, 6;
    %pad/u 11;
    %load/vec4 v000002258e90aa60_0;
    %parti/s 8, 16, 6;
    %pad/u 11;
    %sub;
    %jmp/1 T_1.35, 8;
T_1.34 ; End of true expr.
    %load/vec4 v000002258e90aa60_0;
    %parti/s 8, 16, 6;
    %pad/u 11;
    %load/vec4 v000002258e893ec0_0;
    %parti/s 8, 16, 6;
    %pad/u 11;
    %sub;
    %jmp/0 T_1.35, 8;
 ; End of false expr.
    %blend;
T_1.35;
    %add;
    %store/vec4 v000002258e8938d0_0, 0, 11;
    %load/vec4 v000002258e90a1a0_0;
    %parti/s 8, 0, 2;
    %load/vec4 v000002258e893ec0_0;
    %parti/s 8, 0, 2;
    %cmp/u;
    %flag_or 5, 4;
    %flag_mov 8, 5;
    %jmp/0 T_1.36, 8;
    %load/vec4 v000002258e893ec0_0;
    %parti/s 8, 0, 2;
    %pad/u 11;
    %load/vec4 v000002258e90a1a0_0;
    %parti/s 8, 0, 2;
    %pad/u 11;
    %sub;
    %jmp/1 T_1.37, 8;
T_1.36 ; End of true expr.
    %load/vec4 v000002258e90a1a0_0;
    %parti/s 8, 0, 2;
    %pad/u 11;
    %load/vec4 v000002258e893ec0_0;
    %parti/s 8, 0, 2;
    %pad/u 11;
    %sub;
    %jmp/0 T_1.37, 8;
 ; End of false expr.
    %blend;
T_1.37;
    %load/vec4 v000002258e90a1a0_0;
    %parti/s 8, 8, 5;
    %load/vec4 v000002258e893ec0_0;
    %parti/s 8, 8, 5;
    %cmp/u;
    %flag_or 5, 4;
    %flag_mov 8, 5;
    %jmp/0 T_1.38, 8;
    %load/vec4 v000002258e893ec0_0;
    %parti/s 8, 8, 5;
    %pad/u 11;
    %load/vec4 v000002258e90a1a0_0;
    %parti/s 8, 8, 5;
    %pad/u 11;
    %sub;
    %jmp/1 T_1.39, 8;
T_1.38 ; End of true expr.
    %load/vec4 v000002258e90a1a0_0;
    %parti/s 8, 8, 5;
    %pad/u 11;
    %load/vec4 v000002258e893ec0_0;
    %parti/s 8, 8, 5;
    %pad/u 11;
    %sub;
    %jmp/0 T_1.39, 8;
 ; End of false expr.
    %blend;
T_1.39;
    %add;
    %load/vec4 v000002258e90a1a0_0;
    %parti/s 8, 16, 6;
    %load/vec4 v000002258e893ec0_0;
    %parti/s 8, 16, 6;
    %cmp/u;
    %flag_or 5, 4;
    %flag_mov 8, 5;
    %jmp/0 T_1.40, 8;
    %load/vec4 v000002258e893ec0_0;
    %parti/s 8, 16, 6;
    %pad/u 11;
    %load/vec4 v000002258e90a1a0_0;
    %parti/s 8, 16, 6;
    %pad/u 11;
    %sub;
    %jmp/1 T_1.41, 8;
T_1.40 ; End of true expr.
    %load/vec4 v000002258e90a1a0_0;
    %parti/s 8, 16, 6;
    %pad/u 11;
    %load/vec4 v000002258e893ec0_0;
    %parti/s 8, 16, 6;
    %pad/u 11;
    %sub;
    %jmp/0 T_1.41, 8;
 ; End of false expr.
    %blend;
T_1.41;
    %add;
    %store/vec4 v000002258e893970_0, 0, 11;
    %load/vec4 v000002258e90a240_0;
    %parti/s 8, 0, 2;
    %load/vec4 v000002258e893ec0_0;
    %parti/s 8, 0, 2;
    %cmp/u;
    %flag_or 5, 4;
    %flag_mov 8, 5;
    %jmp/0 T_1.42, 8;
    %load/vec4 v000002258e893ec0_0;
    %parti/s 8, 0, 2;
    %pad/u 11;
    %load/vec4 v000002258e90a240_0;
    %parti/s 8, 0, 2;
    %pad/u 11;
    %sub;
    %jmp/1 T_1.43, 8;
T_1.42 ; End of true expr.
    %load/vec4 v000002258e90a240_0;
    %parti/s 8, 0, 2;
    %pad/u 11;
    %load/vec4 v000002258e893ec0_0;
    %parti/s 8, 0, 2;
    %pad/u 11;
    %sub;
    %jmp/0 T_1.43, 8;
 ; End of false expr.
    %blend;
T_1.43;
    %load/vec4 v000002258e90a240_0;
    %parti/s 8, 8, 5;
    %load/vec4 v000002258e893ec0_0;
    %parti/s 8, 8, 5;
    %cmp/u;
    %flag_or 5, 4;
    %flag_mov 8, 5;
    %jmp/0 T_1.44, 8;
    %load/vec4 v000002258e893ec0_0;
    %parti/s 8, 8, 5;
    %pad/u 11;
    %load/vec4 v000002258e90a240_0;
    %parti/s 8, 8, 5;
    %pad/u 11;
    %sub;
    %jmp/1 T_1.45, 8;
T_1.44 ; End of true expr.
    %load/vec4 v000002258e90a240_0;
    %parti/s 8, 8, 5;
    %pad/u 11;
    %load/vec4 v000002258e893ec0_0;
    %parti/s 8, 8, 5;
    %pad/u 11;
    %sub;
    %jmp/0 T_1.45, 8;
 ; End of false expr.
    %blend;
T_1.45;
    %add;
    %load/vec4 v000002258e90a240_0;
    %parti/s 8, 16, 6;
    %load/vec4 v000002258e893ec0_0;
    %parti/s 8, 16, 6;
    %cmp/u;
    %flag_or 5, 4;
    %flag_mov 8, 5;
    %jmp/0 T_1.46, 8;
    %load/vec4 v000002258e893ec0_0;
    %parti/s 8, 16, 6;
    %pad/u 11;
    %load/vec4 v000002258e90a240_0;
    %parti/s 8, 16, 6;
    %pad/u 11;
    %sub;
    %jmp/1 T_1.47, 8;
T_1.46 ; End of true expr.
    %load/vec4 v000002258e90a240_0;
    %parti/s 8, 16, 6;
    %pad/u 11;
    %load/vec4 v000002258e893ec0_0;
    %parti/s 8, 16, 6;
    %pad/u 11;
    %sub;
    %jmp/0 T_1.47, 8;
 ; End of false expr.
    %blend;
T_1.47;
    %add;
    %store/vec4 v000002258e893a10_0, 0, 11;
    %jmp T_1;
    .thread T_1, $push;
# The file index is used to find the file name in the following table.
:file_names 3;
    "N/A";
    "<interactive>";
    ".\MAN.v";
