### Custom WaveView ADV log file, revision N-2017.12 (build Nov 23, ) ###
### created at 19:03:07 on Tue May 10 2022 (Linux AMD64) ###
### Host Name: vlsicad6   User ID: vlsi22114   PID: 26410   ###
wv_start_log
# (0) running in waveview only mode
# (0) SW_SX_PERL_LIB defined
# (0) SW_SX_TCL_LIB defined
# (0) HOME defined
wv_move_window {Custom WaveView} {} 0 51
wv_select_window {Custom WaveView} 
wv_move_window {Custom WaveView} {} 0 25
wv_resize_window {Custom WaveView} 1916 1000
wv_press_tool_button {Custom WaveView} {} {OpenWaveform0} 
wv_select_list_item {FileDialog} {} {FileList} {test.tr0} 13
wv_dclick_list_item {FileDialog} {} {FileList} {test.tr0} 13
wv_expand_tree_item {Custom WaveView} {} {hierview} {D0:test.tr0(0)} {+sep=@}
wv_select_tree_item {Custom WaveView} {} {hierview} {D0:test.tr0(0)@toplevel(0)} {0} {+sep=@}
wv_expand_tree_item {Custom WaveView} {} {hierview} {D0:test.tr0(0)@toplevel(0)} {+sep=@}
wv_select_list_item {Custom WaveView} {} {sigview} {v(a)} 4
wv_dclick_list_item {Custom WaveView} {} {sigview} {v(a)} 4
wv_select_list_item {Custom WaveView} {} {sigview} {v(b)} 5
wv_dclick_list_item {Custom WaveView} {} {sigview} {v(b)} 5
wv_select_list_item {Custom WaveView} {} {sigview} {v(out_2)} 6
wv_dclick_list_item {Custom WaveView} {} {sigview} {v(out_2)} 6
wv_select_tab {Custom WaveView} {} {RBMenu} {Bar.Configuration}
wv_press_tool_button {Custom WaveView} {} {WVPreferences} 
wv_move_window {Preference Settings} {} 474 264
wv_select_dialog {Preference Settings} 
wv_set_radion {Preference Settings} {} {CanvasBackground:White} 
wv_select_pagelist_item {Preference Settings} {} {PreferenceGroup} { General} 0
wv_select_pagelist_item {Preference Settings} {} {PreferenceGroup} { Colors} 6
wv_select_combox_item {Preference Settings} {} {ThickLinesWidth} " 2" 1
wv_press_button {Preference Settings} {} {Preference.OK} 
wv_press_tool_button {Custom WaveView} {} {OpenWaveformFile0} 
wv_move_window {FileDialog} {} 764 283
wv_select_dialog {FileDialog} 
wv_press_button {FileDialog} {} {Up} 
wv_select_list_item {FileDialog} {} {FileList} {NOR} 3
wv_dclick_list_item {FileDialog} {} {FileList} {NOR} 3
wv_select_list_item {FileDialog} {} {FileList} {test.tr0} 12
wv_dclick_list_item {FileDialog} {} {FileList} {test.tr0} 12
wv_press_tool_button {Custom WaveView} {waveview 1:1} {Waveview.CloseBtn} 
wv_move_window {Confirmation} {} 863 506
wv_select_dialog {Confirmation} 
wv_press_button {Confirmation} {} {Ok} 
wv_expand_tree_item {Custom WaveView} {} {hierview} {D1:test.tr0(1)} {+sep=@}
wv_select_tree_item {Custom WaveView} {} {hierview} {D1:test.tr0(1)@toplevel(0)} {0} {+sep=@}
wv_select_list_item {Custom WaveView} {} {sigview} {v(x)} 6
wv_dclick_list_item {Custom WaveView} {} {sigview} {v(x)} 6
wv_select_list_item {Custom WaveView} {} {sigview} {v(x)} 6
wv_dclick_list_item {Custom WaveView} {} {sigview} {v(x)} 6
wv_select_list_item {Custom WaveView} {} {sigview} {v(y)} 7
wv_dclick_list_item {Custom WaveView} {} {sigview} {v(y)} 7
wv_select_list_item {Custom WaveView} {} {sigview} {v(out_3)} 4
wv_dclick_list_item {Custom WaveView} {} {sigview} {v(out_3)} 4
wv_press_tool_button {Custom WaveView} {} {NewWaveView0} 
wv_resize_browser {Custom WaveView} {} {waveview 1:1} 1656 833
wv_select_list_item {Custom WaveView} {} {sigview} {v(x)} 6
wv_dclick_list_item {Custom WaveView} {} {sigview} {v(x)} 6
wv_select_list_item {Custom WaveView} {} {sigview} {v(y)} 7
wv_dclick_list_item {Custom WaveView} {} {sigview} {v(y)} 7
wv_select_list_item {Custom WaveView} {} {sigview} {v(out_3)} 4
wv_dclick_list_item {Custom WaveView} {} {sigview} {v(out_3)} 4
wv_select_window {Custom WaveView} 
wv_close_window {Custom WaveView} 
wv_move_window {Confirmation} {} 869 506
wv_select_dialog {Confirmation} 
#wv_press_button {Confirmation} {} {Ok} 
#*WARNING* Can not remove '/home/user2/vlsi22/vlsi22114/.cx_hostport/.cx_hostport_vlsicad6_26410'.
