#! /c/Source/iverilog-install/bin/vvp
:ivl_version "12.0 (devel)" "(s20150603-1110-g18392a46)";
:ivl_delay_selection "TYPICAL";
:vpi_time_precision + 0;
:vpi_module "C:\iverilog\lib\ivl\system.vpi";
:vpi_module "C:\iverilog\lib\ivl\vhdl_sys.vpi";
:vpi_module "C:\iverilog\lib\ivl\vhdl_textio.vpi";
:vpi_module "C:\iverilog\lib\ivl\v2005_math.vpi";
:vpi_module "C:\iverilog\lib\ivl\va_math.vpi";
S_000001a2be2887b0 .scope module, "USS" "USS" 2 9;
 .timescale 0 0;
    .port_info 0 /INPUT 1 "clk";
    .port_info 1 /INPUT 1 "rst";
    .port_info 2 /INPUT 3 "X_in";
    .port_info 3 /INPUT 3 "X_c";
    .port_info 4 /INPUT 3 "Y_c";
    .port_info 5 /OUTPUT 16 "neighbor_sel";
o000001a2be288fa8 .functor BUFZ 3, C4<zzz>; HiZ drive
v000001a2be288940_0 .net "X_c", 2 0, o000001a2be288fa8;  0 drivers
o000001a2be288fd8 .functor BUFZ 3, C4<zzz>; HiZ drive
v000001a2be2889e0_0 .net "X_in", 2 0, o000001a2be288fd8;  0 drivers
o000001a2be289008 .functor BUFZ 3, C4<zzz>; HiZ drive
v000001a2be288a80_0 .net "Y_c", 2 0, o000001a2be289008;  0 drivers
o000001a2be289038 .functor BUFZ 1, C4<z>; HiZ drive
v000001a2be242aa0_0 .net "clk", 0 0, o000001a2be289038;  0 drivers
v000001a2be242b40_0 .var "neighbor_sel", 15 0;
o000001a2be289098 .functor BUFZ 1, C4<z>; HiZ drive
v000001a2be242be0_0 .net "rst", 0 0, o000001a2be289098;  0 drivers
v000001a2be242c80_0 .var "y_t0", 2 0;
v000001a2be242d20_0 .var "y_t1", 2 0;
v000001a2be242dc0_0 .var "y_t2", 2 0;
v000001a2be242e60_0 .var "y_t3", 2 0;
E_000001a2be2674e0/0 .event anyedge, v000001a2be2889e0_0, v000001a2be288a80_0, v000001a2be288940_0, v000001a2be242c80_0;
E_000001a2be2674e0/1 .event anyedge, v000001a2be242d20_0, v000001a2be242dc0_0, v000001a2be242e60_0;
E_000001a2be2674e0 .event/or E_000001a2be2674e0/0, E_000001a2be2674e0/1;
E_000001a2be267660 .event anyedge, v000001a2be288a80_0;
    .scope S_000001a2be2887b0;
T_0 ;
    %wait E_000001a2be267660;
    %load/vec4 v000001a2be288a80_0;
    %addi 1, 0, 3;
    %store/vec4 v000001a2be242c80_0, 0, 3;
    %load/vec4 v000001a2be288a80_0;
    %subi 1, 0, 3;
    %store/vec4 v000001a2be242d20_0, 0, 3;
    %load/vec4 v000001a2be288a80_0;
    %addi 2, 0, 3;
    %store/vec4 v000001a2be242dc0_0, 0, 3;
    %load/vec4 v000001a2be288a80_0;
    %subi 2, 0, 3;
    %store/vec4 v000001a2be242e60_0, 0, 3;
    %jmp T_0;
    .thread T_0, $push;
    .scope S_000001a2be2887b0;
T_1 ;
    %wait E_000001a2be2674e0;
    %pushi/vec4 65535, 0, 16;
    %store/vec4 v000001a2be242b40_0, 0, 16;
    %load/vec4 v000001a2be2889e0_0;
    %load/vec4 v000001a2be288a80_0;
    %cmp/e;
    %jmp/0xz  T_1.0, 4;
    %load/vec4 v000001a2be288940_0;
    %cmpi/e 0, 0, 3;
    %jmp/0xz  T_1.2, 4;
    %pushi/vec4 7167, 0, 16;
    %store/vec4 v000001a2be242b40_0, 0, 16;
    %jmp T_1.3;
T_1.2 ;
    %load/vec4 v000001a2be288940_0;
    %cmpi/e 1, 0, 3;
    %jmp/0xz  T_1.4, 4;
    %pushi/vec4 18175, 0, 16;
    %store/vec4 v000001a2be242b40_0, 0, 16;
    %jmp T_1.5;
T_1.4 ;
    %load/vec4 v000001a2be288940_0;
    %cmpi/e 2, 0, 3;
    %jmp/0xz  T_1.6, 4;
    %pushi/vec4 37311, 0, 16;
    %store/vec4 v000001a2be242b40_0, 0, 16;
    %jmp T_1.7;
T_1.6 ;
    %load/vec4 v000001a2be288940_0;
    %cmpi/e 3, 0, 3;
    %jmp/0xz  T_1.8, 4;
    %pushi/vec4 58479, 0, 16;
    %store/vec4 v000001a2be242b40_0, 0, 16;
    %jmp T_1.9;
T_1.8 ;
    %load/vec4 v000001a2be288940_0;
    %cmpi/e 4, 0, 3;
    %jmp/0xz  T_1.10, 4;
    %pushi/vec4 63771, 0, 16;
    %store/vec4 v000001a2be242b40_0, 0, 16;
    %jmp T_1.11;
T_1.10 ;
    %load/vec4 v000001a2be288940_0;
    %cmpi/e 5, 0, 3;
    %jmp/0xz  T_1.12, 4;
    %pushi/vec4 65094, 0, 16;
    %store/vec4 v000001a2be242b40_0, 0, 16;
    %jmp T_1.13;
T_1.12 ;
    %load/vec4 v000001a2be288940_0;
    %cmpi/e 6, 0, 3;
    %jmp/0xz  T_1.14, 4;
    %pushi/vec4 65425, 0, 16;
    %store/vec4 v000001a2be242b40_0, 0, 16;
    %jmp T_1.15;
T_1.14 ;
    %load/vec4 v000001a2be288940_0;
    %cmpi/e 7, 0, 3;
    %jmp/0xz  T_1.16, 4;
    %pushi/vec4 65508, 0, 16;
    %store/vec4 v000001a2be242b40_0, 0, 16;
    %jmp T_1.17;
T_1.16 ;
    %pushi/vec4 65535, 0, 16;
    %store/vec4 v000001a2be242b40_0, 0, 16;
T_1.17 ;
T_1.15 ;
T_1.13 ;
T_1.11 ;
T_1.9 ;
T_1.7 ;
T_1.5 ;
T_1.3 ;
    %jmp T_1.1;
T_1.0 ;
    %load/vec4 v000001a2be2889e0_0;
    %load/vec4 v000001a2be242c80_0;
    %cmp/e;
    %flag_mov 8, 4;
    %load/vec4 v000001a2be2889e0_0;
    %load/vec4 v000001a2be242d20_0;
    %cmp/e;
    %flag_or 4, 8;
    %jmp/0xz  T_1.18, 4;
    %load/vec4 v000001a2be288940_0;
    %cmpi/e 0, 0, 3;
    %jmp/0xz  T_1.20, 4;
    %pushi/vec4 23551, 0, 16;
    %store/vec4 v000001a2be242b40_0, 0, 16;
    %jmp T_1.21;
T_1.20 ;
    %load/vec4 v000001a2be288940_0;
    %cmpi/e 1, 0, 3;
    %jmp/0xz  T_1.22, 4;
    %pushi/vec4 22271, 0, 16;
    %store/vec4 v000001a2be242b40_0, 0, 16;
    %jmp T_1.23;
T_1.22 ;
    %load/vec4 v000001a2be288940_0;
    %cmpi/e 2, 0, 3;
    %jmp/0xz  T_1.24, 4;
    %pushi/vec4 38335, 0, 16;
    %store/vec4 v000001a2be242b40_0, 0, 16;
    %jmp T_1.25;
T_1.24 ;
    %load/vec4 v000001a2be288940_0;
    %cmpi/e 3, 0, 3;
    %jmp/0xz  T_1.26, 4;
    %pushi/vec4 58735, 0, 16;
    %store/vec4 v000001a2be242b40_0, 0, 16;
    %jmp T_1.27;
T_1.26 ;
    %load/vec4 v000001a2be288940_0;
    %cmpi/e 4, 0, 3;
    %jmp/0xz  T_1.28, 4;
    %pushi/vec4 63831, 0, 16;
    %store/vec4 v000001a2be242b40_0, 0, 16;
    %jmp T_1.29;
T_1.28 ;
    %load/vec4 v000001a2be288940_0;
    %cmpi/e 5, 0, 3;
    %jmp/0xz  T_1.30, 4;
    %pushi/vec4 65109, 0, 16;
    %store/vec4 v000001a2be242b40_0, 0, 16;
    %jmp T_1.31;
T_1.30 ;
    %load/vec4 v000001a2be288940_0;
    %cmpi/e 6, 0, 3;
    %jmp/0xz  T_1.32, 4;
    %pushi/vec4 65429, 0, 16;
    %store/vec4 v000001a2be242b40_0, 0, 16;
    %jmp T_1.33;
T_1.32 ;
    %load/vec4 v000001a2be288940_0;
    %cmpi/e 7, 0, 3;
    %jmp/0xz  T_1.34, 4;
    %pushi/vec4 65509, 0, 16;
    %store/vec4 v000001a2be242b40_0, 0, 16;
    %jmp T_1.35;
T_1.34 ;
    %pushi/vec4 65535, 0, 16;
    %store/vec4 v000001a2be242b40_0, 0, 16;
T_1.35 ;
T_1.33 ;
T_1.31 ;
T_1.29 ;
T_1.27 ;
T_1.25 ;
T_1.23 ;
T_1.21 ;
    %jmp T_1.19;
T_1.18 ;
    %load/vec4 v000001a2be2889e0_0;
    %load/vec4 v000001a2be242dc0_0;
    %cmp/e;
    %flag_mov 8, 4;
    %load/vec4 v000001a2be2889e0_0;
    %load/vec4 v000001a2be242e60_0;
    %cmp/e;
    %flag_or 4, 8;
    %jmp/0xz  T_1.36, 4;
    %load/vec4 v000001a2be288940_0;
    %cmpi/e 0, 0, 3;
    %jmp/0xz  T_1.38, 4;
    %pushi/vec4 44031, 0, 16;
    %store/vec4 v000001a2be242b40_0, 0, 16;
    %jmp T_1.39;
T_1.38 ;
    %load/vec4 v000001a2be288940_0;
    %cmpi/e 1, 0, 3;
    %jmp/0xz  T_1.40, 4;
    %pushi/vec4 43775, 0, 16;
    %store/vec4 v000001a2be242b40_0, 0, 16;
    %jmp T_1.41;
T_1.40 ;
    %load/vec4 v000001a2be288940_0;
    %cmpi/e 2, 0, 3;
    %jmp/0xz  T_1.42, 4;
    %pushi/vec4 43711, 0, 16;
    %store/vec4 v000001a2be242b40_0, 0, 16;
    %jmp T_1.43;
T_1.42 ;
    %load/vec4 v000001a2be288940_0;
    %cmpi/e 3, 0, 3;
    %jmp/0xz  T_1.44, 4;
    %pushi/vec4 60079, 0, 16;
    %store/vec4 v000001a2be242b40_0, 0, 16;
    %jmp T_1.45;
T_1.44 ;
    %load/vec4 v000001a2be288940_0;
    %cmpi/e 4, 0, 3;
    %jmp/0xz  T_1.46, 4;
    %pushi/vec4 64171, 0, 16;
    %store/vec4 v000001a2be242b40_0, 0, 16;
    %jmp T_1.47;
T_1.46 ;
    %load/vec4 v000001a2be288940_0;
    %cmpi/e 5, 0, 3;
    %jmp/0xz  T_1.48, 4;
    %pushi/vec4 65194, 0, 16;
    %store/vec4 v000001a2be242b40_0, 0, 16;
    %jmp T_1.49;
T_1.48 ;
    %load/vec4 v000001a2be288940_0;
    %cmpi/e 6, 0, 3;
    %jmp/0xz  T_1.50, 4;
    %pushi/vec4 65450, 0, 16;
    %store/vec4 v000001a2be242b40_0, 0, 16;
    %jmp T_1.51;
T_1.50 ;
    %load/vec4 v000001a2be288940_0;
    %cmpi/e 7, 0, 3;
    %jmp/0xz  T_1.52, 4;
    %pushi/vec4 65514, 0, 16;
    %store/vec4 v000001a2be242b40_0, 0, 16;
    %jmp T_1.53;
T_1.52 ;
    %pushi/vec4 65535, 0, 16;
    %store/vec4 v000001a2be242b40_0, 0, 16;
T_1.53 ;
T_1.51 ;
T_1.49 ;
T_1.47 ;
T_1.45 ;
T_1.43 ;
T_1.41 ;
T_1.39 ;
    %jmp T_1.37;
T_1.36 ;
    %pushi/vec4 65535, 0, 16;
    %store/vec4 v000001a2be242b40_0, 0, 16;
T_1.37 ;
T_1.19 ;
T_1.1 ;
    %jmp T_1;
    .thread T_1, $push;
# The file index is used to find the file name in the following table.
:file_names 3;
    "N/A";
    "<interactive>";
    ".\USS.v";
