2022-03-29 13:35:49.319178 (12498) main____ INFO    ----------------------------------------
2022-03-29 13:35:49.319345 (12498) main____ INFO    JasperGold version info
2022-03-29 13:35:49.319675 (12498) main____ INFO      tool      : JasperGold 2018.03
2022-03-29 13:35:49.319712 (12498) main____ INFO      version   : 2018.03p001 64 bits
2022-03-29 13:35:49.319743 (12498) main____ INFO      build date: 2018.04.24 18:13:05 PDT
2022-03-29 13:35:49.319761 (12498) main____ INFO    ----------------------------------------
2022-03-29 13:35:49.319774 (12498) main____ INFO    Runtime info:
2022-03-29 13:35:49.319790 (12498) main____ INFO      platform  : Linux 3.10.0-957.21.3.el7.x86_64 x86_64
2022-03-29 13:35:49.319809 (12498) main____ INFO      hostname  : vlsicad9
2022-03-29 13:35:49.319823 (12498) main____ INFO      pid       : 12498
2022-03-29 13:35:49.319838 (12498) main____ INFO      arguments : '-style' 'windows' '-superlint' 'superlint.tcl'
2022-03-29 13:35:49.319852 (12498) main____ INFO    ----------------------------------------
2022-03-29 13:35:49.319864 (12498) main____ INFO    System resource limits info:
2022-03-29 13:35:49.319880 (12498) main____ INFO      virtual memory: unlimited
2022-03-29 13:35:49.319895 (12498) main____ INFO      cpu time      : unlimited
2022-03-29 13:35:49.319925 (12498) main____ INFO      stack size    : 8388608 B
2022-03-29 13:35:49.319950 (12498) main____ INFO      core file size: 0 B
2022-03-29 13:35:49.319976 (12498) main____ INFO      open files    : 1024
2022-03-29 13:35:49.320098 (12498) main____ INFO      file size     : unlimited
2022-03-29 13:35:49.320153 (12498) main____ INFO    ----------------------------------------
2022-03-29 13:35:49.320166 (12498) main____ INFO    Memory statistics:
2022-03-29 13:35:49.320180 (12498) main____ INFO      total physical memory  : 24509252 kB
2022-03-29 13:35:49.320192 (12498) main____ INFO      free physical memory   : 189808 kB
2022-03-29 13:35:49.320205 (12498) main____ INFO      committed address space: 34321612 kB
2022-03-29 13:35:49.320217 (12498) main____ INFO    ----------------------------------------
2022-03-29 13:35:49.320310 (12498) main____ INFO    Important environment variables:
2022-03-29 13:35:49.320337 (12498) main____ INFO      DISPLAY        : 'localhost:13.0'
2022-03-29 13:35:49.320358 (12498) main____ INFO      EDITOR         : '/usr/bin/vim'
2022-03-29 13:35:49.320378 (12498) main____ INFO      LM_LICENSE_FILE: '5280@vlsicad8:26000@lscic:1717@lsncku:5280@lstn:26585@lsncku:26585@lscic'
2022-03-29 13:35:49.320392 (12498) main____ INFO    ----------------------------------------
2022-03-29 13:35:49.323475 (12498) lic_core INFO    Initializing license system ...
2022-03-29 13:35:49.325028 (12498) lic_core INFO    ... license system initialized.
2022-03-29 13:35:49.327758 (12498) lic__man INFO    Claim 'main' for <ui>.
2022-03-29 13:35:49.327859 (12498) lic_core INFO    (1) checking out 'jasper_interactive' ...
2022-03-29 13:35:49.377256 (12498) lic_core INFO    ... (1) checkout failed (error: -5) ("FLEXnet ERROR(-5, 0, 0): No such feature exists.")
2022-03-29 13:35:49.377293 (12498) lic_core INFO    (2) checking out 'jasper_pint' ...
2022-03-29 13:35:49.494207 (12498) lic_core INFO    ... (2) checkout succeeded
2022-03-29 13:35:49.494363 (12498) lic__man INFO    Claim 'superlint' for <ui>.
2022-03-29 13:35:49.494419 (12498) lic_core INFO    (3) checking out 'jasper_afl' ...
2022-03-29 13:35:49.540243 (12498) lic_core INFO    ... (3) checkout failed (error: -5) ("FLEXnet ERROR(-5, 0, 0): No such feature exists.")
2022-03-29 13:35:49.540318 (12498) lic_core INFO    (4) checking out 'jasper_dao' ...
2022-03-29 13:35:49.651067 (12498) lic_core INFO    ... (4) checkout succeeded
2022-03-29 13:35:51.176776 (12498) lic__man INFO    Claim 'superlint' for <ui>.
2022-03-29 13:35:51.551425 (12498) lic__man INFO    Unclaim 'superlint' for <ui>.
2022-03-29 13:35:51.551520 (12498) lic__man INFO    Claim 'superlint' for <ui>.
2022-03-29 13:35:51.563086 (12498) session_ INFO    Starting analysis session with session id 'session_0' ...
2022-03-29 13:35:51.565321 (12498) session_ INFO    Analysis session with session id 'session_0' started (pid: 12519)
2022-03-29 13:35:58.725214 (12498) session_ INFO    Analysis session 'session_0' connected to the console (host: 192.168.100.10:38656)
2022-03-29 13:35:59.931487 (12498) lic__man INFO    Unclaim everything for 'session_0'.
2022-03-29 13:36:00.147834 (12498) lic__man INFO    Unclaim everything for 'session_0'.
2022-03-29 13:36:00.267601 (12498) lic__man INFO    Claim 'superlint' for 'session_0'.
2022-03-29 13:37:39.361354 (12498) main____ INFO    About to exit: requested from GUI
2022-03-29 13:37:39.658859 (12498) main____ INFO    Exiting with status 0.
