#----------------------------------------
# JasperGold Version Info
# tool      : JasperGold 2018.03
# platform  : Linux 3.10.0-957.21.3.el7.x86_64
# version   : 2018.03p001 64 bits
# build date: 2018.04.24 18:13:05 PDT
#----------------------------------------
# started Tue Mar 08 13:31:48 CST 2022
# hostname  : vlsicad9
# pid       : 11493
# arguments : '-label' 'session_0' '-console' 'vlsicad9:35940' '-style' 'windows' '-data' 'AQAAADx/////AAAAAAAAA3oBAAAAEABMAE0AUgBFAE0ATwBWAEU=' '-proj' '/home/user2/vlsi22/vlsi22114/Lab2/ProbA/jgproject/sessionLogs/session_0' '-init' '-hidden' '/home/user2/vlsi22/vlsi22114/Lab2/ProbA/jgproject/.tmp/.initCmds.tcl'

Any disclosure about the Cadence Design Systems software or its use
model to any third party violates the written Non-Disclosure Agreement
between Cadence Design Systems, Inc. and the customer.

THIS SOFTWARE CONTAINS CONFIDENTIAL INFORMATION AND TRADE SECRETS OF
CADENCE DESIGN SYSTEMS, INC. USE, DISCLOSURE, OR REPRODUCTION IS
PROHIBITED WITHOUT THE PRIOR EXPRESS WRITTEN PERMISSION OF CADENCE
DESIGN SYSTEMS, INC.

Copyright (C) 2000-2018 Cadence Design Systems, Inc. All Rights
Reserved.  Unpublished -- rights reserved under the copyright laws of
the United States.

This product includes software developed by others and redistributed
according to license agreement. See doc/third_party_readme.txt for
further details.

RESTRICTED RIGHTS LEGEND

Use, duplication, or disclosure by the Government is subject to
restrictions as set forth in subparagraph (c) (1) (ii) of the Rights in
Technical Data and Computer Software clause at DFARS 252.227-7013 or
subparagraphs (c) (1) and (2) of Commercial Computer Software -- Restricted
Rights at 48 CFR 52.227-19, as applicable.


                          Cadence Design Systems, Inc. 
                          2655 Seely Avenue
                          San Jose, CA 95134
                          Phone: 408.943.1234

For technical assistance visit http://support.cadence.com.

JasperGold Apps Analysis Session - /home/user2/vlsi22/vlsi22114/Lab2/ProbA/jgproject/sessionLogs/session_0

INFO: successfully checked out licenses "jasper_pint" and "jasper_dao".
INFO: reading configuration file "/home/user2/vlsi22/vlsi22114/.config/jasper/jaspergold.conf".
% check_superlint -init
% include /home/user2/vlsi22/vlsi22114/Lab2/ProbA/superlint.tcl
%% ##------------------Dont touch----------------------##
%% clear -all
INFO (IPF121): Cleared environment completely for new design analysis.
%% 
%% # Config rules
%% config_rtlds -rule -enable -domain { LINT }
%% config_rtlds -rule -disable -domain { DFT AUTO_FORMAL }
%% 
%% # ivcad2022_constrain //
%% config_rtlds -rule  -disable -category { NAMING }
%% config_rtlds -rule  -disable -tag { IDN_NR_CKYW \
NAM_NR_REPU EXP_NR_OVFB IFC_NR_DGEL  INS_NR_PODL MOD_NR_PGAT MOD_NO_IPRG \
FLP_NR_MXCS FLP_NO_ASRT REG_NR_RWRC INS_NR_INPR MOD_NS_GLGC OTP_NR_ASYA} 
%% # ivcad2022_constrain //
%% 
%% ##------------------Dont touch----------------------##
%% 
%% # import and elaborate design //
%% analyze -v2k ./kmap.v; ## modify your file name ##
[-- (VERI-1482)] Analyzing Verilog file './kmap.v'
%% elaborate -bbox true -top kmap; ## modify your top module ##
INFO (ISW003): Top module name is "kmap".
[INFO (VERI-1018)] ./kmap.v(9): compiling module 'kmap'
kmap
%% 
%% # Setup clock and reset
%% #clock clk; ## modify your clock name ##
%% #reset rst; ## modify your reset name ##
%% 
%% # Extract checks
%% check_superlint -extract
INFO (ISL018): Started extraction of structural checks
INFO (ISL016): Extracted 0 STRUCTURAL checks.
INFO (ISL016): Extracted 1 BASIC LINT checks.
1
%% 
INFO (IPL005): Received request to exit from the console.
INFO: Waiting for proof threads to stop...
INFO: Proof threads stopped.
