#! /c/Source/iverilog-install/bin/vvp
:ivl_version "12.0 (devel)" "(s20150603-1110-g18392a46)";
:ivl_delay_selection "TYPICAL";
:vpi_time_precision + 0;
:vpi_module "C:\iverilog\lib\ivl\system.vpi";
:vpi_module "C:\iverilog\lib\ivl\vhdl_sys.vpi";
:vpi_module "C:\iverilog\lib\ivl\vhdl_textio.vpi";
:vpi_module "C:\iverilog\lib\ivl\v2005_math.vpi";
:vpi_module "C:\iverilog\lib\ivl\va_math.vpi";
S_000001c35307bae0 .scope module, "pattern_gen" "pattern_gen" 2 1;
 .timescale 0 0;
    .port_info 0 /INPUT 1 "clk";
    .port_info 1 /INPUT 1 "rst";
    .port_info 2 /INPUT 1 "en";
    .port_info 3 /INPUT 1 "x";
    .port_info 4 /OUTPUT 1 "p";
    .port_info 5 /OUTPUT 1 "valid";
P_000001c35307bc70 .param/l "s0" 0 2 13, C4<000>;
P_000001c35307bca8 .param/l "s1" 0 2 14, C4<001>;
P_000001c35307bce0 .param/l "s2" 0 2 15, C4<010>;
P_000001c35307bd18 .param/l "s3" 0 2 16, C4<011>;
P_000001c35307bd50 .param/l "s4" 0 2 17, C4<100>;
P_000001c35307bd88 .param/l "s5" 0 2 18, C4<101>;
P_000001c35307bdc0 .param/l "s6" 0 2 19, C4<110>;
P_000001c35307bdf8 .param/l "s7" 0 2 20, C4<111>;
o000001c352eeaf98 .functor BUFZ 1, C4<z>; HiZ drive
v000001c35307b810_0 .net "clk", 0 0, o000001c352eeaf98;  0 drivers
o000001c352eeafc8 .functor BUFZ 1, C4<z>; HiZ drive
v000001c353076800_0 .net "en", 0 0, o000001c352eeafc8;  0 drivers
v000001c35307be40_0 .var "p", 0 0;
o000001c352eeb028 .functor BUFZ 1, C4<z>; HiZ drive
v000001c35307bee0_0 .net "rst", 0 0, o000001c352eeb028;  0 drivers
v000001c352ee36d0_0 .var "st", 2 0;
v000001c352ee3770_0 .var "st_ns", 2 0;
v000001c352ee3810_0 .var "valid", 0 0;
o000001c352eeb0e8 .functor BUFZ 1, C4<z>; HiZ drive
v000001c352ee38b0_0 .net "x", 0 0, o000001c352eeb0e8;  0 drivers
E_000001c352ed6760 .event anyedge, v000001c352ee38b0_0, v000001c352ee36d0_0;
E_000001c352ed68e0 .event posedge, v000001c35307bee0_0, v000001c35307b810_0;
    .scope S_000001c35307bae0;
T_0 ;
    %wait E_000001c352ed68e0;
    %load/vec4 v000001c35307bee0_0;
    %flag_set/vec4 8;
    %jmp/0xz  T_0.0, 8;
    %pushi/vec4 0, 0, 3;
    %assign/vec4 v000001c352ee36d0_0, 0;
    %jmp T_0.1;
T_0.0 ;
    %load/vec4 v000001c353076800_0;
    %flag_set/vec4 8;
    %jmp/0xz  T_0.2, 8;
    %load/vec4 v000001c352ee3770_0;
    %assign/vec4 v000001c352ee36d0_0, 0;
    %jmp T_0.3;
T_0.2 ;
    %pushi/vec4 0, 0, 3;
    %assign/vec4 v000001c352ee36d0_0, 0;
T_0.3 ;
T_0.1 ;
    %jmp T_0;
    .thread T_0;
    .scope S_000001c35307bae0;
T_1 ;
    %wait E_000001c352ed6760;
    %load/vec4 v000001c352ee36d0_0;
    %dup/vec4;
    %pushi/vec4 0, 0, 3;
    %cmp/u;
    %jmp/1 T_1.0, 6;
    %dup/vec4;
    %pushi/vec4 1, 0, 3;
    %cmp/u;
    %jmp/1 T_1.1, 6;
    %dup/vec4;
    %pushi/vec4 2, 0, 3;
    %cmp/u;
    %jmp/1 T_1.2, 6;
    %dup/vec4;
    %pushi/vec4 3, 0, 3;
    %cmp/u;
    %jmp/1 T_1.3, 6;
    %dup/vec4;
    %pushi/vec4 4, 0, 3;
    %cmp/u;
    %jmp/1 T_1.4, 6;
    %dup/vec4;
    %pushi/vec4 5, 0, 3;
    %cmp/u;
    %jmp/1 T_1.5, 6;
    %dup/vec4;
    %pushi/vec4 6, 0, 3;
    %cmp/u;
    %jmp/1 T_1.6, 6;
    %jmp T_1.7;
T_1.0 ;
    %pushi/vec4 1, 0, 3;
    %store/vec4 v000001c352ee3770_0, 0, 3;
    %jmp T_1.7;
T_1.1 ;
    %pushi/vec4 2, 0, 3;
    %store/vec4 v000001c352ee3770_0, 0, 3;
    %jmp T_1.7;
T_1.2 ;
    %load/vec4 v000001c352ee38b0_0;
    %flag_set/vec4 8;
    %jmp/0 T_1.8, 8;
    %pushi/vec4 3, 0, 3;
    %jmp/1 T_1.9, 8;
T_1.8 ; End of true expr.
    %pushi/vec4 4, 0, 3;
    %jmp/0 T_1.9, 8;
 ; End of false expr.
    %blend;
T_1.9;
    %store/vec4 v000001c352ee3770_0, 0, 3;
    %jmp T_1.7;
T_1.3 ;
    %load/vec4 v000001c352ee38b0_0;
    %flag_set/vec4 8;
    %jmp/0 T_1.10, 8;
    %pushi/vec4 5, 0, 3;
    %jmp/1 T_1.11, 8;
T_1.10 ; End of true expr.
    %pushi/vec4 2, 0, 3;
    %jmp/0 T_1.11, 8;
 ; End of false expr.
    %blend;
T_1.11;
    %store/vec4 v000001c352ee3770_0, 0, 3;
    %jmp T_1.7;
T_1.4 ;
    %load/vec4 v000001c352ee38b0_0;
    %flag_set/vec4 8;
    %jmp/0 T_1.12, 8;
    %pushi/vec4 1, 0, 3;
    %jmp/1 T_1.13, 8;
T_1.12 ; End of true expr.
    %pushi/vec4 5, 0, 3;
    %jmp/0 T_1.13, 8;
 ; End of false expr.
    %blend;
T_1.13;
    %store/vec4 v000001c352ee3770_0, 0, 3;
    %jmp T_1.7;
T_1.5 ;
    %pushi/vec4 6, 0, 3;
    %store/vec4 v000001c352ee3770_0, 0, 3;
    %jmp T_1.7;
T_1.6 ;
    %pushi/vec4 6, 0, 3;
    %store/vec4 v000001c352ee3770_0, 0, 3;
    %jmp T_1.7;
T_1.7 ;
    %pop/vec4 1;
    %load/vec4 v000001c352ee36d0_0;
    %cmpi/e 6, 0, 3;
    %jmp/0xz  T_1.14, 4;
    %pushi/vec4 0, 0, 1;
    %store/vec4 v000001c352ee3810_0, 0, 1;
    %jmp T_1.15;
T_1.14 ;
    %pushi/vec4 1, 0, 1;
    %store/vec4 v000001c352ee3810_0, 0, 1;
T_1.15 ;
    %jmp T_1;
    .thread T_1, $push;
    .scope S_000001c35307bae0;
T_2 ;
    %wait E_000001c352ed6760;
    %load/vec4 v000001c352ee36d0_0;
    %dup/vec4;
    %pushi/vec4 0, 0, 3;
    %cmp/u;
    %jmp/1 T_2.0, 6;
    %dup/vec4;
    %pushi/vec4 1, 0, 3;
    %cmp/u;
    %jmp/1 T_2.1, 6;
    %dup/vec4;
    %pushi/vec4 2, 0, 3;
    %cmp/u;
    %jmp/1 T_2.2, 6;
    %dup/vec4;
    %pushi/vec4 3, 0, 3;
    %cmp/u;
    %jmp/1 T_2.3, 6;
    %dup/vec4;
    %pushi/vec4 4, 0, 3;
    %cmp/u;
    %jmp/1 T_2.4, 6;
    %dup/vec4;
    %pushi/vec4 5, 0, 3;
    %cmp/u;
    %jmp/1 T_2.5, 6;
    %dup/vec4;
    %pushi/vec4 6, 0, 3;
    %cmp/u;
    %jmp/1 T_2.6, 6;
    %jmp T_2.7;
T_2.0 ;
    %pushi/vec4 1, 0, 1;
    %store/vec4 v000001c35307be40_0, 0, 1;
    %jmp T_2.7;
T_2.1 ;
    %pushi/vec4 0, 0, 1;
    %store/vec4 v000001c35307be40_0, 0, 1;
    %jmp T_2.7;
T_2.2 ;
    %load/vec4 v000001c352ee38b0_0;
    %flag_set/vec4 8;
    %jmp/0 T_2.8, 8;
    %pushi/vec4 1, 0, 1;
    %jmp/1 T_2.9, 8;
T_2.8 ; End of true expr.
    %pushi/vec4 0, 0, 1;
    %jmp/0 T_2.9, 8;
 ; End of false expr.
    %blend;
T_2.9;
    %store/vec4 v000001c35307be40_0, 0, 1;
    %jmp T_2.7;
T_2.3 ;
    %pushi/vec4 0, 0, 1;
    %store/vec4 v000001c35307be40_0, 0, 1;
    %jmp T_2.7;
T_2.4 ;
    %load/vec4 v000001c352ee38b0_0;
    %flag_set/vec4 8;
    %jmp/0 T_2.10, 8;
    %pushi/vec4 1, 0, 2;
    %jmp/1 T_2.11, 8;
T_2.10 ; End of true expr.
    %pushi/vec4 0, 0, 2;
    %jmp/0 T_2.11, 8;
 ; End of false expr.
    %blend;
T_2.11;
    %pad/s 1;
    %store/vec4 v000001c35307be40_0, 0, 1;
    %jmp T_2.7;
T_2.5 ;
    %pushi/vec4 0, 0, 1;
    %store/vec4 v000001c35307be40_0, 0, 1;
    %jmp T_2.7;
T_2.6 ;
    %pushi/vec4 0, 0, 1;
    %store/vec4 v000001c35307be40_0, 0, 1;
    %jmp T_2.7;
T_2.7 ;
    %pop/vec4 1;
    %jmp T_2;
    .thread T_2, $push;
# The file index is used to find the file name in the following table.
:file_names 3;
    "N/A";
    "<interactive>";
    ".\pattern_gen.v";
