 ****** PrimeSim HSPICE -- R-2020.12-SP2 linux64 (May 24 2021 7074677) ******
  Copyright (c) 1986 - 2023 by Synopsys, Inc. All Rights Reserved.
  This software and the associated documentation are proprietary
  to Synopsys, Inc. This software may only be used in accordance
  with the terms and conditions of a written license agreement with
  Synopsys, Inc. All other use, reproduction, or distribution of
  this software is strictly prohibited.
  Input File: testbench1b.sp                                                    
  Command line options: /cad/synopsys/hspice/2020.12-sp2/hspice/linux64/hspice -i testbench1b.sp -o postsim2.lis
  Start time: Wed Apr 12 21:05:36 2023
 lic:  
 lic: FLEXlm: SDK_12.9.5 
 lic: USER:   vlsisj2023027        HOSTNAME: cic-svr 
 lic: HOSTID: "90b11c16165c"       PID:      74260 
 lic: Using FLEXlm license file: 
 lic: 26585@lshc 
 lic: Checkout 1 hspice 
 lic: License/Maintenance for hspice will expire on 31-mar-2024/2023.03 
 lic: 179(in_use)/900(total) FLOATING license(s) on SERVER 26585@lshc 
 lic:   
  **warning** (cic018.l:745) Model p_18 device geometries will not be checked against the limits set by lmin, lmax, wmin and wmax. To enable this check, add a period(.) to the model name(i.e. enable model selector).
  **warning** (testbench1b.sp:4) runlvl smaller than 5, reset to 5 when accurate turned on
1****** PrimeSim HSPICE -- R-2020.12-SP2 linux64 (May 24 2021 7074677) ******
 ******  
 .protect

 ****** mos   model parameters tnom=  25.000 temp=  25.000 ******
 ***************************************************************************
 ***        model parameters  model name:   0:p_18             model type:pmos   ***
 ***************************************************************************

   *** general parameters ***
    deriv=   0.           

   ***  level 49  model parameters  ***

      hspver=    2006.03               level=         49         
     version=        3.2            paramchk=          0         
      apwarn=          1                lite=          0         
      vgslim=          0             binUnit=          1         
      capMod=          2               xpart=          1         
      mobMod=          3              nqsMod=          0         
      stiMod=          0                 elm=          5         
    sfvtflag=          0                 tox=    4.2e-09 meter   
          xj=      1e-07 meter       binflag=          0         
        lmin=    1.8e-07 meter          lmax=      5e-05 meter   
        wmin=    2.4e-07 meter          wmax=     0.0001 meter   
        lref=          0 meter          wref=          0 meter   
        lint= -1.041e-08 meter          wint= -1.525e-07 meter   
       lmult=          1               wmult=          1         
          ll=  6.635e-15                 lln=          1         
          lw= -2.873e-16                 lwn=          1         
         lwl=          0                  wl=          0         
         wln=          1                  ww=  1.236e-14         
         wwn=          1                 wwl=          0         
         dwg= -1.151e-07 m/V             dwb= -1.039e-07 m/V^1/2 
          xl=     -2e-09                  xw=          0         
          a0=       1.35                 ags=     0.3818 V^-1    
          b0= -3.088e-07 meter            b1=          0 meter   
        keta=    0.01044 V^-1           voff=    -0.1073 V       
       ngate=      1e+23 cm^-3           vbx=          0 V       
         vbm=         -3 V                xt=   1.55e-07 meter   
        vth0=    -0.4555 V               nch=  6.131e+17 cm^-3   
        nsub=      6e+16 cm^-3           nlx=   2.53e-07 meter   
      gamma1=          0 V^-1/2       gamma2=          0 V^-1/2  
          k1=     0.5704 V^1/2            k2=   0.006973         
          k3=     -2.833                 k3b=      1.326 V^-1    
          w0= -1.943e-07 meter          dvt0=     0.4885         
        dvt1=    0.07578                dvt2=     0.1287 V^-1    
       dvt0w=    -0.1261 meter^-1      dvt1w=      24790 meter^-1
       dvt2w=     0.6915 V^-1           dsub=     1.9191         
        eta0=      1.071                etab=    -0.9291 V^-1    
          u0=      114.5 cm^2/V/sec         ua=   1.54e-09 m/V     
          ub=  2.646e-19 (m/V)^2          uc=   -0.09587 V^-1    
        vsat=      53400 m/sec            a1=          0 v^-1    
          a2=          1               delta=       0.01 V       
        rdsw=      792.1 ohm-um         prwg=          0 V^-1    
        prwb=          0 V^-1/2           wr=          1         
        pclm=      2.653             pdiblc1=          0         
     pdiblc2=      5e-06             pdiblcb=          0 V^-1    
      pscbe1=  4.866e+08 V/m          pscbe2=    2.8e-07 V/m     
       drout=      1.457                pvag=      1.162         
     nfactor=      1.535                cdsc=  0.0007578 f/m^2   
       cdscb=     0.0001 f/V/m^2       cdscd= -2.883e-05 f/V/m^2 
         cit=  -0.001067 f/m^2        alpha0=          0 m/V     
       beta0=         30 V               dlc=   7.01e-08 meter   
         dwc=          0 meter           clc=      1e-07 meter   
         cle=        0.6                cgso=  2.054e-10 f/m     
        cgdo=  2.054e-10 f/m            cgbo=          0 f/m     
        cgsl=          0 f/m            cgdl=          0 f/m     
      ckappa=        0.6                  cf=  1.533e-10 f/m     
        acde=          1 m/V            moin=         15 V^1/2   
        toxm=    4.2e-09 m            dtoxcv=          0 m       
         vfb (not used)                alpha1=          0 1/V     
        ijth=          0 A              noff=          1         
      voffcv=          0                 tcj=          0 1/K     
       tcjsw=          0 1/K          tcjswg=          0 1/K     
         tpb=          0 V/K           tpbsw=          0 V/K     
      tpbswg=          0 V/K             llc=  -1.31e-14         
         lwc=          0                lwlc=          0         
         wlc=          0                 wwc=          0         
        wwlc=          0                tnom=     298.15 K       
         kt1=    -0.2194 V              kt1l= -8.204e-09         
         kt2=  -0.009487                 ute=    -0.4484         
         ua1=  4.571e-09 m/V             ub1= -6.026e-18 (m/V)^2 
         uc1=    -0.0985 m/V^2            at=      12030 m/s     
         prt=          0         
         using Berkeley noise model       noiMod=          1         
        noia=      1e+20                noib=      50000         
        noic=   -1.4e-12                  em=    4.1e+07         
          ef=          1                  af=          1         
          kf=          0              gdsnoi=-1.23457e-29         
         using Hspice diodes            using ACM 
         acm=         3                 hdif=   2.6e-07 meter    
        ldif=     8e-08 meter             js=     3e-06 amp/m^2  
         jsw=  4.12e-11 amp/m            xti=         3          
           n=         1                   cj=   0.00114 f/m^2    
          mj=     0.395                   pb=     0.762 V        
        cjsw=  1.74e-10 f/m             mjsw=     0.324          
         php=     0.665 V               pbsw (not used)           
      cjgate=  1.74e-10 f/m            cjswg (not used)           
       mjswg (not used)                 pbswg (not used)           
         la0=     -0.281                lags=    0.04454         
       lketa=     -0.012               lvoff= -0.0009871         
       lvth0=     0.0044                lnlx= -1.584e-08         
         lua= -8.153e-11            lpdiblc2=   0.003012         
         wa0=   -0.04807                wags=   -0.04177         
       wvoff=  -0.009816               wvth0=    -0.0148         
         wua=   2.63e-09               wvsat=     -14200         
       wrdsw=      10.07                wute=    -0.2682         
         wat=      -6405                wprt=      216.6         
         pa0=    0.08661                pags=   -0.04076         
       pvoff= -9.833e-05               pvth0=     0.0032         
         pua=  5.855e-11               pvsat=       -434         
 

  
      
 *****************************************************************
 ******  option summary
 ******
 runlvl  = 6         bypass  = 2.0000    

          ***** job concluded
 ******  
 .protect

 ****** job statistics summary tnom=  25.000 temp=  25.000 ******
  
 ******  Machine Information  ******
 CPU:
 model name	: Intel(R) Xeon(R) CPU E7- 4820  @ 2.00GHz
 cpu MHz	: 1995.148
 CPU(s)		: 32
  
 OS:
 Linux version 2.6.32-696.el6.x86_64 (mockbuild@c1bm.rdu2.centos.org) (gcc version 4.4.7 20120313 (Red Hat 4.4.7-18) (GCC) ) #1 SMP Tue Mar 21 19:29:05 UTC 2017

 System loadavg : 7.31 7.21 7.18 10/2263 74286


  ******  PrimeSim HSPICE Threads Information  ******

  Command Line Threads Count :     1
  Available CPU Count        :    32
  Actual Threads Count       :     1


  ******  Circuit Statistics  ******
  # nodes       =       6 # elements   =       4
  # resistors   =       0 # capacitors =       0 # inductors   =       0
  # mutual_inds =       0 # vccs       =       0 # vcvs        =       0
  # cccs        =       0 # ccvs       =       0 # volt_srcs   =       3
  # curr_srcs   =       0 # diodes     =       0 # bjts        =       0
  # jfets       =       0 # mosfets    =       1 # U elements  =       0
  # T elements  =       0 # W elements =       0 # B elements  =       0
  # S elements  =       0 # P elements =       0 # va device   =       0
  # vector_srcs =       0 # N elements =       0


  ******  Runtime Statistics (seconds)  ******

  analysis           time    # points   tot. iter  conv.iter
  op point           0.00           1           0
  dc sweep           0.06         361         826
  readin             0.01
  errchk             0.00
  setup              0.00
  output             0.00


           peak memory used        438.28 megabytes
           total cpu time            0.08 seconds
           total elapsed time        0.70 seconds
           job started at     21:05:36 04/12/2023
           job ended   at     21:05:36 04/12/2023
           job total runtime         0.70 seconds


 lic: Release hspice token(s) 
 lic: total license checkout elapse time:        0.62(s)
