 ****** PrimeSim HSPICE -- R-2020.12-SP2 linux64 (May 24 2021 7074677) ******
  Copyright (c) 1986 - 2023 by Synopsys, Inc. All Rights Reserved.
  This software and the associated documentation are proprietary
  to Synopsys, Inc. This software may only be used in accordance
  with the terms and conditions of a written license agreement with
  Synopsys, Inc. All other use, reproduction, or distribution of
  this software is strictly prohibited.
  Input File: testbench1a.sp                                                    
  Command line options: /cad/synopsys/hspice/2020.12-sp2/hspice/linux64/hspice -i testbench1a.sp -o postsim1.lis
  Start time: Wed Apr 12 21:00:06 2023
 lic:  
 lic: FLEXlm: SDK_12.9.5 
 lic: USER:   vlsisj2023027        HOSTNAME: cic-svr 
 lic: HOSTID: "90b11c16165c"       PID:      72901 
 lic: Using FLEXlm license file: 
 lic: 26585@lshc 
 lic: Checkout 1 hspice 
 lic: License/Maintenance for hspice will expire on 31-mar-2024/2023.03 
 lic: 168(in_use)/900(total) FLOATING license(s) on SERVER 26585@lshc 
 lic:   
  **warning** (cic018.l:454) Model n_18 device geometries will not be checked against the limits set by lmin, lmax, wmin and wmax. To enable this check, add a period(.) to the model name(i.e. enable model selector).
  **warning** (testbench1a.sp:4) runlvl smaller than 5, reset to 5 when accurate turned on
1****** PrimeSim HSPICE -- R-2020.12-SP2 linux64 (May 24 2021 7074677) ******
 ******  
 .protect

 ****** mos   model parameters tnom=  25.000 temp=  25.000 ******
 ***************************************************************************
 ***        model parameters  model name:   0:n_18             model type:nmos   ***
 ***************************************************************************

   *** general parameters ***
    deriv=   0.           

   ***  level 49  model parameters  ***

      hspver=    2006.03               level=         49         
     version=        3.2            paramchk=          0         
      apwarn=          1                lite=          0         
      vgslim=          0             binUnit=          1         
      capMod=          2               xpart=          1         
      mobMod=          1              nqsMod=          0         
      stiMod=          0                 elm=          5         
    sfvtflag=          0                 tox=    4.2e-09 meter   
          xj=    1.6e-07 meter       binflag=          0         
        lmin=    1.8e-07 meter          lmax=      5e-05 meter   
        wmin=    2.4e-07 meter          wmax=     0.0001 meter   
        lref=          0 meter          wref=          0 meter   
        lint=  1.587e-08 meter          wint=  1.022e-08 meter   
       lmult=          1               wmult=          1         
          ll= -1.062e-15                 lln=          1         
          lw=  2.996e-15                 lwn=          1         
         lwl=          0                  wl=          0         
         wln=          1                  ww=  7.262e-16         
         wwn=          1                 wwl=          0         
         dwg= -3.396e-09 m/V             dwb=  1.346e-09 m/V^1/2 
          xl=  -1.05e-08                  xw=          0         
          a0=       1.93                 ags=     0.5072 V^-1    
          b0=  1.486e-06 meter            b1=  9.064e-06 meter   
        keta=    0.01752 V^-1           voff=    -0.1088 V       
       ngate=      1e+23 cm^-3           vbx=          0 V       
         vbm=         -3 V                xt=   1.55e-07 meter   
        vth0=     0.3075 V               nch= 3.7446e+17 cm^-3   
        nsub=      6e+16 cm^-3           nlx=  4.279e-07 meter   
      gamma1=          0 V^-1/2       gamma2=          0 V^-1/2  
          k1=     0.4578 V^1/2            k2=   -0.02638         
          k3=     -10.88                 k3b=     0.2379 V^-1    
          w0= -8.813e-08 meter          dvt0=     0.4042         
        dvt1=     0.3237                dvt2=    -0.8602 V^-1    
       dvt0w=      0.383 meter^-1      dvt1w=     600000 meter^-1
       dvt2w=     -0.025 V^-1           dsub=   0.001592         
        eta0=   0.001004                etab=  -0.001459 V^-1    
          u0=      314.1 cm^2/V/sec         ua= -9.201e-10 m/V     
          ub=  1.907e-18 (m/V)^2          uc=  4.355e-11 V^-1    
        vsat=      71580 m/sec            a1=          0 v^-1    
          a2=          1               delta=       0.01 V       
        rdsw=      4.905 ohm-um         prwg=          0 V^-1    
        prwb=          0 V^-1/2           wr=          1         
        pclm=      1.091             pdiblc1=   0.003061         
     pdiblc2=      1e-06             pdiblcb=          0 V^-1    
      pscbe1=  4.866e+08 V/m          pscbe2=    2.8e-07 V/m     
       drout=   0.001592                pvag=    -0.2958         
     nfactor=      1.038                cdsc=   0.002175 f/m^2   
       cdscb=  0.0008241 f/V/m^2       cdscd=    -0.0005 f/V/m^2 
         cit=  -0.001511 f/m^2        alpha0=          0 m/V     
       beta0=         30 V               dlc=      4e-08 meter   
         dwc=          0 meter           clc=      1e-07 meter   
         cle=        0.6                cgso=   2.35e-10 f/m     
        cgdo=   2.35e-10 f/m            cgbo=          0 f/m     
        cgsl=          0 f/m            cgdl=          0 f/m     
      ckappa=        0.6                  cf=  1.533e-10 f/m     
        acde=          1 m/V            moin=         15 V^1/2   
        toxm=    4.2e-09 m            dtoxcv=          0 m       
         vfb (not used)                alpha1=          0 1/V     
        ijth=          0 A              noff=          1         
      voffcv=          0                 tcj=          0 1/K     
       tcjsw=          0 1/K          tcjswg=          0 1/K     
         tpb=          0 V/K           tpbsw=          0 V/K     
      tpbswg=          0 V/K             llc=  -6.64e-15         
         lwc=          0                lwlc=          0         
         wlc=          0                 wwc=          0         
        wwlc=          0                tnom=     298.15 K       
         kt1=    -0.2255 V              kt1l= -4.175e-09         
         kt2=   -0.02527                 ute=     -1.286         
         ua1=  2.153e-09 m/V             ub1= -2.673e-18 (m/V)^2 
         uc1= -3.832e-11 m/V^2            at=      14490 m/s     
         prt=     -10.18         
         using Berkeley noise model       noiMod=          1         
        noia=      1e+20                noib=      50000         
        noic=   -1.4e-12                  em=    4.1e+07         
          ef=          1                  af=          1         
          kf=          0              gdsnoi=-1.23457e-29         
         using Hspice diodes            using ACM 
         acm=         3                 hdif=   2.6e-07 meter    
        ldif=     8e-08 meter             js=     1e-06 amp/m^2  
         jsw=     7e-11 amp/m            xti=         3          
           n=         1                   cj=   0.00103 f/m^2    
          mj=     0.443                   pb=     0.813 V        
        cjsw=  1.34e-10 f/m             mjsw=      0.33          
         php=      0.88 V               pbsw (not used)           
      cjgate=     5e-10 f/m            cjswg (not used)           
       mjswg (not used)                 pbswg (not used)           
         la0=    -0.4667                lags=     0.3028         
       lketa=   -0.01942               lvoff=  -0.004208         
       lvth0=     -0.001                lnlx= -2.854e-08         
       leta0=   0.001574            lpdiblc2=  -0.004752         
         wa0=   -0.04731                wags=   0.004242         
       wvoff= -0.0004078               wvth0=    0.06027         
         wu0=       0.54                 wua=  -1.88e-11         
       wvsat=       5066                wute=    0.06373         
         wat=       7067                 pa0=   -0.02649         
       pvoff= -0.0003788                 pw0=    1.3e-09         
         pub=    3.8e-20         
 

  
      
 *****************************************************************
 ******  option summary
 ******
 runlvl  = 6         bypass  = 2.0000    

          ***** job concluded
 ******  
 .protect

 ****** job statistics summary tnom=  25.000 temp=  25.000 ******
  
 ******  Machine Information  ******
 CPU:
 model name	: Intel(R) Xeon(R) CPU E7- 4820  @ 2.00GHz
 cpu MHz	: 1995.148
 CPU(s)		: 32
  
 OS:
 Linux version 2.6.32-696.el6.x86_64 (mockbuild@c1bm.rdu2.centos.org) (gcc version 4.4.7 20120313 (Red Hat 4.4.7-18) (GCC) ) #1 SMP Tue Mar 21 19:29:05 UTC 2017

 System loadavg : 7.20 7.21 7.19 9/2440 72904


  ******  PrimeSim HSPICE Threads Information  ******

  Command Line Threads Count :     1
  Available CPU Count        :    32
  Actual Threads Count       :     1


  ******  Circuit Statistics  ******
  # nodes       =       5 # elements   =       3
  # resistors   =       0 # capacitors =       0 # inductors   =       0
  # mutual_inds =       0 # vccs       =       0 # vcvs        =       0
  # cccs        =       0 # ccvs       =       0 # volt_srcs   =       2
  # curr_srcs   =       0 # diodes     =       0 # bjts        =       0
  # jfets       =       0 # mosfets    =       1 # U elements  =       0
  # T elements  =       0 # W elements =       0 # B elements  =       0
  # S elements  =       0 # P elements =       0 # va device   =       0
  # vector_srcs =       0 # N elements =       0


  ******  Runtime Statistics (seconds)  ******

  analysis           time    # points   tot. iter  conv.iter
  op point           0.00           1           0
  dc sweep           0.05         361         793
  readin             0.01
  errchk             0.00
  setup              0.00
  output             0.00


           peak memory used        438.28 megabytes
           total cpu time            0.08 seconds
           total elapsed time        0.63 seconds
           job started at     21:00:06 04/12/2023
           job ended   at     21:00:07 04/12/2023
           job total runtime         0.63 seconds


 lic: Release hspice token(s) 
 lic: total license checkout elapse time:        0.55(s)
