#! /c/Source/iverilog-install/bin/vvp
:ivl_version "12.0 (devel)" "(s20150603-1110-g18392a46)";
:ivl_delay_selection "TYPICAL";
:vpi_time_precision + 0;
:vpi_module "C:\iverilog\lib\ivl\system.vpi";
:vpi_module "C:\iverilog\lib\ivl\vhdl_sys.vpi";
:vpi_module "C:\iverilog\lib\ivl\vhdl_textio.vpi";
:vpi_module "C:\iverilog\lib\ivl\v2005_math.vpi";
:vpi_module "C:\iverilog\lib\ivl\va_math.vpi";
S_000001c69b322ba0 .scope module, "top" "top" 2 1;
 .timescale 0 0;
    .port_info 0 /INPUT 1 "clk";
    .port_info 1 /INPUT 1 "rst";
    .port_info 2 /INPUT 24 "RAM1_Q";
    .port_info 3 /OUTPUT 24 "RAM1_D";
    .port_info 4 /OUTPUT 20 "RAM1_A";
    .port_info 5 /OUTPUT 1 "RAM1_WE";
    .port_info 6 /OUTPUT 1 "RAM1_OE";
    .port_info 7 /INPUT 24 "RAM2_Q";
    .port_info 8 /OUTPUT 24 "RAM2_D";
    .port_info 9 /OUTPUT 20 "RAM2_A";
    .port_info 10 /OUTPUT 1 "RAM2_WE";
    .port_info 11 /OUTPUT 1 "RAM2_OE";
    .port_info 12 /OUTPUT 24 "RAM3_D";
    .port_info 13 /OUTPUT 20 "RAM3_A";
    .port_info 14 /OUTPUT 1 "RAM3_WE";
    .port_info 15 /OUTPUT 1 "RAM3_OE";
    .port_info 16 /OUTPUT 1 "done";
P_000001c69b322d30 .param/l "s0" 0 2 25, C4<00>;
P_000001c69b322d68 .param/l "s1" 0 2 26, C4<01>;
P_000001c69b322da0 .param/l "s2" 0 2 27, C4<10>;
P_000001c69b322dd8 .param/l "s3" 0 2 28, C4<11>;
v000001c69b323140_0 .var "RAM1_A", 19 0;
o000001c69b364008 .functor BUFZ 24, C4<zzzzzzzzzzzzzzzzzzzzzzzz>; HiZ drive
v000001c69b322e20_0 .net "RAM1_D", 23 0, o000001c69b364008;  0 drivers
v000001c69b322ec0_0 .var "RAM1_OE", 0 0;
o000001c69b364068 .functor BUFZ 24, C4<zzzzzzzzzzzzzzzzzzzzzzzz>; HiZ drive
v000001c69b353c50_0 .net "RAM1_Q", 23 0, o000001c69b364068;  0 drivers
v000001c69b353cf0_0 .var "RAM1_WE", 0 0;
v000001c69b353d90_0 .var "RAM2_A", 19 0;
o000001c69b3640f8 .functor BUFZ 24, C4<zzzzzzzzzzzzzzzzzzzzzzzz>; HiZ drive
v000001c69b353e30_0 .net "RAM2_D", 23 0, o000001c69b3640f8;  0 drivers
v000001c69b353ed0_0 .var "RAM2_OE", 0 0;
o000001c69b364158 .functor BUFZ 24, C4<zzzzzzzzzzzzzzzzzzzzzzzz>; HiZ drive
v000001c69b353f70_0 .net "RAM2_Q", 23 0, o000001c69b364158;  0 drivers
v000001c69b354010_0 .var "RAM2_WE", 0 0;
v000001c69b3540b0_0 .var "RAM3_A", 19 0;
v000001c69b354150_0 .var "RAM3_D", 23 0;
v000001c69b3541f0_0 .var "RAM3_OE", 0 0;
v000001c69b354290_0 .var "RAM3_WE", 0 0;
o000001c69b364278 .functor BUFZ 1, C4<z>; HiZ drive
v000001c69b3aeda0_0 .net "clk", 0 0, o000001c69b364278;  0 drivers
v000001c69b3af3e0_0 .var "counter", 19 0;
v000001c69b3af480_0 .var "done", 0 0;
v000001c69b3ae940_0 .var "n_st", 1 0;
o000001c69b364338 .functor BUFZ 1, C4<z>; HiZ drive
v000001c69b3ae9e0_0 .net "rst", 0 0, o000001c69b364338;  0 drivers
v000001c69b3af520_0 .var "st", 1 0;
E_000001c69b307da0 .event anyedge, v000001c69b3af520_0, v000001c69b3af3e0_0, v000001c69b353f70_0, v000001c69b353c50_0;
E_000001c69b3087a0 .event posedge, v000001c69b3ae9e0_0, v000001c69b3aeda0_0;
    .scope S_000001c69b322ba0;
T_0 ;
    %wait E_000001c69b3087a0;
    %load/vec4 v000001c69b3ae9e0_0;
    %flag_set/vec4 8;
    %jmp/0xz  T_0.0, 8;
    %pushi/vec4 0, 0, 2;
    %assign/vec4 v000001c69b3af520_0, 0;
    %pushi/vec4 0, 0, 20;
    %assign/vec4 v000001c69b3af3e0_0, 0;
    %jmp T_0.1;
T_0.0 ;
    %load/vec4 v000001c69b3ae940_0;
    %assign/vec4 v000001c69b3af520_0, 0;
    %load/vec4 v000001c69b3af3e0_0;
    %addi 1, 0, 20;
    %assign/vec4 v000001c69b3af3e0_0, 0;
T_0.1 ;
    %jmp T_0;
    .thread T_0;
    .scope S_000001c69b322ba0;
T_1 ;
    %wait E_000001c69b307da0;
    %load/vec4 v000001c69b3af520_0;
    %cmpi/e 0, 0, 2;
    %jmp/0xz  T_1.0, 4;
    %pushi/vec4 0, 0, 1;
    %store/vec4 v000001c69b322ec0_0, 0, 1;
    %pushi/vec4 0, 0, 1;
    %store/vec4 v000001c69b353cf0_0, 0, 1;
    %pushi/vec4 0, 0, 1;
    %store/vec4 v000001c69b353ed0_0, 0, 1;
    %pushi/vec4 0, 0, 1;
    %store/vec4 v000001c69b354010_0, 0, 1;
    %pushi/vec4 0, 0, 1;
    %store/vec4 v000001c69b3541f0_0, 0, 1;
    %pushi/vec4 0, 0, 1;
    %store/vec4 v000001c69b354290_0, 0, 1;
    %pushi/vec4 0, 0, 1;
    %store/vec4 v000001c69b3af480_0, 0, 1;
    %pushi/vec4 1, 0, 2;
    %store/vec4 v000001c69b3ae940_0, 0, 2;
    %jmp T_1.1;
T_1.0 ;
    %load/vec4 v000001c69b3af520_0;
    %cmpi/e 1, 0, 2;
    %jmp/0xz  T_1.2, 4;
    %pushi/vec4 1, 0, 1;
    %store/vec4 v000001c69b322ec0_0, 0, 1;
    %pushi/vec4 0, 0, 1;
    %store/vec4 v000001c69b353cf0_0, 0, 1;
    %pushi/vec4 1, 0, 1;
    %store/vec4 v000001c69b353ed0_0, 0, 1;
    %pushi/vec4 0, 0, 1;
    %store/vec4 v000001c69b354010_0, 0, 1;
    %pushi/vec4 0, 0, 1;
    %store/vec4 v000001c69b3541f0_0, 0, 1;
    %pushi/vec4 1, 0, 1;
    %store/vec4 v000001c69b354290_0, 0, 1;
    %load/vec4 v000001c69b3af3e0_0;
    %subi 1, 0, 20;
    %store/vec4 v000001c69b353d90_0, 0, 20;
    %load/vec4 v000001c69b353f70_0;
    %pad/u 20;
    %store/vec4 v000001c69b323140_0, 0, 20;
    %load/vec4 v000001c69b3af3e0_0;
    %subi 1, 0, 20;
    %store/vec4 v000001c69b3540b0_0, 0, 20;
    %load/vec4 v000001c69b353c50_0;
    %store/vec4 v000001c69b354150_0, 0, 24;
    %load/vec4 v000001c69b3af3e0_0;
    %cmpi/e 4096, 0, 20;
    %jmp/0xz  T_1.4, 4;
    %pushi/vec4 1, 0, 1;
    %store/vec4 v000001c69b3af480_0, 0, 1;
    %pushi/vec4 2, 0, 2;
    %store/vec4 v000001c69b3ae940_0, 0, 2;
    %jmp T_1.5;
T_1.4 ;
    %pushi/vec4 0, 0, 1;
    %store/vec4 v000001c69b3af480_0, 0, 1;
    %pushi/vec4 1, 0, 2;
    %store/vec4 v000001c69b3ae940_0, 0, 2;
T_1.5 ;
    %jmp T_1.3;
T_1.2 ;
    %load/vec4 v000001c69b3af520_0;
    %cmpi/e 2, 0, 2;
    %jmp/0xz  T_1.6, 4;
    %pushi/vec4 0, 0, 1;
    %store/vec4 v000001c69b322ec0_0, 0, 1;
    %pushi/vec4 0, 0, 1;
    %store/vec4 v000001c69b353cf0_0, 0, 1;
    %pushi/vec4 0, 0, 1;
    %store/vec4 v000001c69b353ed0_0, 0, 1;
    %pushi/vec4 0, 0, 1;
    %store/vec4 v000001c69b354010_0, 0, 1;
    %pushi/vec4 0, 0, 1;
    %store/vec4 v000001c69b3541f0_0, 0, 1;
    %pushi/vec4 0, 0, 1;
    %store/vec4 v000001c69b354290_0, 0, 1;
    %pushi/vec4 1, 0, 1;
    %store/vec4 v000001c69b3af480_0, 0, 1;
    %pushi/vec4 2, 0, 2;
    %store/vec4 v000001c69b3ae940_0, 0, 2;
    %jmp T_1.7;
T_1.6 ;
    %pushi/vec4 0, 0, 1;
    %store/vec4 v000001c69b322ec0_0, 0, 1;
    %pushi/vec4 0, 0, 1;
    %store/vec4 v000001c69b353cf0_0, 0, 1;
    %pushi/vec4 0, 0, 1;
    %store/vec4 v000001c69b353ed0_0, 0, 1;
    %pushi/vec4 0, 0, 1;
    %store/vec4 v000001c69b354010_0, 0, 1;
    %pushi/vec4 0, 0, 1;
    %store/vec4 v000001c69b3541f0_0, 0, 1;
    %pushi/vec4 0, 0, 1;
    %store/vec4 v000001c69b354290_0, 0, 1;
    %pushi/vec4 0, 0, 1;
    %store/vec4 v000001c69b3af480_0, 0, 1;
    %pushi/vec4 0, 0, 2;
    %store/vec4 v000001c69b3ae940_0, 0, 2;
T_1.7 ;
T_1.3 ;
T_1.1 ;
    %jmp T_1;
    .thread T_1, $push;
# The file index is used to find the file name in the following table.
:file_names 3;
    "N/A";
    "<interactive>";
    ".\top.v";
