xmverilog(64): 20.09-s007: (c) Copyright 1995-2020 Cadence Design Systems, Inc.
TOOL:	xmverilog	20.09-s007: Started on Mar 09, 2022 at 13:32:36 CST
ncverilog
	mux16to1_tb.v
	+define+FSDB
	+access+r
xmverilog: *W,NCEXDEP: Executable (ncverilog) is deprecated. Use (xmverilog) instead.
Recompiling... reason: file './mux16to1_tb.v' is newer than expected.
	expected: Wed Mar  9 13:31:52 2022
	actual:   Wed Mar  9 13:32:33 2022
file: mux16to1_tb.v
	module worklib.mux16to1_tb:v
		errors: 0, warnings: 0
		Caching library 'worklib' ....... Done
	Elaborating the design hierarchy:
	Building instance overlay tables: .................... Done
	Generating native compiled code:
		worklib.mux16to1_tb:v <0x7938ae4b>
			streams:  21, words: 24649
	Building instance specific data structures.
	Loading native compiled code:     .................... Done
	Design hierarchy summary:
		                  Instances  Unique
		Modules:                  2       2
		Registers:               18      18
		Scalar wires:            17       -
		Vectored wires:           1       -
		Always blocks:            1       1
		Initial blocks:           3       3
		Pseudo assignments:      17      17
		Simulation timescale:  10ps
	Writing initial simulation snapshot: worklib.mux16to1_tb:v
Loading snapshot worklib.mux16to1_tb:v .................... Done
*Verdi* Loading libsscore_xcelium.so
xcelium> source /usr/cad/cadence/XCELIUM/XCELIUM_20.09.007/tools/xcelium/files/xmsimrc
xcelium> run
FSDB Dumper for Xcelium, Release Verdi_S-2021.09, Linux x86_64/64bit, 08/29/2021
(C) 1996 - 2021 by Synopsys, Inc.
*Verdi* FSDB WARNING: The FSDB file already exists. Overwriting the FSDB file may crash the programs that are using this file.
*Verdi* : Create FSDB file 'mux16to1.fsdb'
*Verdi* : Begin traversing the scopes, layer (0).
*Verdi* : End of traversing.
                   0  A=0, B=0, C=0, D=0, E=0, F=0, G=0, H=0, I=0, J=0, K=0, L=0, M=0, N=0, O=0, P=0, sel= 0, Q=0 
                  10  A=1, B=0, C=0, D=0, E=0, F=0, G=0, H=0, I=0, J=0, K=0, L=0, M=0, N=0, O=0, P=0, sel= 0, Q=1 
                  20  A=0, B=1, C=0, D=0, E=0, F=0, G=0, H=0, I=0, J=0, K=0, L=0, M=0, N=0, O=0, P=0, sel= 1, Q=1 
                  30  A=0, B=0, C=1, D=0, E=0, F=0, G=0, H=0, I=0, J=0, K=0, L=0, M=0, N=0, O=0, P=0, sel= 2, Q=1 
                  40  A=0, B=0, C=0, D=1, E=0, F=0, G=0, H=0, I=0, J=0, K=0, L=0, M=0, N=0, O=0, P=0, sel= 3, Q=1 
                  50  A=0, B=0, C=0, D=0, E=1, F=0, G=0, H=0, I=0, J=0, K=0, L=0, M=0, N=0, O=0, P=0, sel= 4, Q=1 
                  60  A=0, B=0, C=0, D=0, E=0, F=1, G=0, H=0, I=0, J=0, K=0, L=0, M=0, N=0, O=0, P=0, sel= 5, Q=1 
                  70  A=0, B=0, C=0, D=0, E=0, F=0, G=1, H=0, I=0, J=0, K=0, L=0, M=0, N=0, O=0, P=0, sel= 6, Q=1 
                  80  A=0, B=0, C=0, D=0, E=0, F=0, G=0, H=1, I=0, J=0, K=0, L=0, M=0, N=0, O=0, P=0, sel= 7, Q=1 
                  90  A=0, B=0, C=0, D=0, E=0, F=0, G=0, H=0, I=1, J=0, K=0, L=0, M=0, N=0, O=0, P=0, sel= 8, Q=1 
                 100  A=0, B=0, C=0, D=0, E=0, F=0, G=0, H=0, I=0, J=1, K=0, L=0, M=0, N=0, O=0, P=0, sel= 9, Q=1 
                 110  A=0, B=0, C=0, D=0, E=0, F=0, G=0, H=0, I=0, J=0, K=1, L=0, M=0, N=0, O=0, P=0, sel=10, Q=1 
                 120  A=0, B=0, C=0, D=0, E=0, F=0, G=0, H=0, I=0, J=0, K=0, L=1, M=0, N=0, O=0, P=0, sel=11, Q=1 
                 130  A=0, B=0, C=0, D=0, E=0, F=0, G=0, H=0, I=0, J=0, K=0, L=0, M=1, N=0, O=0, P=0, sel=12, Q=1 
                 140  A=0, B=0, C=0, D=0, E=0, F=0, G=0, H=0, I=0, J=0, K=0, L=0, M=0, N=1, O=0, P=0, sel=13, Q=1 
                 150  A=0, B=0, C=0, D=0, E=0, F=0, G=0, H=0, I=0, J=0, K=0, L=0, M=0, N=0, O=1, P=0, sel=14, Q=1 
                 160  A=0, B=0, C=0, D=0, E=0, F=0, G=0, H=0, I=0, J=0, K=0, L=0, M=0, N=0, O=0, P=1, sel=15, Q=1 
                 170  A=0, B=0, C=0, D=0, E=0, F=0, G=0, H=0, I=0, J=0, K=0, L=0, M=0, N=0, O=0, P=1, sel= 0, Q=0 
Simulation complete via $finish(1) at time 180 NS + 0
./mux16to1_tb.v:32         #10 $finish;
xcelium> exit
TOOL:	xmverilog	20.09-s007: Exiting on Mar 09, 2022 at 13:32:37 CST  (total: 00:00:01)
