2022-03-08 17:29:36.184598 (11935) main____ INFO    ----------------------------------------
2022-03-08 17:29:36.184774 (11935) main____ INFO    JasperGold version info
2022-03-08 17:29:36.184803 (11935) main____ INFO      tool      : JasperGold 2018.03
2022-03-08 17:29:36.184832 (11935) main____ INFO      version   : 2018.03p001 64 bits
2022-03-08 17:29:36.184857 (11935) main____ INFO      build date: 2018.04.24 18:13:05 PDT
2022-03-08 17:29:36.184874 (11935) main____ INFO    ----------------------------------------
2022-03-08 17:29:36.184887 (11935) main____ INFO    Runtime info:
2022-03-08 17:29:36.184903 (11935) main____ INFO      platform  : Linux 3.10.0-957.21.3.el7.x86_64 x86_64
2022-03-08 17:29:36.184923 (11935) main____ INFO      hostname  : vlsicad9
2022-03-08 17:29:36.184937 (11935) main____ INFO      pid       : 11935
2022-03-08 17:29:36.184952 (11935) main____ INFO      arguments : '-style' 'windows' '-superlint' 'superlint.tcl'
2022-03-08 17:29:36.184966 (11935) main____ INFO    ----------------------------------------
2022-03-08 17:29:36.184980 (11935) main____ INFO    System resource limits info:
2022-03-08 17:29:36.184995 (11935) main____ INFO      virtual memory: unlimited
2022-03-08 17:29:36.185010 (11935) main____ INFO      cpu time      : unlimited
2022-03-08 17:29:36.185039 (11935) main____ INFO      stack size    : 8388608 B
2022-03-08 17:29:36.185065 (11935) main____ INFO      core file size: 0 B
2022-03-08 17:29:36.185090 (11935) main____ INFO      open files    : 1024
2022-03-08 17:29:36.185107 (11935) main____ INFO      file size     : unlimited
2022-03-08 17:29:36.185121 (11935) main____ INFO    ----------------------------------------
2022-03-08 17:29:36.185134 (11935) main____ INFO    Memory statistics:
2022-03-08 17:29:36.185147 (11935) main____ INFO      total physical memory  : 24509248 kB
2022-03-08 17:29:36.185160 (11935) main____ INFO      free physical memory   : 6310884 kB
2022-03-08 17:29:36.185173 (11935) main____ INFO      committed address space: 11488172 kB
2022-03-08 17:29:36.185186 (11935) main____ INFO    ----------------------------------------
2022-03-08 17:29:36.185237 (11935) main____ INFO    Important environment variables:
2022-03-08 17:29:36.185262 (11935) main____ INFO      DISPLAY        : 'localhost:10.0'
2022-03-08 17:29:36.185283 (11935) main____ INFO      EDITOR         : '/usr/bin/vim'
2022-03-08 17:29:36.185303 (11935) main____ INFO      LM_LICENSE_FILE: '5280@vlsicad8:26000@lscic:1717@lsncku:5280@lstn:26585@lsncku:26585@lscic'
2022-03-08 17:29:36.185318 (11935) main____ INFO    ----------------------------------------
2022-03-08 17:29:36.187319 (11935) lic_core INFO    Initializing license system ...
2022-03-08 17:29:36.188934 (11935) lic_core INFO    ... license system initialized.
2022-03-08 17:29:36.191482 (11935) lic__man INFO    Claim 'main' for <ui>.
2022-03-08 17:29:36.191582 (11935) lic_core INFO    (1) checking out 'jasper_interactive' ...
2022-03-08 17:29:36.237293 (11935) lic_core INFO    ... (1) checkout failed (error: -5) ("FLEXnet ERROR(-5, 0, 0): No such feature exists.")
2022-03-08 17:29:36.237346 (11935) lic_core INFO    (2) checking out 'jasper_pint' ...
2022-03-08 17:29:36.343645 (11935) lic_core INFO    ... (2) checkout succeeded
2022-03-08 17:29:36.343814 (11935) lic__man INFO    Claim 'superlint' for <ui>.
2022-03-08 17:29:36.343881 (11935) lic_core INFO    (3) checking out 'jasper_afl' ...
2022-03-08 17:29:36.379732 (11935) lic_core INFO    ... (3) checkout failed (error: -5) ("FLEXnet ERROR(-5, 0, 0): No such feature exists.")
2022-03-08 17:29:36.379818 (11935) lic_core INFO    (4) checking out 'jasper_dao' ...
2022-03-08 17:29:36.494421 (11935) lic_core INFO    ... (4) checkout succeeded
2022-03-08 17:29:37.826534 (11935) lic__man INFO    Claim 'superlint' for <ui>.
2022-03-08 17:29:38.190771 (11935) lic__man INFO    Unclaim 'superlint' for <ui>.
2022-03-08 17:29:38.190862 (11935) lic__man INFO    Claim 'superlint' for <ui>.
2022-03-08 17:29:38.202984 (11935) session_ INFO    Starting analysis session with session id 'session_0' ...
2022-03-08 17:29:38.205067 (11935) session_ INFO    Analysis session with session id 'session_0' started (pid: 11961)
2022-03-08 17:29:45.073836 (11935) session_ INFO    Analysis session 'session_0' connected to the console (host: 192.168.100.10:53842)
2022-03-08 17:29:46.286483 (11935) lic__man INFO    Unclaim everything for 'session_0'.
2022-03-08 17:29:46.541397 (11935) lic__man INFO    Unclaim everything for 'session_0'.
2022-03-08 17:29:46.632374 (11935) lic__man INFO    Claim 'superlint' for 'session_0'.
2022-03-08 17:34:20.353370 (11935) main____ INFO    About to exit: requested from GUI
2022-03-08 17:34:20.630516 (11935) main____ INFO    Exiting with status 0.
