2022-03-09 18:07:12.228183 (16297) main____ INFO    ----------------------------------------
2022-03-09 18:07:12.228399 (16297) main____ INFO    JasperGold version info
2022-03-09 18:07:12.228434 (16297) main____ INFO      tool      : JasperGold 2018.03
2022-03-09 18:07:12.228467 (16297) main____ INFO      version   : 2018.03p001 64 bits
2022-03-09 18:07:12.228493 (16297) main____ INFO      build date: 2018.04.24 18:13:05 PDT
2022-03-09 18:07:12.228513 (16297) main____ INFO    ----------------------------------------
2022-03-09 18:07:12.228532 (16297) main____ INFO    Runtime info:
2022-03-09 18:07:12.228554 (16297) main____ INFO      platform  : Linux 3.10.0-957.21.3.el7.x86_64 x86_64
2022-03-09 18:07:12.228581 (16297) main____ INFO      hostname  : vlsicad9
2022-03-09 18:07:12.228601 (16297) main____ INFO      pid       : 16297
2022-03-09 18:07:12.228622 (16297) main____ INFO      arguments : '-style' 'windows' '-superlint' 'superlint.tcl'
2022-03-09 18:07:12.228641 (16297) main____ INFO    ----------------------------------------
2022-03-09 18:07:12.228659 (16297) main____ INFO    System resource limits info:
2022-03-09 18:07:12.228680 (16297) main____ INFO      virtual memory: unlimited
2022-03-09 18:07:12.228842 (16297) main____ INFO      cpu time      : unlimited
2022-03-09 18:07:12.228884 (16297) main____ INFO      stack size    : 8388608 B
2022-03-09 18:07:12.228919 (16297) main____ INFO      core file size: 0 B
2022-03-09 18:07:12.228953 (16297) main____ INFO      open files    : 1024
2022-03-09 18:07:12.228976 (16297) main____ INFO      file size     : unlimited
2022-03-09 18:07:12.228996 (16297) main____ INFO    ----------------------------------------
2022-03-09 18:07:12.229013 (16297) main____ INFO    Memory statistics:
2022-03-09 18:07:12.229032 (16297) main____ INFO      total physical memory  : 24509248 kB
2022-03-09 18:07:12.229050 (16297) main____ INFO      free physical memory   : 4747892 kB
2022-03-09 18:07:12.229068 (16297) main____ INFO      committed address space: 12943148 kB
2022-03-09 18:07:12.229086 (16297) main____ INFO    ----------------------------------------
2022-03-09 18:07:12.229158 (16297) main____ INFO    Important environment variables:
2022-03-09 18:07:12.229192 (16297) main____ INFO      DISPLAY        : 'localhost:19.0'
2022-03-09 18:07:12.229221 (16297) main____ INFO      EDITOR         : '/usr/bin/vim'
2022-03-09 18:07:12.229249 (16297) main____ INFO      LM_LICENSE_FILE: '5280@vlsicad8:26000@lscic:1717@lsncku:5280@lstn:26585@lsncku:26585@lscic'
2022-03-09 18:07:12.229270 (16297) main____ INFO    ----------------------------------------
2022-03-09 18:07:12.231243 (16297) lic_core INFO    Initializing license system ...
2022-03-09 18:07:12.232797 (16297) lic_core INFO    ... license system initialized.
2022-03-09 18:07:12.235285 (16297) lic__man INFO    Claim 'main' for <ui>.
2022-03-09 18:07:12.235385 (16297) lic_core INFO    (1) checking out 'jasper_interactive' ...
2022-03-09 18:07:12.284493 (16297) lic_core INFO    ... (1) checkout failed (error: -5) ("FLEXnet ERROR(-5, 0, 0): No such feature exists.")
2022-03-09 18:07:12.284543 (16297) lic_core INFO    (2) checking out 'jasper_pint' ...
2022-03-09 18:07:12.394639 (16297) lic_core INFO    ... (2) checkout succeeded
2022-03-09 18:07:12.394807 (16297) lic__man INFO    Claim 'superlint' for <ui>.
2022-03-09 18:07:12.394908 (16297) lic_core INFO    (3) checking out 'jasper_afl' ...
2022-03-09 18:07:12.438141 (16297) lic_core INFO    ... (3) checkout failed (error: -5) ("FLEXnet ERROR(-5, 0, 0): No such feature exists.")
2022-03-09 18:07:12.438209 (16297) lic_core INFO    (4) checking out 'jasper_dao' ...
2022-03-09 18:07:12.547936 (16297) lic_core INFO    ... (4) checkout succeeded
2022-03-09 18:07:13.859869 (16297) lic__man INFO    Claim 'superlint' for <ui>.
2022-03-09 18:07:14.251354 (16297) lic__man INFO    Unclaim 'superlint' for <ui>.
2022-03-09 18:07:14.251452 (16297) lic__man INFO    Claim 'superlint' for <ui>.
2022-03-09 18:07:14.263234 (16297) session_ INFO    Starting analysis session with session id 'session_0' ...
2022-03-09 18:07:14.265774 (16297) session_ INFO    Analysis session with session id 'session_0' started (pid: 16317)
2022-03-09 18:07:20.988269 (16297) session_ INFO    Analysis session 'session_0' connected to the console (host: 192.168.100.10:46684)
2022-03-09 18:07:22.213615 (16297) lic__man INFO    Unclaim everything for 'session_0'.
2022-03-09 18:07:22.556900 (16297) lic__man INFO    Unclaim everything for 'session_0'.
2022-03-09 18:07:22.657667 (16297) lic__man INFO    Claim 'superlint' for 'session_0'.
2022-03-09 18:07:59.924825 (16297) main____ INFO    About to exit: requested from GUI
2022-03-09 18:08:00.213590 (16297) main____ INFO    Exiting with status 0.
