#! /c/Source/iverilog-install/bin/vvp
:ivl_version "12.0 (devel)" "(s20150603-1110-g18392a46)";
:ivl_delay_selection "TYPICAL";
:vpi_time_precision - 11;
:vpi_module "C:\iverilog\lib\ivl\system.vpi";
:vpi_module "C:\iverilog\lib\ivl\vhdl_sys.vpi";
:vpi_module "C:\iverilog\lib\ivl\vhdl_textio.vpi";
:vpi_module "C:\iverilog\lib\ivl\v2005_math.vpi";
:vpi_module "C:\iverilog\lib\ivl\va_math.vpi";
S_0000022e58326520 .scope module, "regfile" "regfile" 2 17;
 .timescale -9 -11;
    .port_info 0 /INPUT 1 "clk";
    .port_info 1 /INPUT 1 "rst";
    .port_info 2 /INPUT 1 "reg_enable";
    .port_info 3 /INPUT 1 "reg_write";
    .port_info 4 /INPUT 6 "src1_addr";
    .port_info 5 /INPUT 6 "src2_addr";
    .port_info 6 /INPUT 6 "write_addr";
    .port_info 7 /INPUT 32 "write_data";
    .port_info 8 /OUTPUT 32 "src1";
    .port_info 9 /OUTPUT 32 "src2";
v0000022e58326760 .array "REG", 0 63, 31 0;
o0000022e5851afd8 .functor BUFZ 1, C4<z>; HiZ drive
v0000022e58326800_0 .net "clk", 0 0, o0000022e5851afd8;  0 drivers
v0000022e58513ab0_0 .var/i "i", 31 0;
o0000022e5851b038 .functor BUFZ 1, C4<z>; HiZ drive
v0000022e58513b50_0 .net "reg_enable", 0 0, o0000022e5851b038;  0 drivers
o0000022e5851b068 .functor BUFZ 1, C4<z>; HiZ drive
v0000022e58513bf0_0 .net "reg_write", 0 0, o0000022e5851b068;  0 drivers
o0000022e5851b098 .functor BUFZ 1, C4<z>; HiZ drive
v0000022e58513c90_0 .net "rst", 0 0, o0000022e5851b098;  0 drivers
v0000022e58513d30_0 .var "src1", 31 0;
o0000022e5851b0f8 .functor BUFZ 6, C4<zzzzzz>; HiZ drive
v0000022e58513dd0_0 .net "src1_addr", 5 0, o0000022e5851b0f8;  0 drivers
v0000022e58513e70_0 .var "src2", 31 0;
o0000022e5851b158 .functor BUFZ 6, C4<zzzzzz>; HiZ drive
v0000022e58513f10_0 .net "src2_addr", 5 0, o0000022e5851b158;  0 drivers
o0000022e5851b188 .functor BUFZ 6, C4<zzzzzz>; HiZ drive
v0000022e58513fb0_0 .net "write_addr", 5 0, o0000022e5851b188;  0 drivers
o0000022e5851b1b8 .functor BUFZ 32, C4<zzzzzzzzzzzzzzzzzzzzzzzzzzzzzzzz>; HiZ drive
v0000022e58514050_0 .net "write_data", 31 0, o0000022e5851b1b8;  0 drivers
E_0000022e58517460 .event posedge, v0000022e58513c90_0, v0000022e58326800_0;
    .scope S_0000022e58326520;
T_0 ;
    %wait E_0000022e58517460;
    %load/vec4 v0000022e58513c90_0;
    %cmpi/e 1, 0, 1;
    %jmp/0xz  T_0.0, 4;
    %pushi/vec4 0, 0, 32;
    %store/vec4 v0000022e58513ab0_0, 0, 32;
T_0.2 ;
    %load/vec4 v0000022e58513ab0_0;
    %cmpi/s 64, 0, 32;
    %jmp/0xz T_0.3, 5;
    %pushi/vec4 0, 0, 32;
    %ix/getv/s 3, v0000022e58513ab0_0;
    %ix/load 4, 0, 0; Constant delay
    %assign/vec4/a/d v0000022e58326760, 0, 4;
    %load/vec4 v0000022e58513ab0_0;
    %addi 1, 0, 32;
    %store/vec4 v0000022e58513ab0_0, 0, 32;
    %jmp T_0.2;
T_0.3 ;
    %pushi/vec4 0, 0, 32;
    %assign/vec4 v0000022e58513d30_0, 0;
    %pushi/vec4 0, 0, 32;
    %assign/vec4 v0000022e58513e70_0, 0;
    %jmp T_0.1;
T_0.0 ;
    %load/vec4 v0000022e58513b50_0;
    %cmpi/e 1, 0, 1;
    %jmp/0xz  T_0.4, 4;
    %load/vec4 v0000022e58513bf0_0;
    %flag_set/vec4 8;
    %jmp/0xz  T_0.6, 8;
    %load/vec4 v0000022e58514050_0;
    %load/vec4 v0000022e58513fb0_0;
    %pad/u 8;
    %ix/vec4 3;
    %ix/load 4, 0, 0; Constant delay
    %assign/vec4/a/d v0000022e58326760, 0, 4;
    %jmp T_0.7;
T_0.6 ;
    %load/vec4 v0000022e58513dd0_0;
    %pad/u 8;
    %ix/vec4 4;
    %load/vec4a v0000022e58326760, 4;
    %assign/vec4 v0000022e58513d30_0, 0;
    %load/vec4 v0000022e58513f10_0;
    %pad/u 8;
    %ix/vec4 4;
    %load/vec4a v0000022e58326760, 4;
    %assign/vec4 v0000022e58513e70_0, 0;
T_0.7 ;
    %jmp T_0.5;
T_0.4 ;
    %pushi/vec4 0, 0, 32;
    %assign/vec4 v0000022e58513d30_0, 0;
    %pushi/vec4 0, 0, 32;
    %assign/vec4 v0000022e58513e70_0, 0;
T_0.5 ;
T_0.1 ;
    %jmp T_0;
    .thread T_0;
# The file index is used to find the file name in the following table.
:file_names 3;
    "N/A";
    "<interactive>";
    ".\regfile.v";
