2022-03-09 13:35:27.460312 (19330) main____ INFO    ----------------------------------------
2022-03-09 13:35:27.460486 (19330) main____ INFO    JasperGold version info
2022-03-09 13:35:27.460513 (19330) main____ INFO      tool      : JasperGold 2018.03
2022-03-09 13:35:27.460537 (19330) main____ INFO      version   : 2018.03p001 64 bits
2022-03-09 13:35:27.460557 (19330) main____ INFO      build date: 2018.04.24 18:13:05 PDT
2022-03-09 13:35:27.460573 (19330) main____ INFO    ----------------------------------------
2022-03-09 13:35:27.460587 (19330) main____ INFO    Runtime info:
2022-03-09 13:35:27.460604 (19330) main____ INFO      platform  : Linux 3.10.0-957.21.3.el7.x86_64 x86_64
2022-03-09 13:35:27.460625 (19330) main____ INFO      hostname  : vlsicad9
2022-03-09 13:35:27.460641 (19330) main____ INFO      pid       : 19330
2022-03-09 13:35:27.460658 (19330) main____ INFO      arguments : '-style' 'windows' '-superlint' 'superlint.tcl'
2022-03-09 13:35:27.460673 (19330) main____ INFO    ----------------------------------------
2022-03-09 13:35:27.460696 (19330) main____ INFO    System resource limits info:
2022-03-09 13:35:27.460716 (19330) main____ INFO      virtual memory: unlimited
2022-03-09 13:35:27.460733 (19330) main____ INFO      cpu time      : unlimited
2022-03-09 13:35:27.460761 (19330) main____ INFO      stack size    : 8388608 B
2022-03-09 13:35:27.460789 (19330) main____ INFO      core file size: 0 B
2022-03-09 13:35:27.460812 (19330) main____ INFO      open files    : 1024
2022-03-09 13:35:27.460831 (19330) main____ INFO      file size     : unlimited
2022-03-09 13:35:27.460846 (19330) main____ INFO    ----------------------------------------
2022-03-09 13:35:27.460860 (19330) main____ INFO    Memory statistics:
2022-03-09 13:35:27.460875 (19330) main____ INFO      total physical memory  : 24509248 kB
2022-03-09 13:35:27.460889 (19330) main____ INFO      free physical memory   : 7485124 kB
2022-03-09 13:35:27.460903 (19330) main____ INFO      committed address space: 9246568 kB
2022-03-09 13:35:27.460917 (19330) main____ INFO    ----------------------------------------
2022-03-09 13:35:27.460973 (19330) main____ INFO    Important environment variables:
2022-03-09 13:35:27.461001 (19330) main____ INFO      DISPLAY        : 'localhost:11.0'
2022-03-09 13:35:27.461024 (19330) main____ INFO      EDITOR         : '/usr/bin/vim'
2022-03-09 13:35:27.461046 (19330) main____ INFO      LM_LICENSE_FILE: '5280@vlsicad8:26000@lscic:1717@lsncku:5280@lstn:26585@lsncku:26585@lscic'
2022-03-09 13:35:27.461063 (19330) main____ INFO    ----------------------------------------
2022-03-09 13:35:27.462545 (19330) lic_core INFO    Initializing license system ...
2022-03-09 13:35:27.464052 (19330) lic_core INFO    ... license system initialized.
2022-03-09 13:35:27.466481 (19330) lic__man INFO    Claim 'main' for <ui>.
2022-03-09 13:35:27.466575 (19330) lic_core INFO    (1) checking out 'jasper_interactive' ...
2022-03-09 13:35:27.508094 (19330) lic_core INFO    ... (1) checkout failed (error: -5) ("FLEXnet ERROR(-5, 0, 0): No such feature exists.")
2022-03-09 13:35:27.508147 (19330) lic_core INFO    (2) checking out 'jasper_pint' ...
2022-03-09 13:35:27.612789 (19330) lic_core INFO    ... (2) checkout succeeded
2022-03-09 13:35:27.612904 (19330) lic__man INFO    Claim 'superlint' for <ui>.
2022-03-09 13:35:27.612964 (19330) lic_core INFO    (3) checking out 'jasper_afl' ...
2022-03-09 13:35:27.656063 (19330) lic_core INFO    ... (3) checkout failed (error: -5) ("FLEXnet ERROR(-5, 0, 0): No such feature exists.")
2022-03-09 13:35:27.656132 (19330) lic_core INFO    (4) checking out 'jasper_dao' ...
2022-03-09 13:35:27.762655 (19330) lic_core INFO    ... (4) checkout succeeded
2022-03-09 13:35:29.167929 (19330) lic__man INFO    Claim 'superlint' for <ui>.
2022-03-09 13:35:29.543042 (19330) lic__man INFO    Unclaim 'superlint' for <ui>.
2022-03-09 13:35:29.543129 (19330) lic__man INFO    Claim 'superlint' for <ui>.
2022-03-09 13:35:29.554963 (19330) session_ INFO    Starting analysis session with session id 'session_0' ...
2022-03-09 13:35:29.556935 (19330) session_ INFO    Analysis session with session id 'session_0' started (pid: 19350)
2022-03-09 13:35:36.125365 (19330) session_ INFO    Analysis session 'session_0' connected to the console (host: 192.168.100.10:54538)
2022-03-09 13:35:37.248789 (19330) lic__man INFO    Unclaim everything for 'session_0'.
2022-03-09 13:35:37.476817 (19330) lic__man INFO    Unclaim everything for 'session_0'.
2022-03-09 13:35:37.568607 (19330) lic__man INFO    Claim 'superlint' for 'session_0'.
2022-03-09 13:37:29.720974 (19330) main____ INFO    About to exit: requested from GUI
2022-03-09 13:37:30.001320 (19330) main____ INFO    Exiting with status 0.
